Loading rhel8/default-icl
  Loading requirement: rhel8/slurm singularity/current rhel8/global cuda/11.4
    vgl/2.5.1/64 intel-oneapi-compilers/2022.1.0/gcc/b6zld2mz ucx/1.15.0
    intel-oneapi-mpi/2021.6.0/intel/guxuvcpm
Loading cube/4.8/gcc/23p4hfhj
  Loading requirement: cubelib/4.8/gcc/d6dn6fbz libmd/1.0.4/gcc/cb4tpaqj
    libbsd/0.11.5/gcc/xsr6mhaa expat/2.4.8/gcc/xuqakzcy
    libiconv/1.16/gcc/aa2kwjch libxml2/2.9.13/gcc/fww2yzpt
    ncurses/6.2/gcc/qke6jyyt gettext/0.21/gcc/lhdl4tbr libffi/3.4.2/gcc/alfpockh
    pcre/8.45/gcc/jgwcvolz readline/8.1/gcc/bgw44yb2 gdbm/1.23/gcc/dviudcmk
    sqlite/3.38.5/gcc/xdyquaax tcl/8.6.12/gcc/gf3ofu4d
    inputproto/2.3.2/gcc/bwj4rzah kbproto/1.0.7/gcc/go5c2zyv
    libpthread-stubs/0.4/gcc/zyf6irr6 xproto/7.0.31/gcc/f5csjg7w
    libxau/1.0.8/gcc/dfmabka4 libxdmcp/1.1.2/gcc/iilv5r4i
    xcb-proto/1.14.1/gcc/ppnp4lo4 libxcb/1.14/gcc/cmzk7sor
    xextproto/7.3.0/gcc/oowjkbwu xtrans/1.3.5/gcc/zrqo6ghr
    libx11/1.7.0/gcc/pe2khlxx font-util/1.3.2/gcc/d376rdkf
    libpng/1.6.37/gcc/trvruff6 freetype/2.11.1/gcc/u4bjufog
    util-linux-uuid/2.37.4/gcc/h7hztrtm fontconfig/2.13.1/gcc/ya6ibpmq
    renderproto/0.11.1/gcc/b2jkdp6e libxrender/0.9.10/gcc/n6yxi44d
    libxft/2.3.2/gcc/zay6bixf libxext/1.3.3/gcc/p7y37pfb
    scrnsaverproto/1.2.2/gcc/fzbihsla libxscrnsaver/1.2.2/gcc/t5hd2qnu
    tk/8.6.11/gcc/vdahj5in python/3.9.12/gcc/pdcqf4o5 glib/2.72.1/gcc/ossxhd4z
    libice/1.0.9/gcc/ryauhh2f libsm/1.2.3/gcc/gc4ariqd dbus/1.12.8/gcc/uvq5cpwf
    double-conversion/3.1.5/gcc/2k4uflia pixman/0.40.0/gcc/2wv7zavv
    cairo/1.16.0/gcc/rxuyervx gobject-introspection/1.72.0/gcc/t2ffpwoo
    icu4c/67.1/gcc/4ly45zrt harfbuzz/4.2.1/gcc/6e7bjt35
    libjpeg-turbo/2.1.3/gcc/3m6u5lxl libtiff/4.3.0/gcc/zu2vruxu
    lcms/2.13.1/gcc/fg5rmple libmng/2.0.3/gcc/saz7lols
    util-macros/1.19.3/gcc/fnxpyih4 xkbdata/1.0.1/gcc/acidvg5x
    libxkbcommon/1.4.0/gcc/g2nkfpxk pcre2/10.39/gcc/inuagvoq
    xcb-util/0.4.0/gcc/mb5ul24d xcb-util-image/0.4.0/gcc/xfnuwvvw
    xcb-util-keysyms/0.4.0/gcc/crcp222j xcb-util-renderutil/0.3.9/gcc/scn774ro
    xcb-util-wm/0.4.1/gcc/kpzboqng zstd/1.5.2/gcc/xfbmozmj
    qt/5.15.4/gcc/nscjhba7
Loading scorep/8.0/intel/intel-oneapi-mpi/wsx7txgw
  Loading requirement: libiconv/1.16/intel/6u2mmycs
    libxml2/2.9.13/intel/fgfwdljc ncurses/6.2/intel/dnilgm7v
    gettext/0.21/intel/oqzwvu37 binutils/2.40/intel/raz3tohr
    cubelib/4.8/intel/udyz623t cubew/4.8/intel/5chsnzws
    opari2/2.0.6/intel/aa6v73ny otf2/3.0/intel/6ymwom5i
    papi/6.0.0.1/intel/ugkg3uzf
Changed directory to /rds/user/ld751/hpc-work/single_block/single_block_clean/RNL_singlle_block_clean.

JobID: 19485475
======
Time: Wed Dec 17 10:34:04 GMT 2025
Running on master node: cpu-r-2
Current directory: /rds/user/ld751/hpc-work/single_block/single_block_clean/RNL_singlle_block_clean

Nodes allocated:
================
cpu-r-2

numtasks=40, numnodes=1, mpi_tasks_per_node=40 (OMP_NUM_THREADS=1)

Executing command:
==================
mpirun -ppn 40 -np 40 ./littleharsh 

MPI startup(): Warning: I_MPI_PMI_LIBRARY will be ignored since the hydra process manager was found
MPI startup(): Warning: I_MPI_PMI_LIBRARY will be ignored since the hydra process manager was found
MPI startup(): Warning: I_MPI_PMI_LIBRARY will be ignored since the hydra process manager was found
MPI startup(): Warning: I_MPI_PMI_LIBRARY will be ignored since the hydra process manager was found
MPI startup(): Warning: I_MPI_PMI_LIBRARY will be ignored since the hydra process manager was found
MPI startup(): Warning: I_MPI_PMI_LIBRARY will be ignored since the hydra process manager was found
MPI startup(): Warning: I_MPI_PMI_LIBRARY will be ignored since the hydra process manager was found
MPI startup(): Warning: I_MPI_PMI_LIBRARY will be ignored since the hydra process manager was found
MPI startup(): Warning: I_MPI_PMI_LIBRARY will be ignored since the hydra process manager was found
MPI startup(): Warning: I_MPI_PMI_LIBRARY will be ignored since the hydra process manager was found
MPI startup(): Warning: I_MPI_PMI_LIBRARY will be ignored since the hydra process manager was found
MPI startup(): Warning: I_MPI_PMI_LIBRARY will be ignored since the hydra process manager was found
MPI startup(): Warning: I_MPI_PMI_LIBRARY will be ignored since the hydra process manager was found
MPI startup(): Warning: I_MPI_PMI_LIBRARY will be ignored since the hydra process manager was found
MPI startup(): Warning: I_MPI_PMI_LIBRARY will be ignored since the hydra process manager was found
MPI startup(): Warning: I_MPI_PMI_LIBRARY will be ignored since the hydra process manager was found
MPI startup(): Warning: I_MPI_PMI_LIBRARY will be ignored since the hydra process manager was found
MPI startup(): Warning: I_MPI_PMI_LIBRARY will be ignored since the hydra process manager was found
MPI startup(): Warning: I_MPI_PMI_LIBRARY will be ignored since the hydra process manager was found
MPI startup(): Warning: I_MPI_PMI_LIBRARY will be ignored since the hydra process manager was found
MPI startup(): Warning: I_MPI_PMI_LIBRARY will be ignored since the hydra process manager was found
MPI startup(): Warning: I_MPI_PMI_LIBRARY will be ignored since the hydra process manager was found
MPI startup(): Warning: I_MPI_PMI_LIBRARY will be ignored since the hydra process manager was found
MPI startup(): Warning: I_MPI_PMI_LIBRARY will be ignored since the hydra process manager was found
MPI startup(): Warning: I_MPI_PMI_LIBRARY will be ignored since the hydra process manager was found
MPI startup(): Warning: I_MPI_PMI_LIBRARY will be ignored since the hydra process manager was found
MPI startup(): Warning: I_MPI_PMI_LIBRARY will be ignored since the hydra process manager was found
MPI startup(): Warning: I_MPI_PMI_LIBRARY will be ignored since the hydra process manager was found
MPI startup(): Warning: I_MPI_PMI_LIBRARY will be ignored since the hydra process manager was found
MPI startup(): Warning: I_MPI_PMI_LIBRARY will be ignored since the hydra process manager was found
MPI startup(): Warning: I_MPI_PMI_LIBRARY will be ignored since the hydra process manager was found
MPI startup(): Warning: I_MPI_PMI_LIBRARY will be ignored since the hydra process manager was found
MPI startup(): Warning: I_MPI_PMI_LIBRARY will be ignored since the hydra process manager was found
MPI startup(): Warning: I_MPI_PMI_LIBRARY will be ignored since the hydra process manager was found
MPI startup(): Warning: I_MPI_PMI_LIBRARY will be ignored since the hydra process manager was found
MPI startup(): Warning: I_MPI_PMI_LIBRARY will be ignored since the hydra process manager was found
MPI startup(): Warning: I_MPI_PMI_LIBRARY will be ignored since the hydra process manager was found
MPI startup(): Warning: I_MPI_PMI_LIBRARY will be ignored since the hydra process manager was found
MPI startup(): Warning: I_MPI_PMI_LIBRARY will be ignored since the hydra process manager was found
MPI startup(): Warning: I_MPI_PMI_LIBRARY will be ignored since the hydra process manager was found
 
 ---------------LITTLE HARSH---------------
          'That's a little harsh'          
                    meow                   
 ------------------------------------------
 
 reading parameters for numerical method
 reading surface geometry
 dthdyu(0) smooth   1204.29184034297     
 N:
           0          32          32          32          -2
           0          32          32          32           0
           0           0           0         151           0
           0           0           0         152           0
 Ngal:
           0          48          48          48          -2
           0          48          48          48           0
           0           0           0         151           0
           0           0           0         152           0
 Ny:
           0           0           0         151           0
           0           0           0         152           0
           1           0           0         151           0
 >>> entered proc_lims_columns, myid =           4
 >>> entered proc_lims_columns, myid =           8
 >>> entered proc_lims_columns, myid =          10
 >>> entered proc_lims_columns, myid =           0
 >>> entered proc_lims_columns, myid =          23
 >>> entered proc_lims_columns, myid =          26
 >>> entered proc_lims_columns, myid =          27
 >>> entered proc_lims_columns, myid =          28
 >>> entered proc_lims_columns, myid =          31
 >>> entered proc_lims_columns, myid =          21
 >>> entered proc_lims_columns, myid =          17
 >>> entered proc_lims_columns, myid =          15
 >>> entered proc_lims_columns, myid =           5
 >>> entered proc_lims_columns, myid =          33
 >>> entered proc_lims_columns, myid =          12
 >>> entered proc_lims_columns, myid =          32
 >>> entered proc_lims_columns, myid =          39
 >>> entered proc_lims_columns, myid =           1
 >>> entered proc_lims_columns, myid =           7
 >>> entered proc_lims_columns, myid =          22
 >>> entered proc_lims_columns, myid =           3
 >>> entered proc_lims_columns, myid =           9
 >>> entered proc_lims_columns, myid =          25
 >>> entered proc_lims_columns, myid =          16
 >>> entered proc_lims_columns, myid =          18
 >>> entered proc_lims_columns, myid =          11
 >>> entered proc_lims_columns, myid =          30
 >>> entered proc_lims_columns, myid =          24
 >>> entered proc_lims_columns, myid =          20
 >>> entered proc_lims_columns, myid =          34
 >>> entered proc_lims_columns, myid =          13
 >>> entered proc_lims_columns, myid =          14
 >>> entered proc_lims_columns, myid =          19
 >>> entered proc_lims_columns, myid =          35
 >>> entered proc_lims_columns, myid =          29
 >>> entered proc_lims_columns, myid =          36
 >>> entered proc_lims_columns, myid =          38
 >>> entered proc_lims_columns, myid =           6
 >>> entered proc_lims_columns, myid =          37
 >>> entered proc_lims_columns, myid =           2
 Getting Weights
 ./3e-9_nx32/                                                                   
                                          
 
 j=           1 weight                791627
 j=           2 weight                791627
 j=           3 weight                791627
 j=           4 weight                791627
 j=           5 weight                791627
 j=           6 weight                850635
 j=           7 weight                910205
 j=           8 weight                988146
 j=           9 weight               1038305
 j=          10 weight               1067373
 j=          11 weight               1086803
 j=          12 weight               1107604
 j=          13 weight               1123736
 j=          14 weight               1133696
 j=          15 weight               1140367
 j=          16 weight               1145130
 j=          17 weight               1151699
 j=          18 weight               1156692
 j=          19 weight               1160547
 j=          20 weight               1162757
 j=          21 weight               1164617
 j=          22 weight               1166591
 j=          23 weight               1168078
 j=          24 weight               1170258
 j=          25 weight               1172451
 j=          26 weight               1173612
 j=          27 weight               1173198
 j=          28 weight               1173112
 j=          29 weight               1173441
 j=          30 weight               1174191
 j=          31 weight               1175768
 j=          32 weight               1176950
 j=          33 weight               1178057
 j=          34 weight               1178680
 j=          35 weight               1177738
 j=          36 weight               1176451
 j=          37 weight               1176027
 j=          38 weight               1175311
 j=          39 weight               1174476
 j=          40 weight               1174237
 j=          41 weight               1174429
 j=          42 weight               1174179
 j=          43 weight               1174313
 j=          44 weight               1175433
 j=          45 weight               1175241
 j=          46 weight               1174036
 j=          47 weight               1172579
 j=          48 weight               1171595
 j=          49 weight               1170585
 j=          50 weight               1169539
 j=          51 weight               1168687
 j=          52 weight               1167585
 j=          53 weight               1166808
 j=          54 weight               1166075
 j=          55 weight               1165669
 j=          56 weight               1165151
 j=          57 weight               1166053
 j=          58 weight               1166423
 j=          59 weight               1165186
 j=          60 weight               1163811
 j=          61 weight               1162283
 j=          62 weight               1160778
 j=          63 weight               1159072
 j=          64 weight               1157124
 j=          65 weight               1155110
 j=          66 weight               1153162
 j=          67 weight               1150406
 j=          68 weight               1148732
 j=          69 weight               1146550
 j=          70 weight               1145078
 j=          71 weight               1144026
 j=          72 weight               1143564
 j=          73 weight               1143525
 j=          74 weight               1143765
 j=          75 weight               1143765
 j=          76 weight               1143765
 j=          77 weight               1143765
 j=          78 weight               1143765
 j=          79 weight               1143525
 j=          80 weight               1143564
 j=          81 weight               1144026
 j=          82 weight               1145078
 j=          83 weight               1146550
 j=          84 weight               1148732
 j=          85 weight               1150406
 j=          86 weight               1153162
 j=          87 weight               1155110
 j=          88 weight               1157124
 j=          89 weight               1159072
 j=          90 weight               1160778
 j=          91 weight               1162283
 j=          92 weight               1163811
 j=          93 weight               1165186
 j=          94 weight               1166423
 j=          95 weight               1166053
 j=          96 weight               1165151
 j=          97 weight               1165669
 j=          98 weight               1166075
 j=          99 weight               1166808
 j=         100 weight               1167585
 j=         101 weight               1168687
 j=         102 weight               1169539
 j=         103 weight               1170585
 j=         104 weight               1171595
 j=         105 weight               1172579
 j=         106 weight               1174036
 j=         107 weight               1175241
 j=         108 weight               1175433
 j=         109 weight               1174313
 j=         110 weight               1174179
 j=         111 weight               1174429
 j=         112 weight               1174237
 j=         113 weight               1174476
 j=         114 weight               1175311
 j=         115 weight               1176027
 j=         116 weight               1176451
 j=         117 weight               1177738
 j=         118 weight               1178680
 j=         119 weight               1178057
 j=         120 weight               1176950
 j=         121 weight               1175768
 j=         122 weight               1174191
 j=         123 weight               1173441
 j=         124 weight               1173112
 j=         125 weight               1173198
 j=         126 weight               1173612
 j=         127 weight               1172451
 j=         128 weight               1170258
 j=         129 weight               1168078
 j=         130 weight               1166591
 j=         131 weight               1164617
 j=         132 weight               1162757
 j=         133 weight               1160547
 j=         134 weight               1156692
 j=         135 weight               1151699
 j=         136 weight               1145130
 j=         137 weight               1140367
 j=         138 weight               1133696
 j=         139 weight               1123736
 j=         140 weight               1107604
 j=         141 weight               1086803
 j=         142 weight               1067373
 j=         143 weight               1038305
 j=         144 weight                988146
 j=         145 weight                910205
 j=         146 weight                850635
 j=         147 weight                791627
 j=         148 weight                791627
 j=         149 weight                791627
 j=         150 weight                791627
 j=         151 weight                791627
 check 4
 limPL_excw(ugrid,1,myid)          45 limPL_excw(ugrid,2,myid)          48
 limPL_excw(ugrid,1,myid)         101 limPL_excw(ugrid,2,myid)         104
 limPL_excw(ugrid,1,myid)         117 limPL_excw(ugrid,2,myid)         120
 limPL_excw(ugrid,1,myid)         125 limPL_excw(ugrid,2,myid)         128
 limPL_excw(ugrid,1,myid)         147 limPL_excw(ugrid,2,myid)         149
 limPL_excw(ugrid,1,myid)          21 limPL_excw(ugrid,2,myid)          24
 limPL_excw(ugrid,1,myid)         132 limPL_excw(ugrid,2,myid)         134
 limPL_excw(ugrid,1,myid)         135 limPL_excw(ugrid,2,myid)         137
 limPL_excw(ugrid,1,myid)           9 limPL_excw(ugrid,2,myid)          12
 limPL_excw(ugrid,1,myid)         144 limPL_excw(ugrid,2,myid)         146
 limPL_excw(ugrid,1,myid)           1 limPL_excw(ugrid,2,myid)           4
 iproc           0 nplanes           4 proc_load   4.00000000000000     
 iproc           1 nplanes           4 proc_load   4.00000000000000     
 iproc           2 nplanes           4 proc_load   4.00000000000000     
 iproc           3 nplanes           4 proc_load   4.00000000000000     
 iproc           4 nplanes           4 proc_load   4.00000000000000     
 iproc           5 nplanes           4 proc_load   4.00000000000000     
 iproc           6 nplanes           4 proc_load   4.00000000000000     
 iproc           7 nplanes           4 proc_load   4.00000000000000     
 iproc           8 nplanes           4 proc_load   4.00000000000000     
 iproc           9 nplanes           4 proc_load   4.00000000000000     
 iproc          10 nplanes           4 proc_load   4.00000000000000     
 iproc          11 nplanes           4 proc_load   4.00000000000000     
 iproc          12 nplanes           4 proc_load   4.00000000000000     
 iproc          13 nplanes           4 proc_load   4.00000000000000     
 iproc          14 nplanes           4 proc_load   4.00000000000000     
 iproc          15 nplanes           4 proc_load   4.00000000000000     
 iproc          16 nplanes           4 proc_load   4.00000000000000     
 iproc          17 nplanes           4 proc_load   4.00000000000000     
 iproc          18 nplanes           4 proc_load   4.00000000000000     
 iproc          19 nplanes           4 proc_load   4.00000000000000     
 iproc          20 nplanes           4 proc_load   4.00000000000000     
 iproc          21 nplanes           4 proc_load   4.00000000000000     
 iproc          22 nplanes           4 proc_load   4.00000000000000     
 iproc          23 nplanes           4 proc_load   4.00000000000000     
 iproc          24 nplanes           4 proc_load   4.00000000000000     
 iproc          25 nplanes           4 proc_load   4.00000000000000     
 iproc          26 nplanes           4 proc_load   4.00000000000000     
 iproc          27 nplanes           4 proc_load   4.00000000000000     
 iproc          28 nplanes           4 proc_load   4.00000000000000     
 iproc          29 nplanes           4 proc_load   4.00000000000000     
 iproc          30 nplanes           4 proc_load   4.00000000000000     
 iproc          31 nplanes           4 proc_load   4.00000000000000     
 iproc          32 nplanes           3 proc_load   3.00000000000000     
 iproc          33 nplanes           3 proc_load   3.00000000000000     
 iproc          34 nplanes           3 proc_load   3.00000000000000     
 iproc          35 nplanes           3 proc_load   3.00000000000000     
 iproc          36 nplanes           3 proc_load   3.00000000000000     
 iproc          37 nplanes           3 proc_load   3.00000000000000     
 iproc          38 nplanes           3 proc_load   3.00000000000000     
 iproc          39 nplanes           3 proc_load   3.00000000000000     
 limPL_excw(ugrid,1,myid)           5 limPL_excw(ugrid,2,myid)           8
 limPL_excw(ugrid,1,myid)          13 limPL_excw(ugrid,2,myid)          16
 limPL_excw(ugrid,1,myid)          17 limPL_excw(ugrid,2,myid)          20
 limPL_excw(ugrid,1,myid)          25 limPL_excw(ugrid,2,myid)          28
 limPL_excw(ugrid,1,myid)          29 limPL_excw(ugrid,2,myid)          32
 limPL_excw(ugrid,1,myid)          33 limPL_excw(ugrid,2,myid)          36
 limPL_excw(ugrid,1,myid)          37 limPL_excw(ugrid,2,myid)          40
 limPL_excw(ugrid,1,myid)          41 limPL_excw(ugrid,2,myid)          44
 limPL_excw(ugrid,1,myid)          49 limPL_excw(ugrid,2,myid)          52
 limPL_excw(ugrid,1,myid)          53 limPL_excw(ugrid,2,myid)          56
 limPL_excw(ugrid,1,myid)          57 limPL_excw(ugrid,2,myid)          60
 limPL_excw(ugrid,1,myid)          61 limPL_excw(ugrid,2,myid)          64
 limPL_excw(ugrid,1,myid)          65 limPL_excw(ugrid,2,myid)          68
 limPL_excw(ugrid,1,myid)          69 limPL_excw(ugrid,2,myid)          72
 limPL_excw(ugrid,1,myid)          73 limPL_excw(ugrid,2,myid)          76
 limPL_excw(ugrid,1,myid)          77 limPL_excw(ugrid,2,myid)          80
 limPL_excw(ugrid,1,myid)          81 limPL_excw(ugrid,2,myid)          84
 limPL_excw(ugrid,1,myid)          85 limPL_excw(ugrid,2,myid)          88
 limPL_excw(ugrid,1,myid)          89 limPL_excw(ugrid,2,myid)          92
 limPL_excw(ugrid,1,myid)          93 limPL_excw(ugrid,2,myid)          96
 limPL_excw(ugrid,1,myid)          97 limPL_excw(ugrid,2,myid)         100
 limPL_excw(ugrid,1,myid)         105 limPL_excw(ugrid,2,myid)         108
 limPL_excw(ugrid,1,myid)         109 limPL_excw(ugrid,2,myid)         112
 limPL_excw(ugrid,1,myid)         113 limPL_excw(ugrid,2,myid)         116
 limPL_excw(ugrid,1,myid)         121 limPL_excw(ugrid,2,myid)         124
 limPL_excw(ugrid,1,myid)         129 limPL_excw(ugrid,2,myid)         131
 limPL_excw(ugrid,1,myid)         138 limPL_excw(ugrid,2,myid)         140
 limPL_excw(ugrid,1,myid)         141 limPL_excw(ugrid,2,myid)         143
 limPL_excw(ugrid,1,myid)         150 limPL_excw(ugrid,2,myid)         152
 Reading in nonlinear interaction list
 ./3e-9_nx32/                                                                   
                                          
 
 rank           2 limPL_excw ugrid=           9          12
 jread           9
 rank          22 limPL_excw ugrid=          89          92
 rank          30 limPL_excw ugrid=         121         124
 rank          39 limPL_excw ugrid=         150         152
 rank           1 limPL_excw ugrid=           5           8
 jread           5
 rank           9 limPL_excw ugrid=          37          40
 jread          37
 rank          10 limPL_excw ugrid=          41          44
 rank          23 limPL_excw ugrid=          93          96
 rank          13 limPL_excw ugrid=          53          56
 jread          53
 rank          32 limPL_excw ugrid=         129         131
 rank           6 limPL_excw ugrid=          25          28
 rank           0 limPL_excw ugrid=           1           4
 rank          15 limPL_excw ugrid=          61          64
 jread           1
 rank          11 limPL_excw ugrid=          45          48
 jread          61
 jread          41
 jread          45
 rank          18 limPL_excw ugrid=          73          76
 jread          73
 rank          31 limPL_excw ugrid=         125         128
 jread          25
 rank          20 limPL_excw ugrid=          81          84
 rank          37 limPL_excw ugrid=         144         146
 rank          14 limPL_excw ugrid=          57          60
 rank           7 limPL_excw ugrid=          29          32
 jread          57
 rank           8 limPL_excw ugrid=          33          36
 rank          36 limPL_excw ugrid=         141         143
 jread          29
 rank          12 limPL_excw ugrid=          49          52
 jread          49
 jread          33
 rank          17 limPL_excw ugrid=          69          72
 rank          35 limPL_excw ugrid=         138         140
 rank          34 limPL_excw ugrid=         135         137
 jread          69
 rank          24 limPL_excw ugrid=          97         100
 rank          27 limPL_excw ugrid=         109         112
 rank           3 limPL_excw ugrid=          13          16
 jread          13
 rank          21 limPL_excw ugrid=          85          88
 rank          25 limPL_excw ugrid=         101         104
 rank          33 limPL_excw ugrid=         132         134
 rank          38 limPL_excw ugrid=         147         149
 rank           4 limPL_excw ugrid=          17          20
 rank           5 limPL_excw ugrid=          21          24
 jread          17
 rank          26 limPL_excw ugrid=         105         108
 rank          28 limPL_excw ugrid=         113         116
 jread          21
 rank          29 limPL_excw ugrid=         117         120
 rank          16 limPL_excw ugrid=          65          68
 jread          65
 rank          19 limPL_excw ugrid=          77          80
 jread          76
 jread           2
 jread           6
 jread          10
 jread          22
 jread          26
 jread          30
 jread          38
 jread          54
 jread          62
 jread          74
 jread          34
 jread          46
 jread           3
 jread          42
 jread          58
 jread          14
 jread          50
 jread          66
 jread          70
 jread           7
 jread          18
 jread           4
 jread           8
 jread          11
 jread          15
 jread          19
 jread          23
 jread          27
 jread          31
 jread          35
 jread          39
 jread          43
 jread          47
 jread          51
 jread          55
 jread          59
 jread          63
 jread          67
 jread          71
 jread          75
 jread          76
 jread          12
 jread          28
 jread          40
 jread          56
 jread          64
 jread          24
 jread          36
 jread          48
 jread          32
 jread          44
 jread          52
 jread          68
 jread          60
 jread          72
 jread          16
 jread          20
 =====> Finished Start
 =====> Calling getini 
 Launching...
 starting from multi-block, flat channel?
 start file: ./input/u1_0032x0032x0153_t00000.dat
  Calling read in
  Calling read in
  Calling read in
  Calling read in
  Calling read in
  Calling read in
  Calling read in
  Calling read in
  Calling read in
  Calling read in
  Calling read in
  Calling read in
  Calling read in
  Calling read in
  Calling read in
  Calling read in
  Calling read in
  Calling read in
  Calling read in
  Calling read in
  Calling read in
  Calling read in
  Calling read in
  Calling read in
  Calling read in
  Calling read in
  Calling read in
  Calling read in
  Calling read in
 Re_old,Re   3250.00000000000        3250.00000000000     
 N2
           0          32          32          32          -2
           0          32          32          32           0
           0          29         122         151           0
           0          30         122         152           0
  Calling read in
  Calling read in
  Calling read in
  Calling read in
  Calling read in
  Calling read in
  Calling read in
  Calling read in
  Calling read in
  Calling read in
  Calling read in
 getting
 u1 from file ./input//u1_0032x0032x0153_t00000.dat,
 u2 from file ./input//u2_0032x0032x0153_t00000.dat,
 u3 from file ./input//u3_0032x0032x0153_t00000.dat,
 and p from file ./input//p_0032x0032x0153_t00000.dat,
 
 call divergence            0
 call init stats           0
 finished init_stats           0
 call init_sl stats           0
 Lx       6.28318530717959     
 Ly       2.00000000000000     
 Lz       3.14159265358979     
 Nx              32          32          32
 Nz              32          32          32
 Nyv              0           0           0         151
 Nyu              0           0           0         152
 Ngalx           48          48          48
 Ngalz           48          48          48
 Ngaly            0           0         151
 Ngalyu           0           0         152
 
 dymin   1.225435224106675E-003
 dymax   1.614068685092982E-002
 
 Re    3250.00000000000     
 t    0.000000000000000E+000
 finished getini           0
 
 Initialised
 call divergence            1
 call init stats           1
 finished init_stats           1
 call init_sl stats           1
 finished getini           1
 call divergence            2
 call init stats           2
 finished init_stats           2
 call init_sl stats           2
 finished getini           2
 call divergence            3
 call init stats           3
 finished init_stats           3
 call init_sl stats           3
 finished getini           3
 call divergence            4
 call init stats           4
 finished init_stats           4
 call init_sl stats           4
 finished getini           4
 call divergence            5
 call init stats           5
 finished init_stats           5
 call init_sl stats           5
 finished getini           5
 call divergence            6
 call init stats           6
 finished init_stats           6
 call init_sl stats           6
 finished getini           6
 call divergence            7
 call init stats           7
 finished init_stats           7
 call init_sl stats           7
 finished getini           7
 call divergence            8
 call init stats           8
 finished init_stats           8
 call init_sl stats           8
 finished getini           8
 call divergence            9
 call init stats           9
 finished init_stats           9
 call init_sl stats           9
 finished getini           9
 call divergence           10
 call init stats          10
 finished init_stats          10
 call init_sl stats          10
 finished getini          10
 call divergence           11
 call init stats          11
 finished init_stats          11
 call init_sl stats          11
 finished getini          11
 call divergence           12
 call init stats          12
 finished init_stats          12
 call init_sl stats          12
 finished getini          12
 call divergence           13
 call init stats          13
 finished init_stats          13
 call init_sl stats          13
 finished getini          13
 call divergence           14
 call init stats          14
 finished init_stats          14
 call init_sl stats          14
 finished getini          14
 call divergence           15
 call init stats          15
 finished init_stats          15
 call init_sl stats          15
 finished getini          15
 call divergence           16
 call init stats          16
 finished init_stats          16
 call init_sl stats          16
 finished getini          16
 call divergence           17
 call init stats          17
 finished init_stats          17
 call init_sl stats          17
 finished getini          17
 call divergence           18
 call init stats          18
 finished init_stats          18
 call init_sl stats          18
 finished getini          18
 call divergence           19
 call init stats          19
 finished init_stats          19
 call init_sl stats          19
 finished getini          19
 call divergence           20
 call init stats          20
 finished init_stats          20
 call init_sl stats          20
 finished getini          20
 call divergence           21
 call init stats          21
 finished init_stats          21
 call init_sl stats          21
 finished getini          21
 call divergence           22
 call init stats          22
 finished init_stats          22
 call init_sl stats          22
 finished getini          22
 call divergence           23
 call init stats          23
 finished init_stats          23
 call init_sl stats          23
 finished getini          23
 call divergence           24
 call init stats          24
 finished init_stats          24
 call init_sl stats          24
 finished getini          24
 call divergence           25
 call init stats          25
 finished init_stats          25
 call init_sl stats          25
 finished getini          25
 call divergence           26
 call init stats          26
 finished init_stats          26
 call init_sl stats          26
 finished getini          26
 call divergence           27
 call init stats          27
 finished init_stats          27
 call init_sl stats          27
 finished getini          27
 call divergence           28
 call init stats          28
 finished init_stats          28
 call init_sl stats          28
 finished getini          28
 call divergence           29
 call init stats          29
 finished init_stats          29
 call init_sl stats          29
 finished getini          29
 call divergence           30
 call init stats          30
 finished init_stats          30
 call init_sl stats          30
 finished getini          30
 call divergence           31
 call init stats          31
 finished init_stats          31
 call init_sl stats          31
 finished getini          31
 call divergence           32
 call init stats          32
 finished init_stats          32
 call init_sl stats          32
 finished getini          32
 call divergence           33
 call init stats          33
 finished init_stats          33
 call init_sl stats          33
 finished getini          33
 call divergence           34
 call init stats          34
 finished init_stats          34
 call init_sl stats          34
 finished getini          34
 call divergence           35
 call init stats          35
 finished init_stats          35
 call init_sl stats          35
 finished getini          35
 call divergence           36
 call init stats          36
 finished init_stats          36
 call init_sl stats          36
 finished getini          36
 call divergence           37
 call init stats          37
 finished init_stats          37
 call init_sl stats          37
 finished getini          37
 call divergence           38
 call init stats          38
 finished init_stats          38
 call init_sl stats          38
 finished getini          38
 call divergence           39
 call init stats          39
 finished init_stats          39
 call init_sl stats          39
 finished getini          39
 finished RHS =====> Building Nonlinear
 =====> Interpolating
 =====> Modes to planes
 =====> Spectra
 =====> Record Out
 vv_cPL  8.828253460699624E-005 -1.562207537364586E-007         150
  Finished 0th mode nonlin =====> Linear advection           2
 vv_cPL  9.009398605627482E-003  4.424481420075646E-005          10
 =====> nonlinear interaction into 0th mode - U           2
 =====> Finished Nonlin Inter U           2
 
 iter           0
 t     0.000000000000000E+000
 dtv   2.115146864863802E-003
 dtc   0.000000000000000E+000
 dt    0.000000000000000E+000
 err   0.936654280409236     
 Qx     1.65397309785735     
 mpgx -3.067500000000000E-003
 Umax  0.983870648974122     
 Uslp -2.168325426971271E-015
 =====> Ops in Planes
 =====> Finished Nonlin Inter v           2
 =====> Finished Derivatives           2
 =====> Finished Ops in planes           2
 =====> nonlinear interaction into 0th mode - V           0
 =====> Planes to modes
 =====> Derivatives
 =====> CFL and Stats
 cfl u1  0.142125038976377                0
 cfl u1  6.635967602733898E-002           1
 cfl u1  5.996545134544882E-002           2
 cfl u1  4.989839335013231E-002           3
 cfl u1  5.519710242948571E-002           4
 cfl u1  4.605367535252782E-002           5
 cfl u1  5.191773400776734E-002           6
 cfl u1  4.580257029478801E-002           7
 cfl u1  5.563445900119905E-002           8
 cfl u1  5.694468161438021E-002           9
 cfl u1  5.876475878380004E-002          10
 cfl u1  6.076510920946852E-002          11
 cfl u1  6.032397961840977E-002          12
 cfl u1  6.098459418585343E-002          13
 cfl u1  6.069929594865289E-002          14
 cfl u1  6.052515736183663E-002          15
 cfl u1  5.929924105664912E-002          16
 cfl u1  5.867827941225424E-002          17
 cfl u1  5.874031788582161E-002          18
 cfl u1  5.744265883478922E-002          19
 cfl u1  5.731912408265648E-002          20
 cfl u1  5.741775491227260E-002          21
 cfl u1  5.764371494966258E-002          22
 cfl u1  5.833455663298780E-002          23
 cfl u1  5.902895033536976E-002          24
 cfl u1  5.934845504944967E-002          25
 cfl u1  5.960861129816488E-002          26
 cfl u1  5.974727750156716E-002          27
 cfl u1  5.708618508816983E-002          28
 cfl u1  5.810616632646150E-002          29
 cfl u1  5.477964095691378E-002          30
 cfl u1  5.439036378422894E-002          31
 cfl u1  5.430673235062576E-002          32
 cfl u1  5.757841526069386E-002          33
 cfl u1  5.865454243743849E-002          34
 cfl u1  5.712101030189492E-002          35
 cfl u1  5.847304529624712E-002          36
 cfl u1  5.604340300006790E-002          37
 cfl u1  6.763549786362361E-002          38
 cfl u1  0.137861675500746               39
 Finished Nonlinear =====> Solving
 solving u
 solving w
 solving v
 Finished Solving Velocities =====> Solving Pressure 
 finished RHS =====> Building Nonlinear
 =====> Interpolating
 =====> Modes to planes
 =====> Spectra
 =====> Record Out
 =====> Ops in Planes
 vv_cPL  4.901162829538097E-005 -1.672859068276497E-007         150
  Finished 0th mode nonlin =====> Linear advection           2
 vv_cPL  3.727361504198019E-003  3.332309979564611E-006          10
 =====> nonlinear interaction into 0th mode - U           2
 =====> Finished Nonlin Inter U           2
 =====> nonlinear interaction into 0th mode - V           0
 =====> Planes to modes
 =====> Finished Nonlin Inter v           2
 =====> Finished Derivatives           2
 =====> Finished Ops in planes           2
 =====> Derivatives
 =====> CFL and Stats
 Finished Nonlinear =====> Solving
 solving u
 solving w
 solving v
 Finished Solving Velocities =====> Solving Pressure 
 finished RHS =====> Building Nonlinear
 =====> Interpolating
 =====> Modes to planes
 =====> Spectra
 =====> Record Out
 =====> Ops in Planes
 vv_cPL  4.483791388061522E-005 -1.509428035208604E-007         150
  Finished 0th mode nonlin =====> Linear advection           2
 vv_cPL  3.721151190952815E-003  3.316747257289649E-006          10
 =====> nonlinear interaction into 0th mode - U           2
 =====> Finished Nonlin Inter U           2
 =====> nonlinear interaction into 0th mode - V           0
 =====> Planes to modes
 =====> Finished Nonlin Inter v           2
 =====> Finished Derivatives           2
 =====> Finished Ops in planes           2
 =====> Derivatives
 =====> CFL and Stats
 Finished Nonlinear =====> Solving
 solving u
 solving w
 solving v
 Finished Solving Velocities =====> Solving Pressure 
 finished RHS =====> Building Nonlinear
 =====> Interpolating
 =====> Modes to planes
 =====> Spectra
 =====> Record Out
 =====> Ops in Planes
 vv_cPL  3.846048505336742E-005 -1.231631269358761E-007         150
  Finished 0th mode nonlin =====> Linear advection           2
 vv_cPL  3.704944491975842E-003  3.153707174868777E-006          10
 =====> nonlinear interaction into 0th mode - U           2
 =====> Finished Nonlin Inter U           2
 =====> nonlinear interaction into 0th mode - V           0
 =====> Planes to modes
 =====> Finished Nonlin Inter v           2
 =====> Finished Derivatives           2
 =====> Finished Ops in planes           2
 =====> Derivatives
 =====> CFL and Stats
 cfl u1  0.129436977118872                0
 cfl u1  7.000878771572354E-002           1
 cfl u1  5.816668517750653E-002           2
 cfl u1  5.061955689590111E-002           3
 cfl u1  5.248994631290559E-002           4
 cfl u1  4.857406732601880E-002           5
 cfl u1  5.305311775482095E-002           6
 cfl u1  4.392386371502470E-002           7
 cfl u1  5.479535977451575E-002           8
 cfl u1  5.724648984388842E-002           9
 cfl u1  5.913471399392560E-002          10
 cfl u1  6.073656270401212E-002          11
 cfl u1  6.034813348425257E-002          12
 cfl u1  6.103461791456426E-002          13
 cfl u1  6.067750968401576E-002          14
 cfl u1  6.051301340580702E-002          15
 cfl u1  0.112690034334752               39
 cfl u1  5.926917545882854E-002          16
 cfl u1  5.868091944247535E-002          17
 cfl u1  5.875712229529176E-002          18
 cfl u1  5.744946561144198E-002          19
 cfl u1  5.731325977235038E-002          20
 cfl u1  5.743874039933392E-002          21
 cfl u1  5.761628023193294E-002          22
 cfl u1  5.835149983396108E-002          23
 cfl u1  5.901254290547637E-002          24
 cfl u1  5.920171507664711E-002          25
 cfl u1  5.948454604165104E-002          26
 cfl u1  5.955822832534138E-002          27
 cfl u1  5.699760489512146E-002          28
 cfl u1  5.851433049252443E-002          29
 cfl u1  5.608443392018862E-002          30
 cfl u1  5.322219038818334E-002          31
 cfl u1  5.470492617082075E-002          32
 cfl u1  5.865726923121221E-002          33
 cfl u1  5.939948570282332E-002          34
 cfl u1  6.049666843038392E-002          35
 cfl u1  6.155677787106959E-002          36
 cfl u1  5.497439141828413E-002          37
 cfl u1  6.430405974877035E-002          38
 Finished Nonlinear =====> Solving
 solving u
 solving w
 solving v
 Finished Solving Velocities =====> Solving Pressure 
 finished RHS =====> Building Nonlinear
 =====> Interpolating
 =====> Modes to planes
 =====> Spectra
 =====> Record Out
 =====> Ops in Planes
 vv_cPL  3.251868492274536E-005 -9.695863098707958E-008         150
  Finished 0th mode nonlin =====> Linear advection           2
 vv_cPL  3.684159717192312E-003  2.981606908316932E-006          10
 =====> nonlinear interaction into 0th mode - U           2
 =====> Finished Nonlin Inter U           2
 =====> nonlinear interaction into 0th mode - V           0
 =====> Planes to modes
 =====> Finished Nonlin Inter v           2
 =====> Finished Derivatives           2
 =====> Finished Ops in planes           2
 =====> Derivatives
 =====> CFL and Stats
 Finished Nonlinear =====> Solving
 solving u
 solving w
 solving v
 Finished Solving Velocities =====> Solving Pressure 
 finished RHS =====> Building Nonlinear
 =====> Interpolating
 =====> Modes to planes
 =====> Spectra
 =====> Record Out
 =====> Ops in Planes
 vv_cPL  3.150314021149132E-005 -9.256670611207419E-008         150
  Finished 0th mode nonlin =====> Linear advection           2
 vv_cPL  3.678778593616325E-003  2.950028379031744E-006          10
 =====> nonlinear interaction into 0th mode - U           2
 =====> Finished Nonlin Inter U           2
 =====> nonlinear interaction into 0th mode - V           0
 =====> Planes to modes
 =====> Finished Nonlin Inter v           2
 =====> Finished Derivatives           2
 =====> Finished Ops in planes           2
 =====> Derivatives
 =====> CFL and Stats
 Finished Nonlinear =====> Solving
 solving u
 solving w
 solving v
 Finished Solving Velocities =====> Solving Pressure 
 
 iter           2
 t     1.057573432431901E-002
 dtv   2.115146864863802E-003
 dtc   3.457184822340722E-002
 dt    5.287867162159505E-003
 err   1.249000902703301E-016
 Qx     1.65390237297986     
 mpgx -3.067500000000000E-003
 Umax  0.983881406749387     
 Uslp -2.156574858830209E-015
 process           1 over
 process           2 over
 process           3 over
 process           4 over
 process           5 over
 process           6 over
 process           7 over
 process           8 over
 process           9 over
 process          10 over
 process          11 over
 process          12 over
 process          13 over
 process          14 over
 process          15 over
 process          16 over
 process          17 over
 process          18 over
 process          19 over
 process          20 over
 process          21 over
 process          22 over
 process          23 over
 process          24 over
 process          25 over
 process          26 over
 process          27 over
 process          28 over
 process          29 over
 process          30 over
 process          31 over
 process          32 over
 process          33 over
 process          34 over
 process          35 over
 process          36 over
 process          37 over
 process          38 over
 process          39 over
 process           0 over
 
 ---------------LITTLE HARSH---------------
          'That wasn't that harsh'         
 ------------------------------------------
 
