Loading rhel8/default-icl
  Loading requirement: rhel8/slurm singularity/current rhel8/global cuda/11.4
    vgl/2.5.1/64 intel-oneapi-compilers/2022.1.0/gcc/b6zld2mz ucx/1.15.0
    intel-oneapi-mpi/2021.6.0/intel/guxuvcpm
Loading cube/4.8/gcc/23p4hfhj
  Loading requirement: cubelib/4.8/gcc/d6dn6fbz libmd/1.0.4/gcc/cb4tpaqj
    libbsd/0.11.5/gcc/xsr6mhaa expat/2.4.8/gcc/xuqakzcy
    libiconv/1.16/gcc/aa2kwjch libxml2/2.9.13/gcc/fww2yzpt
    ncurses/6.2/gcc/qke6jyyt gettext/0.21/gcc/lhdl4tbr libffi/3.4.2/gcc/alfpockh
    pcre/8.45/gcc/jgwcvolz readline/8.1/gcc/bgw44yb2 gdbm/1.23/gcc/dviudcmk
    sqlite/3.38.5/gcc/xdyquaax tcl/8.6.12/gcc/gf3ofu4d
    inputproto/2.3.2/gcc/bwj4rzah kbproto/1.0.7/gcc/go5c2zyv
    libpthread-stubs/0.4/gcc/zyf6irr6 xproto/7.0.31/gcc/f5csjg7w
    libxau/1.0.8/gcc/dfmabka4 libxdmcp/1.1.2/gcc/iilv5r4i
    xcb-proto/1.14.1/gcc/ppnp4lo4 libxcb/1.14/gcc/cmzk7sor
    xextproto/7.3.0/gcc/oowjkbwu xtrans/1.3.5/gcc/zrqo6ghr
    libx11/1.7.0/gcc/pe2khlxx font-util/1.3.2/gcc/d376rdkf
    libpng/1.6.37/gcc/trvruff6 freetype/2.11.1/gcc/u4bjufog
    util-linux-uuid/2.37.4/gcc/h7hztrtm fontconfig/2.13.1/gcc/ya6ibpmq
    renderproto/0.11.1/gcc/b2jkdp6e libxrender/0.9.10/gcc/n6yxi44d
    libxft/2.3.2/gcc/zay6bixf libxext/1.3.3/gcc/p7y37pfb
    scrnsaverproto/1.2.2/gcc/fzbihsla libxscrnsaver/1.2.2/gcc/t5hd2qnu
    tk/8.6.11/gcc/vdahj5in python/3.9.12/gcc/pdcqf4o5 glib/2.72.1/gcc/ossxhd4z
    libice/1.0.9/gcc/ryauhh2f libsm/1.2.3/gcc/gc4ariqd dbus/1.12.8/gcc/uvq5cpwf
    double-conversion/3.1.5/gcc/2k4uflia pixman/0.40.0/gcc/2wv7zavv
    cairo/1.16.0/gcc/rxuyervx gobject-introspection/1.72.0/gcc/t2ffpwoo
    icu4c/67.1/gcc/4ly45zrt harfbuzz/4.2.1/gcc/6e7bjt35
    libjpeg-turbo/2.1.3/gcc/3m6u5lxl libtiff/4.3.0/gcc/zu2vruxu
    lcms/2.13.1/gcc/fg5rmple libmng/2.0.3/gcc/saz7lols
    util-macros/1.19.3/gcc/fnxpyih4 xkbdata/1.0.1/gcc/acidvg5x
    libxkbcommon/1.4.0/gcc/g2nkfpxk pcre2/10.39/gcc/inuagvoq
    xcb-util/0.4.0/gcc/mb5ul24d xcb-util-image/0.4.0/gcc/xfnuwvvw
    xcb-util-keysyms/0.4.0/gcc/crcp222j xcb-util-renderutil/0.3.9/gcc/scn774ro
    xcb-util-wm/0.4.1/gcc/kpzboqng zstd/1.5.2/gcc/xfbmozmj
    qt/5.15.4/gcc/nscjhba7
Loading scorep/8.0/intel/intel-oneapi-mpi/wsx7txgw
  Loading requirement: libiconv/1.16/intel/6u2mmycs
    libxml2/2.9.13/intel/fgfwdljc ncurses/6.2/intel/dnilgm7v
    gettext/0.21/intel/oqzwvu37 binutils/2.40/intel/raz3tohr
    cubelib/4.8/intel/udyz623t cubew/4.8/intel/5chsnzws
    opari2/2.0.6/intel/aa6v73ny otf2/3.0/intel/6ymwom5i
    papi/6.0.0.1/intel/ugkg3uzf
/var/spool/slurm/slurmd/job19348742/slurm_script: line 96: mpirun -ppn 40 -np 40 ./littleharsh : No such file or directory
Changed directory to /rds/user/ld751/hpc-work/single_block/single_block_clean/RNL_singlle_block_clean.

JobID: 19348742
======
Time: Mon Dec 15 13:00:29 GMT 2025
Running on master node: cpu-r-65
Current directory: /rds/user/ld751/hpc-work/single_block/single_block_clean/RNL_singlle_block_clean

Nodes allocated:
================
cpu-r-65

numtasks=40, numnodes=1, mpi_tasks_per_node=40 (OMP_NUM_THREADS=1)

Executing command:
==================


