Loading rhel8/default-icl
  Loading requirement: rhel8/slurm singularity/current rhel8/global cuda/11.4
    vgl/2.5.1/64 intel-oneapi-compilers/2022.1.0/gcc/b6zld2mz ucx/1.15.0
    intel-oneapi-mpi/2021.6.0/intel/guxuvcpm
Loading cube/4.8/gcc/23p4hfhj
  Loading requirement: cubelib/4.8/gcc/d6dn6fbz libmd/1.0.4/gcc/cb4tpaqj
    libbsd/0.11.5/gcc/xsr6mhaa expat/2.4.8/gcc/xuqakzcy
    libiconv/1.16/gcc/aa2kwjch libxml2/2.9.13/gcc/fww2yzpt
    ncurses/6.2/gcc/qke6jyyt gettext/0.21/gcc/lhdl4tbr libffi/3.4.2/gcc/alfpockh
    pcre/8.45/gcc/jgwcvolz readline/8.1/gcc/bgw44yb2 gdbm/1.23/gcc/dviudcmk
    sqlite/3.38.5/gcc/xdyquaax tcl/8.6.12/gcc/gf3ofu4d
    inputproto/2.3.2/gcc/bwj4rzah kbproto/1.0.7/gcc/go5c2zyv
    libpthread-stubs/0.4/gcc/zyf6irr6 xproto/7.0.31/gcc/f5csjg7w
    libxau/1.0.8/gcc/dfmabka4 libxdmcp/1.1.2/gcc/iilv5r4i
    xcb-proto/1.14.1/gcc/ppnp4lo4 libxcb/1.14/gcc/cmzk7sor
    xextproto/7.3.0/gcc/oowjkbwu xtrans/1.3.5/gcc/zrqo6ghr
    libx11/1.7.0/gcc/pe2khlxx font-util/1.3.2/gcc/d376rdkf
    libpng/1.6.37/gcc/trvruff6 freetype/2.11.1/gcc/u4bjufog
    util-linux-uuid/2.37.4/gcc/h7hztrtm fontconfig/2.13.1/gcc/ya6ibpmq
    renderproto/0.11.1/gcc/b2jkdp6e libxrender/0.9.10/gcc/n6yxi44d
    libxft/2.3.2/gcc/zay6bixf libxext/1.3.3/gcc/p7y37pfb
    scrnsaverproto/1.2.2/gcc/fzbihsla libxscrnsaver/1.2.2/gcc/t5hd2qnu
    tk/8.6.11/gcc/vdahj5in python/3.9.12/gcc/pdcqf4o5 glib/2.72.1/gcc/ossxhd4z
    libice/1.0.9/gcc/ryauhh2f libsm/1.2.3/gcc/gc4ariqd dbus/1.12.8/gcc/uvq5cpwf
    double-conversion/3.1.5/gcc/2k4uflia pixman/0.40.0/gcc/2wv7zavv
    cairo/1.16.0/gcc/rxuyervx gobject-introspection/1.72.0/gcc/t2ffpwoo
    icu4c/67.1/gcc/4ly45zrt harfbuzz/4.2.1/gcc/6e7bjt35
    libjpeg-turbo/2.1.3/gcc/3m6u5lxl libtiff/4.3.0/gcc/zu2vruxu
    lcms/2.13.1/gcc/fg5rmple libmng/2.0.3/gcc/saz7lols
    util-macros/1.19.3/gcc/fnxpyih4 xkbdata/1.0.1/gcc/acidvg5x
    libxkbcommon/1.4.0/gcc/g2nkfpxk pcre2/10.39/gcc/inuagvoq
    xcb-util/0.4.0/gcc/mb5ul24d xcb-util-image/0.4.0/gcc/xfnuwvvw
    xcb-util-keysyms/0.4.0/gcc/crcp222j xcb-util-renderutil/0.3.9/gcc/scn774ro
    xcb-util-wm/0.4.1/gcc/kpzboqng zstd/1.5.2/gcc/xfbmozmj
    qt/5.15.4/gcc/nscjhba7
Loading scorep/8.0/intel/intel-oneapi-mpi/wsx7txgw
  Loading requirement: libiconv/1.16/intel/6u2mmycs
    libxml2/2.9.13/intel/fgfwdljc ncurses/6.2/intel/dnilgm7v
    gettext/0.21/intel/oqzwvu37 binutils/2.40/intel/raz3tohr
    cubelib/4.8/intel/udyz623t cubew/4.8/intel/5chsnzws
    opari2/2.0.6/intel/aa6v73ny otf2/3.0/intel/6ymwom5i
    papi/6.0.0.1/intel/ugkg3uzf
Changed directory to /rds/user/ld751/hpc-work/single_block/single_block_clean/RNL_single_block_clean_new_plane.

JobID: 21034634
======
Time: Fri Jan 23 11:42:22 GMT 2026
Running on master node: cpu-r-24
Current directory: /rds/user/ld751/hpc-work/single_block/single_block_clean/RNL_single_block_clean_new_plane

Nodes allocated:
================
cpu-r-24

numtasks=40, numnodes=1, mpi_tasks_per_node=40 (OMP_NUM_THREADS=1)

Executing command:
==================
mpirun -ppn 40 -np 40 ./littleharsh 

MPI startup(): Warning: I_MPI_PMI_LIBRARY will be ignored since the hydra process manager was found
MPI startup(): Warning: I_MPI_PMI_LIBRARY will be ignored since the hydra process manager was found
MPI startup(): Warning: I_MPI_PMI_LIBRARY will be ignored since the hydra process manager was found
MPI startup(): Warning: I_MPI_PMI_LIBRARY will be ignored since the hydra process manager was found
MPI startup(): Warning: I_MPI_PMI_LIBRARY will be ignored since the hydra process manager was found
MPI startup(): Warning: I_MPI_PMI_LIBRARY will be ignored since the hydra process manager was found
MPI startup(): Warning: I_MPI_PMI_LIBRARY will be ignored since the hydra process manager was found
MPI startup(): Warning: I_MPI_PMI_LIBRARY will be ignored since the hydra process manager was found
MPI startup(): Warning: I_MPI_PMI_LIBRARY will be ignored since the hydra process manager was found
MPI startup(): Warning: I_MPI_PMI_LIBRARY will be ignored since the hydra process manager was found
MPI startup(): Warning: I_MPI_PMI_LIBRARY will be ignored since the hydra process manager was found
MPI startup(): Warning: I_MPI_PMI_LIBRARY will be ignored since the hydra process manager was found
MPI startup(): Warning: I_MPI_PMI_LIBRARY will be ignored since the hydra process manager was found
MPI startup(): Warning: I_MPI_PMI_LIBRARY will be ignored since the hydra process manager was found
MPI startup(): Warning: I_MPI_PMI_LIBRARY will be ignored since the hydra process manager was found
MPI startup(): Warning: I_MPI_PMI_LIBRARY will be ignored since the hydra process manager was found
MPI startup(): Warning: I_MPI_PMI_LIBRARY will be ignored since the hydra process manager was found
MPI startup(): Warning: I_MPI_PMI_LIBRARY will be ignored since the hydra process manager was found
MPI startup(): Warning: I_MPI_PMI_LIBRARY will be ignored since the hydra process manager was found
MPI startup(): Warning: I_MPI_PMI_LIBRARY will be ignored since the hydra process manager was found
MPI startup(): Warning: I_MPI_PMI_LIBRARY will be ignored since the hydra process manager was found
MPI startup(): Warning: I_MPI_PMI_LIBRARY will be ignored since the hydra process manager was found
MPI startup(): Warning: I_MPI_PMI_LIBRARY will be ignored since the hydra process manager was found
MPI startup(): Warning: I_MPI_PMI_LIBRARY will be ignored since the hydra process manager was found
MPI startup(): Warning: I_MPI_PMI_LIBRARY will be ignored since the hydra process manager was found
MPI startup(): Warning: I_MPI_PMI_LIBRARY will be ignored since the hydra process manager was found
MPI startup(): Warning: I_MPI_PMI_LIBRARY will be ignored since the hydra process manager was found
MPI startup(): Warning: I_MPI_PMI_LIBRARY will be ignored since the hydra process manager was found
MPI startup(): Warning: I_MPI_PMI_LIBRARY will be ignored since the hydra process manager was found
MPI startup(): Warning: I_MPI_PMI_LIBRARY will be ignored since the hydra process manager was found
MPI startup(): Warning: I_MPI_PMI_LIBRARY will be ignored since the hydra process manager was found
MPI startup(): Warning: I_MPI_PMI_LIBRARY will be ignored since the hydra process manager was found
MPI startup(): Warning: I_MPI_PMI_LIBRARY will be ignored since the hydra process manager was found
MPI startup(): Warning: I_MPI_PMI_LIBRARY will be ignored since the hydra process manager was found
MPI startup(): Warning: I_MPI_PMI_LIBRARY will be ignored since the hydra process manager was found
MPI startup(): Warning: I_MPI_PMI_LIBRARY will be ignored since the hydra process manager was found
MPI startup(): Warning: I_MPI_PMI_LIBRARY will be ignored since the hydra process manager was found
MPI startup(): Warning: I_MPI_PMI_LIBRARY will be ignored since the hydra process manager was found
MPI startup(): Warning: I_MPI_PMI_LIBRARY will be ignored since the hydra process manager was found
MPI startup(): Warning: I_MPI_PMI_LIBRARY will be ignored since the hydra process manager was found
 
 ---------------LITTLE HARSH---------------
          'That's a little harsh'          
                    meow                   
 ------------------------------------------
 
 nyu =         152  nyv =         151  nyp =         151
 nyu_LB =           0  nyp_LB =           1
 Nspec_x =         128  Ngal_x =         192
 Nspec_z =         128  Ngal_z =         192
 N:
           0         128         128         128          -2
           0         128         128         128           0
           0           0           0         151           0
           0           0           0         152           0
 reading parameters for numerical method
 reading surface geometry
 dthdyu(0) smooth   1204.29184034297     
 >>> entered proc_lims_columns, myid =          15
 >>> entered proc_lims_columns, myid =          18
 >>> entered proc_lims_columns, myid =          33
 >>> entered proc_lims_columns, myid =           0
 >>> entered proc_lims_columns, myid =          31
 >>> entered proc_lims_columns, myid =          22
 >>> entered proc_lims_columns, myid =          28
 >>> entered proc_lims_columns, myid =          20
 >>> entered proc_lims_columns, myid =          27
 >>> entered proc_lims_columns, myid =          12
 >>> entered proc_lims_columns, myid =          16
 >>> entered proc_lims_columns, myid =          39
 >>> entered proc_lims_columns, myid =           3
 >>> entered proc_lims_columns, myid =          13
 >>> entered proc_lims_columns, myid =           2
 >>> entered proc_lims_columns, myid =          21
 >>> entered proc_lims_columns, myid =          30
 >>> entered proc_lims_columns, myid =          19
 >>> entered proc_lims_columns, myid =          26
 >>> entered proc_lims_columns, myid =          25
 >>> entered proc_lims_columns, myid =          37
 >>> entered proc_lims_columns, myid =          32
 >>> entered proc_lims_columns, myid =           8
 >>> entered proc_lims_columns, myid =          36
 >>> entered proc_lims_columns, myid =           6
 >>> entered proc_lims_columns, myid =           5
 >>> entered proc_lims_columns, myid =           7
 >>> entered proc_lims_columns, myid =           9
 >>> entered proc_lims_columns, myid =           1
 >>> entered proc_lims_columns, myid =          10
 >>> entered proc_lims_columns, myid =          24
 >>> entered proc_lims_columns, myid =          23
 >>> entered proc_lims_columns, myid =          29
 >>> entered proc_lims_columns, myid =          38
 >>> entered proc_lims_columns, myid =           4
 >>> entered proc_lims_columns, myid =          11
 >>> entered proc_lims_columns, myid =          17
 >>> entered proc_lims_columns, myid =          34
 >>> entered proc_lims_columns, myid =          14
 >>> entered proc_lims_columns, myid =          35
 Getting Weights
 ./3e-9/                                                                        
                                          
 
 j=           1 weight              30027508
 j=           2 weight              30027508
 j=           3 weight              30027508
 j=           4 weight              30027508
 j=           5 weight              30027508
 j=           6 weight              33283485
 j=           7 weight              38215811
 j=           8 weight              48275597
 j=           9 weight              59266016
 j=          10 weight              68919502
 j=          11 weight              78741805
 j=          12 weight              89272046
 j=          13 weight             100956150
 j=          14 weight             113548155
 j=          15 weight             117568706
 j=          16 weight             124053085
 j=          17 weight             133197378
 j=          18 weight             142395584
 j=          19 weight             151342045
 j=          20 weight             152025435
 j=          21 weight             152229628
 j=          22 weight             155351183
 j=          23 weight             160174549
 j=          24 weight             165243294
 j=          25 weight             171343826
 j=          26 weight             176197244
 j=          27 weight             173036014
 j=          28 weight             169611377
 j=          29 weight             167628535
 j=          30 weight             166306314
 j=          31 weight             167371874
 j=          32 weight             169246398
 j=          33 weight             172684218
 j=          34 weight             173652670
 j=          35 weight             170129689
 j=          36 weight             166317096
 j=          37 weight             162221478
 j=          38 weight             158128240
 j=          39 weight             154617130
 j=          40 weight             151207619
 j=          41 weight             147425554
 j=          42 weight             144756990
 j=          43 weight             142315480
 j=          44 weight             141144288
 j=          45 weight             138722926
 j=          46 weight             136172282
 j=          47 weight             133233682
 j=          48 weight             130218613
 j=          49 weight             126682591
 j=          50 weight             123278423
 j=          51 weight             119643404
 j=          52 weight             115909707
 j=          53 weight             112868256
 j=          54 weight             109328347
 j=          55 weight             106222136
 j=          56 weight             103470368
 j=          57 weight             100986254
 j=          58 weight              98067245
 j=          59 weight              95900779
 j=          60 weight              94052637
 j=          61 weight              92053163
 j=          62 weight              89499724
 j=          63 weight              87199904
 j=          64 weight              84770808
 j=          65 weight              82218449
 j=          66 weight              79959173
 j=          67 weight              77372170
 j=          68 weight              75036688
 j=          69 weight              72657871
 j=          70 weight              70277945
 j=          71 weight              67676075
 j=          72 weight              64404138
 j=          73 weight              61715158
 j=          74 weight              60675098
 j=          75 weight              60675098
 j=          76 weight              60675098
 j=          77 weight              60675098
 j=          78 weight              60675098
 j=          79 weight              61715158
 j=          80 weight              64404138
 j=          81 weight              67676075
 j=          82 weight              70277945
 j=          83 weight              72657871
 j=          84 weight              75036688
 j=          85 weight              77372170
 j=          86 weight              79959173
 j=          87 weight              82218449
 j=          88 weight              84770808
 j=          89 weight              87199904
 j=          90 weight              89499724
 j=          91 weight              92053163
 j=          92 weight              94052637
 j=          93 weight              95900779
 j=          94 weight              98067245
 j=          95 weight             100986254
 j=          96 weight             103470368
 j=          97 weight             106222136
 j=          98 weight             109328347
 j=          99 weight             112868256
 j=         100 weight             115909707
 j=         101 weight             119643404
 j=         102 weight             123278423
 j=         103 weight             126682591
 j=         104 weight             130218613
 j=         105 weight             133233682
 j=         106 weight             136172282
 j=         107 weight             138722926
 j=         108 weight             141144288
 j=         109 weight             142315480
 j=         110 weight             144756990
 j=         111 weight             147425554
 j=         112 weight             151207619
 j=         113 weight             154617130
 j=         114 weight             158128240
 j=         115 weight             162221478
 j=         116 weight             166317096
 j=         117 weight             170129689
 j=         118 weight             173652670
 j=         119 weight             172684218
 j=         120 weight             169246398
 j=         121 weight             167371874
 j=         122 weight             166306314
 j=         123 weight             167628535
 j=         124 weight             169611377
 j=         125 weight             173036014
 j=         126 weight             176197244
 j=         127 weight             171343826
 j=         128 weight             165243294
 j=         129 weight             160174549
 j=         130 weight             155351183
 j=         131 weight             152229628
 j=         132 weight             152025435
 j=         133 weight             151342045
 j=         134 weight             142395584
 j=         135 weight             133197378
 j=         136 weight             124053085
 j=         137 weight             117568706
 j=         138 weight             113548155
 j=         139 weight             100956150
 j=         140 weight              89272046
 j=         141 weight              78741805
 j=         142 weight              68919502
 j=         143 weight              59266016
 j=         144 weight              48275597
 j=         145 weight              38215811
 j=         146 weight              33283485
 j=         147 weight              30027508
 j=         148 weight              30027508
 j=         149 weight              30027508
 j=         150 weight              30027508
 j=         151 weight              30027508
 check 4
 weight_tot           16961651378 ideal_load             424041284
 jgal(ugrid,1)           1 jgal(ugrid,2)          11           0
 iproc           0 nplanes          11 proc_load   476839756.000000     
 iproc           1 nplanes           5 proc_load   545398142.000000     
 iproc           2 nplanes           3 proc_load   426935007.000000     
 iproc           3 nplanes           3 proc_load   459606246.000000     
 iproc           4 nplanes           3 proc_load   496761669.000000     
 iproc           5 nplanes           3 proc_load   518844635.000000     
 iproc           6 nplanes           3 proc_load   501306723.000000     
 iproc           7 nplanes           3 proc_load   515583286.000000     
 iproc           8 nplanes           3 proc_load   498668263.000000     
 iproc           9 nplanes           3 proc_load   463952989.000000     
 iproc          10 nplanes           3 proc_load   434498024.000000     
 iproc          11 nplanes           4 proc_load   549273178.000000     
 iproc          12 nplanes           4 proc_load   499823031.000000     
 iproc          13 nplanes           4 proc_load   444328446.000000     
 iproc          14 nplanes           5 proc_load   492477283.000000     
 iproc          15 nplanes           5 proc_load   435742048.000000     
 iproc          16 nplanes           6 proc_load   442979922.000000     
 iproc          17 nplanes           7 proc_load   429494786.000000     
 iproc          18 nplanes           7 proc_load   489140045.000000     
 iproc          19 nplanes           6 proc_load   515701221.000000     
 iproc          20 nplanes           5 proc_load   492477283.000000     
 iproc          21 nplanes           4 proc_load   444328446.000000     
 iproc          22 nplanes           4 proc_load   499823031.000000     
 iproc          23 nplanes           4 proc_load   549273178.000000     
 iproc          24 nplanes           3 proc_load   434498024.000000     
 iproc          25 nplanes           3 proc_load   463952989.000000     
 iproc          26 nplanes           3 proc_load   498668263.000000     
 iproc          27 nplanes           3 proc_load   515583286.000000     
 iproc          28 nplanes           3 proc_load   501306723.000000     
 iproc          29 nplanes           3 proc_load   518844635.000000     
 iproc          30 nplanes           3 proc_load   496761669.000000     
 iproc          31 nplanes           3 proc_load   459606246.000000     
 iproc          32 nplanes           2 proc_load   293737629.000000     
 iproc          33 nplanes           3 proc_load   374819169.000000     
 iproc          34 nplanes           7 proc_load   558979271.000000     
 iproc          35 nplanes           3 proc_load   101526804.000000     
 iproc          36 nplanes           1 proc_load   30027508.0000000     
 iproc          37 nplanes           1 proc_load   30027508.0000000     
 iproc          38 nplanes           1 proc_load   30027508.0000000     
 iproc          39 nplanes           2 proc_load   30027508.0000000     
 jgal(ugrid,1)          12 jgal(ugrid,2)          16           1
 jgal(ugrid,1)          17 jgal(ugrid,2)          19           2
 jgal(ugrid,1)          20 jgal(ugrid,2)          22           3
 jgal(ugrid,1)          23 jgal(ugrid,2)          25           4
 jgal(ugrid,1)          26 jgal(ugrid,2)          28           5
 jgal(ugrid,1)          29 jgal(ugrid,2)          31           6
 jgal(ugrid,1)          32 jgal(ugrid,2)          34           7
 jgal(ugrid,1)          35 jgal(ugrid,2)          37           8
 jgal(ugrid,1)          38 jgal(ugrid,2)          40           9
 jgal(ugrid,1)          41 jgal(ugrid,2)          43          10
 jgal(ugrid,1)          44 jgal(ugrid,2)          47          11
 jgal(ugrid,1)          48 jgal(ugrid,2)          51          12
 jgal(ugrid,1)          52 jgal(ugrid,2)          55          13
 jgal(ugrid,1)          56 jgal(ugrid,2)          60          14
 jgal(ugrid,1)          61 jgal(ugrid,2)          65          15
 jgal(ugrid,1)          66 jgal(ugrid,2)          71          16
 jgal(ugrid,1)          72 jgal(ugrid,2)          78          17
 jgal(ugrid,1)          79 jgal(ugrid,2)          85          18
 jgal(ugrid,1)          86 jgal(ugrid,2)          91          19
 jgal(ugrid,1)          92 jgal(ugrid,2)          96          20
 jgal(ugrid,1)          97 jgal(ugrid,2)         100          21
 jgal(ugrid,1)         101 jgal(ugrid,2)         104          22
 jgal(ugrid,1)         105 jgal(ugrid,2)         108          23
 jgal(ugrid,1)         109 jgal(ugrid,2)         111          24
 jgal(ugrid,1)         112 jgal(ugrid,2)         114          25
 jgal(ugrid,1)         115 jgal(ugrid,2)         117          26
 jgal(ugrid,1)         118 jgal(ugrid,2)         120          27
 jgal(ugrid,1)         121 jgal(ugrid,2)         123          28
 jgal(ugrid,1)         124 jgal(ugrid,2)         126          29
 jgal(ugrid,1)         127 jgal(ugrid,2)         129          30
 jgal(ugrid,1)         130 jgal(ugrid,2)         132          31
 jgal(ugrid,1)         133 jgal(ugrid,2)         134          32
 jgal(ugrid,1)         135 jgal(ugrid,2)         137          33
 jgal(ugrid,1)         138 jgal(ugrid,2)         144          34
 jgal(ugrid,1)         145 jgal(ugrid,2)         147          35
 jgal(ugrid,1)         148 jgal(ugrid,2)         148          36
 jgal(ugrid,1)         149 jgal(ugrid,2)         149          37
 jgal(ugrid,1)         150 jgal(ugrid,2)         150          38
 jgal(ugrid,1)         151 jgal(ugrid,2)         152          39
 myid          39 u         151         152
 myid          39 v         151         151
 myid          39 p         151         151
 Reading in nonlinear interaction list
 ./3e-9/                                                                        
                                          
 
 t=   52.9626716563830      =====> Finished Start
 t=   52.9665404550960      =====> Calling getini 
 Launching...
 starting from multi-block, flat channel?
 start file: ./input/u1_0128x0128x0153_t09455.dat
  Calling read in
  Calling read in
  Calling read in
  Calling read in
  Calling read in
  Calling read in
  Calling read in
  Calling read in
  Calling read in
  Calling read in
  Calling read in
  Calling read in
  Calling read in
  Calling read in
  Calling read in
  Calling read in
  Calling read in
  Calling read in
  Calling read in
  Calling read in
  Calling read in
  Calling read in
  Calling read in
  Calling read in
  Calling read in
  Calling read in
  Calling read in
  Calling read in
  Calling read in
  Calling read in
  Calling read in
  Calling read in
  Calling read in
  Calling read in
  Calling read in
  Calling read in
  Calling read in
  Calling read in
  Calling read in
  Calling read in
 Re_old,Re   3250.00000000000        3250.00000000000     
 N2
           0         128         128         128          -2
           0         128         128         128           0
           0          29         122         151           0
           0          30         122         152           0
 getting
 u1 from file ./input//u1_0128x0128x0153_t09455.dat,
 u2 from file ./input//u2_0128x0128x0153_t09455.dat,
 u3 from file ./input//u3_0128x0128x0153_t09455.dat,
 and p from file ./input//p_0128x0128x0153_t09455.dat,
 
 Lx       6.28318530717959     
 Ly       2.00000000000000     
 Lz       3.14159265358979     
 Nx             128
 Nz             128
 Nyv            151
 Nyu            152
 Ngalx          192
 Ngalz          192
 
 dymin   1.225435224106675E-003
 dymax   1.614068685092982E-002
 
 Re    3250.00000000000     
 t    0.000000000000000E+000
 finished getini           0
 
 Initialised
 t=   53.5394307076116      finished RHS =====> Building Nonlinear
 t=   53.5447150802197      =====> Interpolating
 finished getini           1
 finished getini           2
 finished getini           3
 finished getini           4
 finished getini           5
 finished getini           6
 finished getini           7
 finished getini           8
 finished getini           9
 finished getini          10
 finished getini          11
 finished getini          12
 finished getini          13
 finished getini          14
 finished getini          15
 finished getini          16
 finished getini          17
 finished getini          18
 finished getini          19
 finished getini          20
 finished getini          21
 finished getini          22
 finished getini          23
 finished getini          24
 finished getini          25
 finished getini          26
 finished getini          27
 finished getini          28
 finished getini          29
 finished getini          30
 finished getini          31
 finished getini          32
 finished getini          33
 finished getini          34
 finished getini          35
 finished getini          36
 finished getini          37
 finished getini          38
 finished getini          39
 t=   53.5519461496834      =====> Modes to planes
 t=   53.6074209725695      =====> Spectra
 t=   53.6074363875683      =====> Record Out
 N:
           0         128         128         128          -2
           0         128         128         128           0
           0           0           0         151           0
           0           0           0         152           0
 
 iter           0
 t     0.000000000000000E+000
 dtv   2.089558705412383E-003
 dtc   0.000000000000000E+000
 dt    0.000000000000000E+000
 err   6.736447455048117E-017
 Qx     1.75230615942311     
 mpgx -3.067500000000000E-003
 Umax   1.01423825947899     
 Uslp -1.058242342586234E-015
 t=   53.8595496638721      =====> Ops in Planes
 t=   55.4711862373561       Finished 0th mode nonlin =====> Linear advection
           0
 t=   55.4715996673253      =====> nonlinear interaction into 0th mode - U
           0
 t=   55.8053914865719      =====> Finished Nonlin Inter U           0
 t=   55.8059910255275      =====> Finished Derivatives -U           0
 t=   55.8074375934202      =====> Finished U           0
 t=   57.3749733631746       Finished 0th mode nonlin =====> Linear advection
           0
 t=   57.3754333701404      =====> Finished Linear Advection - V           0
 t=   57.6162872122792      =====> Finished Nonlin Inter v           0
 t=   57.6166642192512      =====> Finished Derivatives -V           0
 t=   57.6178634061623      Finished V =====> Finished Ops in planes           0
 t=   57.8962830105152      =====> Planes to modes UVP
 t=   58.8623386518742      =====> Planes to modes NUVP
 t=   58.8776739697370      =====> Derivatives
 t=   58.8785952436687      =====> CFL and Stats
 t=   59.1487374916354      Finished Nonlinear =====> Solving
 solving u
 solving w
 solving v
 t=   59.1502616695224      Finished Solving Velocities =====> Solving Pressure 
 t=   59.1516231554214      finished RHS =====> Building Nonlinear
 t=   59.1536333572723      =====> Interpolating
 t=   59.1574048899926      =====> Modes to planes
 t=   59.1815853591994      =====> Spectra
 t=   59.1816025781982      =====> Record Out
 t=   59.1816043971980      =====> Ops in Planes
 t=   60.7847176673140       Finished 0th mode nonlin =====> Linear advection
           0
 t=   60.7851411902826      =====> nonlinear interaction into 0th mode - U
           0
 t=   61.1177672676156      =====> Finished Nonlin Inter U           0
 t=   61.1185119935604      =====> Finished Derivatives -U           0
 t=   61.1198162704637      =====> Finished U           0
 t=   62.6768942579936       Finished 0th mode nonlin =====> Linear advection
           0
 t=   62.6773620639589      =====> Finished Linear Advection - V           0
 t=   62.9182938120919      =====> Finished Nonlin Inter v           0
 t=   62.9186507550653      =====> Finished Derivatives -V           0
 t=   62.9198433929769      Finished V =====> Finished Ops in planes           0
 t=   63.1977707053663      =====> Planes to modes UVP
 t=   64.1699359362723      =====> Planes to modes NUVP
 t=   64.1807116824732      =====> Derivatives
 t=   64.1814377334193      =====> CFL and Stats
 t=   64.1818024273923      Finished Nonlinear =====> Solving
 solving u
 solving w
 solving v
 t=   64.1836166542578      Finished Solving Velocities =====> Solving Pressure 
 t=   64.1862424480630      finished RHS =====> Building Nonlinear
 t=   64.1898263637972      =====> Interpolating
 t=   64.1946181764418      =====> Modes to planes
 t=   64.2146988939527      =====> Spectra
 t=   64.2147166749514      =====> Record Out
 t=   64.2147185869512      =====> Ops in Planes
 t=   65.8349848207952       Finished 0th mode nonlin =====> Linear advection
           0
 t=   65.8355949797500      =====> nonlinear interaction into 0th mode - U
           0
 t=   66.1714329348448      =====> Finished Nonlin Inter U           0
 t=   66.1720014458027      =====> Finished Derivatives -U           0
 t=   66.1733943496994      =====> Finished U           0
 t=   67.7446957711745       Finished 0th mode nonlin =====> Linear advection
           0
 t=   67.7450007271518      =====> Finished Linear Advection - V           0
 t=   67.9848603333643      =====> Finished Nonlin Inter v           0
 t=   67.9851918683397      =====> Finished Derivatives -V           0
 t=   67.9866057252349      Finished V =====> Finished Ops in planes           0
 t=   68.2653038275671      =====> Planes to modes UVP
 t=   69.2259516833271      =====> Planes to modes NUVP
 t=   69.2352772256356      =====> Derivatives
 t=   69.2360104145812      =====> CFL and Stats
 t=   69.2363966785526      Finished Nonlinear =====> Solving
 solving u
 solving w
 solving v
 t=   69.2380385764309      Finished Solving Velocities =====> Solving Pressure 
 t=   69.2401711722727      finished RHS =====> Building Nonlinear
 t=   69.2436448160150      =====> Interpolating
 t=   69.2488844756265      =====> Modes to planes
 t=   69.2650122294306      =====> Spectra
 t=   69.2656242193851      =====> Record Out
 N:
           0         128         128         128          -2
           0         128         128         128           0
           0           0           0         151           0
           0           0           0         152           0
 
 iter           1
 t     5.223896763530959E-003
 dtv   2.089558705412383E-003
 dtc   1.367050473198921E-002
 dt    5.223896763530959E-003
 err   1.058323501242745E-016
 Qx     1.75230591487433     
 mpgx -3.067500000000000E-003
 Umax   1.01423708171791     
 Uslp -1.057896737640909E-015
 t=   69.3808833438377      =====> Ops in Planes
 t=   70.9807795501923       Finished 0th mode nonlin =====> Linear advection
           0
 t=   70.9811832991624      =====> nonlinear interaction into 0th mode - U
           0
 t=   71.3150279154050      =====> Finished Nonlin Inter U           0
 t=   71.3157862013488      =====> Finished Derivatives -U           0
 t=   71.3170128982578      =====> Finished U           0
 t=   72.8834062090968       Finished 0th mode nonlin =====> Linear advection
           0
 t=   72.8837091870744      =====> Finished Linear Advection - V           0
 t=   73.1227159953501      =====> Finished Nonlin Inter v           0
 t=   73.1230644393243      =====> Finished Derivatives -V           0
 t=   73.1242801202341      Finished V =====> Finished Ops in planes           0
 t=   73.3963723030562      =====> Planes to modes UVP
 t=   74.3415313519649      =====> Planes to modes NUVP
 t=   74.3487594494289      =====> Derivatives
 t=   74.3496676523615      =====> CFL and Stats
 t=   74.4662514447159      Finished Nonlinear =====> Solving
 solving u
 solving w
 solving v
 t=   74.4677757536028      Finished Solving Velocities =====> Solving Pressure 
 t=   74.4691450085013      finished RHS =====> Building Nonlinear
 t=   74.4710832533576      =====> Interpolating
 t=   74.4749032240743      =====> Modes to planes
 t=   74.4840570423954      =====> Spectra
 t=   74.4840758153941      =====> Record Out
 t=   74.4840775533939      =====> Ops in Planes
 t=   76.0701746287718       Finished 0th mode nonlin =====> Linear advection
           0
 t=   76.0707535557289      =====> nonlinear interaction into 0th mode - U
           0
 t=   76.4051651669296      =====> Finished Nonlin Inter U           0
 t=   76.4057738368844      =====> Finished Derivatives -U           0
 t=   76.4068801138023      =====> Finished U           0
 t=   77.9701883268702       Finished 0th mode nonlin =====> Linear advection
           0
 t=   77.9706520478359      =====> Finished Linear Advection - V           0
 t=   78.2118788819469      =====> Finished Nonlin Inter v           0
 t=   78.2124417799051      =====> Finished Derivatives -V           0
 t=   78.2135272518246      Finished V =====> Finished Ops in planes           0
 t=   78.4907181232686      =====> Planes to modes UVP
 t=   79.4538977478410      =====> Planes to modes NUVP
 t=   79.4593591894360      =====> Derivatives
 t=   79.4602690533685      =====> CFL and Stats
 t=   79.4606803263380      Finished Nonlinear =====> Solving
 solving u
 solving w
 solving v
 t=   79.4623669032129      Finished Solving Velocities =====> Solving Pressure 
 t=   79.4645479260512      finished RHS =====> Building Nonlinear
 t=   79.4683026247727      =====> Interpolating
 t=   79.4730872184180      =====> Modes to planes
 t=   79.4820935857500      =====> Spectra
 t=   79.4821112497488      =====> Record Out
 t=   79.4821132227486      =====> Ops in Planes
 t=   81.0840510969517       Finished 0th mode nonlin =====> Linear advection
           0
 t=   81.0846822209049      =====> nonlinear interaction into 0th mode - U
           0
 t=   81.4153829413807      =====> Finished Nonlin Inter U           0
 t=   81.4159676133373      =====> Finished Derivatives -U           0
 t=   81.4172328632435      =====> Finished U           0
 t=   82.9759799946496       Finished 0th mode nonlin =====> Linear advection
           0
 t=   82.9764438226152      =====> Finished Linear Advection - V           0
 t=   83.2101326782853      =====> Finished Nonlin Inter v           0
 t=   83.2106313042483      =====> Finished Derivatives -V           0
 t=   83.2116521741726      Finished V =====> Finished Ops in planes           0
 t=   83.4856429168540      =====> Planes to modes UVP
 t=   84.4407082520280      =====> Planes to modes NUVP
 t=   84.4460525686317      =====> Derivatives
 t=   84.4468898955696      =====> CFL and Stats
 t=   84.4472688205415      Finished Nonlinear =====> Solving
 solving u
 solving w
 solving v
 t=   84.4489153464194      Finished Solving Velocities =====> Solving Pressure 
 N:
           0         128         128         128          -2
           0         128         128         128           0
           0           0           0         151           0
           0           0           0         152           0
 
 iter           2
 t     1.044779352706192E-002
 dtv   2.089558705412383E-003
 dtc   1.367267118215302E-002
 dt    5.223896763530959E-003
 err   9.720644932127639E-017
 Qx     1.75230567026825     
 mpgx -3.067500000000000E-003
 Umax   1.01423594132769     
 Uslp -1.057896737640909E-015
 process           1 over
 process           2 over
 process           3 over
 process           4 over
 process           5 over
 process           6 over
 process           7 over
 process           8 over
 process           9 over
 process          10 over
 process          11 over
 process          12 over
 process          13 over
 process          14 over
 process          15 over
 process          16 over
 process          17 over
 process          18 over
 process          19 over
 process          20 over
 process          21 over
 process          22 over
 process          23 over
 process          24 over
 process          25 over
 process          26 over
 process          27 over
 process          28 over
 process          29 over
 process          30 over
 process          31 over
 process          32 over
 process          33 over
 process          34 over
 process          35 over
 process          36 over
 process          37 over
 process          38 over
 process          39 over
 process           0 over
 
 ---------------LITTLE HARSH---------------
          'That wasn't that harsh'         
 ------------------------------------------
 
