Loading rhel8/default-icl
  Loading requirement: rhel8/slurm singularity/current rhel8/global cuda/11.4
    vgl/2.5.1/64 intel-oneapi-compilers/2022.1.0/gcc/b6zld2mz ucx/1.15.0
    intel-oneapi-mpi/2021.6.0/intel/guxuvcpm
Loading cube/4.8/gcc/23p4hfhj
  Loading requirement: cubelib/4.8/gcc/d6dn6fbz libmd/1.0.4/gcc/cb4tpaqj
    libbsd/0.11.5/gcc/xsr6mhaa expat/2.4.8/gcc/xuqakzcy
    libiconv/1.16/gcc/aa2kwjch libxml2/2.9.13/gcc/fww2yzpt
    ncurses/6.2/gcc/qke6jyyt gettext/0.21/gcc/lhdl4tbr libffi/3.4.2/gcc/alfpockh
    pcre/8.45/gcc/jgwcvolz readline/8.1/gcc/bgw44yb2 gdbm/1.23/gcc/dviudcmk
    sqlite/3.38.5/gcc/xdyquaax tcl/8.6.12/gcc/gf3ofu4d
    inputproto/2.3.2/gcc/bwj4rzah kbproto/1.0.7/gcc/go5c2zyv
    libpthread-stubs/0.4/gcc/zyf6irr6 xproto/7.0.31/gcc/f5csjg7w
    libxau/1.0.8/gcc/dfmabka4 libxdmcp/1.1.2/gcc/iilv5r4i
    xcb-proto/1.14.1/gcc/ppnp4lo4 libxcb/1.14/gcc/cmzk7sor
    xextproto/7.3.0/gcc/oowjkbwu xtrans/1.3.5/gcc/zrqo6ghr
    libx11/1.7.0/gcc/pe2khlxx font-util/1.3.2/gcc/d376rdkf
    libpng/1.6.37/gcc/trvruff6 freetype/2.11.1/gcc/u4bjufog
    util-linux-uuid/2.37.4/gcc/h7hztrtm fontconfig/2.13.1/gcc/ya6ibpmq
    renderproto/0.11.1/gcc/b2jkdp6e libxrender/0.9.10/gcc/n6yxi44d
    libxft/2.3.2/gcc/zay6bixf libxext/1.3.3/gcc/p7y37pfb
    scrnsaverproto/1.2.2/gcc/fzbihsla libxscrnsaver/1.2.2/gcc/t5hd2qnu
    tk/8.6.11/gcc/vdahj5in python/3.9.12/gcc/pdcqf4o5 glib/2.72.1/gcc/ossxhd4z
    libice/1.0.9/gcc/ryauhh2f libsm/1.2.3/gcc/gc4ariqd dbus/1.12.8/gcc/uvq5cpwf
    double-conversion/3.1.5/gcc/2k4uflia pixman/0.40.0/gcc/2wv7zavv
    cairo/1.16.0/gcc/rxuyervx gobject-introspection/1.72.0/gcc/t2ffpwoo
    icu4c/67.1/gcc/4ly45zrt harfbuzz/4.2.1/gcc/6e7bjt35
    libjpeg-turbo/2.1.3/gcc/3m6u5lxl libtiff/4.3.0/gcc/zu2vruxu
    lcms/2.13.1/gcc/fg5rmple libmng/2.0.3/gcc/saz7lols
    util-macros/1.19.3/gcc/fnxpyih4 xkbdata/1.0.1/gcc/acidvg5x
    libxkbcommon/1.4.0/gcc/g2nkfpxk pcre2/10.39/gcc/inuagvoq
    xcb-util/0.4.0/gcc/mb5ul24d xcb-util-image/0.4.0/gcc/xfnuwvvw
    xcb-util-keysyms/0.4.0/gcc/crcp222j xcb-util-renderutil/0.3.9/gcc/scn774ro
    xcb-util-wm/0.4.1/gcc/kpzboqng zstd/1.5.2/gcc/xfbmozmj
    qt/5.15.4/gcc/nscjhba7
Loading scorep/8.0/intel/intel-oneapi-mpi/wsx7txgw
  Loading requirement: libiconv/1.16/intel/6u2mmycs
    libxml2/2.9.13/intel/fgfwdljc ncurses/6.2/intel/dnilgm7v
    gettext/0.21/intel/oqzwvu37 binutils/2.40/intel/raz3tohr
    cubelib/4.8/intel/udyz623t cubew/4.8/intel/5chsnzws
    opari2/2.0.6/intel/aa6v73ny otf2/3.0/intel/6ymwom5i
    papi/6.0.0.1/intel/ugkg3uzf
Changed directory to /rds/user/ld751/hpc-work/single_block/single_block_clean/RNL_singlle_block_clean.

JobID: 19456475
======
Time: Tue Dec 16 18:09:13 GMT 2025
Running on master node: cpu-r-3
Current directory: /rds/user/ld751/hpc-work/single_block/single_block_clean/RNL_singlle_block_clean

Nodes allocated:
================
cpu-r-3

numtasks=40, numnodes=1, mpi_tasks_per_node=40 (OMP_NUM_THREADS=1)

Executing command:
==================
mpirun -ppn 40 -np 40 ./littleharsh 

MPI startup(): Warning: I_MPI_PMI_LIBRARY will be ignored since the hydra process manager was found
MPI startup(): Warning: I_MPI_PMI_LIBRARY will be ignored since the hydra process manager was found
MPI startup(): Warning: I_MPI_PMI_LIBRARY will be ignored since the hydra process manager was found
MPI startup(): Warning: I_MPI_PMI_LIBRARY will be ignored since the hydra process manager was found
MPI startup(): Warning: I_MPI_PMI_LIBRARY will be ignored since the hydra process manager was found
MPI startup(): Warning: I_MPI_PMI_LIBRARY will be ignored since the hydra process manager was found
MPI startup(): Warning: I_MPI_PMI_LIBRARY will be ignored since the hydra process manager was found
MPI startup(): Warning: I_MPI_PMI_LIBRARY will be ignored since the hydra process manager was found
MPI startup(): Warning: I_MPI_PMI_LIBRARY will be ignored since the hydra process manager was found
MPI startup(): Warning: I_MPI_PMI_LIBRARY will be ignored since the hydra process manager was found
MPI startup(): Warning: I_MPI_PMI_LIBRARY will be ignored since the hydra process manager was found
MPI startup(): Warning: I_MPI_PMI_LIBRARY will be ignored since the hydra process manager was found
MPI startup(): Warning: I_MPI_PMI_LIBRARY will be ignored since the hydra process manager was found
MPI startup(): Warning: I_MPI_PMI_LIBRARY will be ignored since the hydra process manager was found
MPI startup(): Warning: I_MPI_PMI_LIBRARY will be ignored since the hydra process manager was found
MPI startup(): Warning: I_MPI_PMI_LIBRARY will be ignored since the hydra process manager was found
MPI startup(): Warning: I_MPI_PMI_LIBRARY will be ignored since the hydra process manager was found
MPI startup(): Warning: I_MPI_PMI_LIBRARY will be ignored since the hydra process manager was found
MPI startup(): Warning: I_MPI_PMI_LIBRARY will be ignored since the hydra process manager was found
MPI startup(): Warning: I_MPI_PMI_LIBRARY will be ignored since the hydra process manager was found
MPI startup(): Warning: I_MPI_PMI_LIBRARY will be ignored since the hydra process manager was found
MPI startup(): Warning: I_MPI_PMI_LIBRARY will be ignored since the hydra process manager was found
MPI startup(): Warning: I_MPI_PMI_LIBRARY will be ignored since the hydra process manager was found
MPI startup(): Warning: I_MPI_PMI_LIBRARY will be ignored since the hydra process manager was found
MPI startup(): Warning: I_MPI_PMI_LIBRARY will be ignored since the hydra process manager was found
MPI startup(): Warning: I_MPI_PMI_LIBRARY will be ignored since the hydra process manager was found
MPI startup(): Warning: I_MPI_PMI_LIBRARY will be ignored since the hydra process manager was found
MPI startup(): Warning: I_MPI_PMI_LIBRARY will be ignored since the hydra process manager was found
MPI startup(): Warning: I_MPI_PMI_LIBRARY will be ignored since the hydra process manager was found
MPI startup(): Warning: I_MPI_PMI_LIBRARY will be ignored since the hydra process manager was found
MPI startup(): Warning: I_MPI_PMI_LIBRARY will be ignored since the hydra process manager was found
MPI startup(): Warning: I_MPI_PMI_LIBRARY will be ignored since the hydra process manager was found
MPI startup(): Warning: I_MPI_PMI_LIBRARY will be ignored since the hydra process manager was found
MPI startup(): Warning: I_MPI_PMI_LIBRARY will be ignored since the hydra process manager was found
MPI startup(): Warning: I_MPI_PMI_LIBRARY will be ignored since the hydra process manager was found
MPI startup(): Warning: I_MPI_PMI_LIBRARY will be ignored since the hydra process manager was found
MPI startup(): Warning: I_MPI_PMI_LIBRARY will be ignored since the hydra process manager was found
MPI startup(): Warning: I_MPI_PMI_LIBRARY will be ignored since the hydra process manager was found
MPI startup(): Warning: I_MPI_PMI_LIBRARY will be ignored since the hydra process manager was found
MPI startup(): Warning: I_MPI_PMI_LIBRARY will be ignored since the hydra process manager was found
 
 ---------------LITTLE HARSH---------------
          'That's a little harsh'          
                    meow                   
 ------------------------------------------
 
 reading parameters for numerical method
 reading surface geometry
 dthdyu(0) smooth   1204.29184034297     
 N:
           0         128         128         128          -2
           0         128         128         128           0
           0           0           0         151           0
           0           0           0         152           0
 Ngal:
           0         192         192         192          -2
           0         192         192         192           0
           0           0           0         151           0
           0           0           0         152           0
 Ny:
           0           0           0         151           0
           0           0           0         152           0
           1           0           0         151           0
 >>> entered proc_lims_columns, myid =          15
 >>> entered proc_lims_columns, myid =          16
 >>> entered proc_lims_columns, myid =          21
 >>> entered proc_lims_columns, myid =          35
 >>> entered proc_lims_columns, myid =           0
 >>> entered proc_lims_columns, myid =           3
 >>> entered proc_lims_columns, myid =           1
 >>> entered proc_lims_columns, myid =          36
 >>> entered proc_lims_columns, myid =          26
 >>> entered proc_lims_columns, myid =          23
 >>> entered proc_lims_columns, myid =          12
 >>> entered proc_lims_columns, myid =           9
 >>> entered proc_lims_columns, myid =          32
 >>> entered proc_lims_columns, myid =          28
 >>> entered proc_lims_columns, myid =          33
 >>> entered proc_lims_columns, myid =          17
 >>> entered proc_lims_columns, myid =          18
 >>> entered proc_lims_columns, myid =           5
 >>> entered proc_lims_columns, myid =           7
 >>> entered proc_lims_columns, myid =          22
 >>> entered proc_lims_columns, myid =          19
 >>> entered proc_lims_columns, myid =          30
 >>> entered proc_lims_columns, myid =           4
 >>> entered proc_lims_columns, myid =          10
 >>> entered proc_lims_columns, myid =          24
 >>> entered proc_lims_columns, myid =           8
 >>> entered proc_lims_columns, myid =          29
 >>> entered proc_lims_columns, myid =          39
 >>> entered proc_lims_columns, myid =           6
 >>> entered proc_lims_columns, myid =          34
 >>> entered proc_lims_columns, myid =          11
 >>> entered proc_lims_columns, myid =          37
 >>> entered proc_lims_columns, myid =          31
 >>> entered proc_lims_columns, myid =          14
 >>> entered proc_lims_columns, myid =          13
 >>> entered proc_lims_columns, myid =          38
 >>> entered proc_lims_columns, myid =           2
 >>> entered proc_lims_columns, myid =          27
 >>> entered proc_lims_columns, myid =          20
 >>> entered proc_lims_columns, myid =          25
 Getting Weights
 ./3e-9/                                                                        
                                          
 
 j=           1 weight              30027508
 j=           2 weight              30027508
 j=           3 weight              30027508
 j=           4 weight              30027508
 j=           5 weight              30027508
 j=           6 weight              33283485
 j=           7 weight              38215811
 j=           8 weight              48275597
 j=           9 weight              59266016
 j=          10 weight              68919502
 j=          11 weight              78741805
 j=          12 weight              89272046
 j=          13 weight             100956150
 j=          14 weight             113548155
 j=          15 weight             117568706
 j=          16 weight             124053085
 j=          17 weight             133197378
 j=          18 weight             142395584
 j=          19 weight             151342045
 j=          20 weight             152025435
 j=          21 weight             152229628
 j=          22 weight             155351183
 j=          23 weight             160174549
 j=          24 weight             165243294
 j=          25 weight             171343826
 j=          26 weight             176197244
 j=          27 weight             173036014
 j=          28 weight             169611377
 j=          29 weight             167628535
 j=          30 weight             166306314
 j=          31 weight             167371874
 j=          32 weight             169246398
 j=          33 weight             172684218
 j=          34 weight             173652670
 j=          35 weight             170129689
 j=          36 weight             166317096
 j=          37 weight             162221478
 j=          38 weight             158128240
 j=          39 weight             154617130
 j=          40 weight             151207619
 j=          41 weight             147425554
 j=          42 weight             144756990
 j=          43 weight             142315480
 j=          44 weight             141144288
 j=          45 weight             138722926
 j=          46 weight             136172282
 j=          47 weight             133233682
 j=          48 weight             130218613
 j=          49 weight             126682591
 j=          50 weight             123278423
 j=          51 weight             119643404
 j=          52 weight             115909707
 j=          53 weight             112868256
 j=          54 weight             109328347
 j=          55 weight             106222136
 j=          56 weight             103470368
 j=          57 weight             100986254
 j=          58 weight              98067245
 j=          59 weight              95900779
 j=          60 weight              94052637
 j=          61 weight              92053163
 j=          62 weight              89499724
 j=          63 weight              87199904
 j=          64 weight              84770808
 j=          65 weight              82218449
 j=          66 weight              79959173
 j=          67 weight              77372170
 j=          68 weight              75036688
 j=          69 weight              72657871
 j=          70 weight              70277945
 j=          71 weight              67676075
 j=          72 weight              64404138
 j=          73 weight              61715158
 j=          74 weight              60675098
 j=          75 weight              60675098
 j=          76 weight              60675098
 j=          77 weight              60675098
 j=          78 weight              60675098
 j=          79 weight              61715158
 j=          80 weight              64404138
 j=          81 weight              67676075
 j=          82 weight              70277945
 j=          83 weight              72657871
 j=          84 weight              75036688
 j=          85 weight              77372170
 j=          86 weight              79959173
 j=          87 weight              82218449
 j=          88 weight              84770808
 j=          89 weight              87199904
 j=          90 weight              89499724
 j=          91 weight              92053163
 j=          92 weight              94052637
 j=          93 weight              95900779
 j=          94 weight              98067245
 j=          95 weight             100986254
 j=          96 weight             103470368
 j=          97 weight             106222136
 j=          98 weight             109328347
 j=          99 weight             112868256
 j=         100 weight             115909707
 j=         101 weight             119643404
 j=         102 weight             123278423
 j=         103 weight             126682591
 j=         104 weight             130218613
 j=         105 weight             133233682
 j=         106 weight             136172282
 j=         107 weight             138722926
 j=         108 weight             141144288
 j=         109 weight             142315480
 j=         110 weight             144756990
 j=         111 weight             147425554
 j=         112 weight             151207619
 j=         113 weight             154617130
 j=         114 weight             158128240
 j=         115 weight             162221478
 j=         116 weight             166317096
 j=         117 weight             170129689
 j=         118 weight             173652670
 j=         119 weight             172684218
 j=         120 weight             169246398
 j=         121 weight             167371874
 j=         122 weight             166306314
 j=         123 weight             167628535
 j=         124 weight             169611377
 j=         125 weight             173036014
 j=         126 weight             176197244
 j=         127 weight             171343826
 j=         128 weight             165243294
 j=         129 weight             160174549
 j=         130 weight             155351183
 j=         131 weight             152229628
 j=         132 weight             152025435
 j=         133 weight             151342045
 j=         134 weight             142395584
 j=         135 weight             133197378
 j=         136 weight             124053085
 j=         137 weight             117568706
 j=         138 weight             113548155
 j=         139 weight             100956150
 j=         140 weight              89272046
 j=         141 weight              78741805
 j=         142 weight              68919502
 j=         143 weight              59266016
 j=         144 weight              48275597
 j=         145 weight              38215811
 j=         146 weight              33283485
 j=         147 weight              30027508
 j=         148 weight              30027508
 j=         149 weight              30027508
 j=         150 weight              30027508
 j=         151 weight              30027508
 check 4
 weight_tot           16961651378 ideal_load             424041284
 limPL_excw(ugrid,1,myid)          32 limPL_excw(ugrid,2,myid)          34
 limPL_excw(ugrid,1,myid)          35 limPL_excw(ugrid,2,myid)          38
 limPL_excw(ugrid,1,myid)          39 limPL_excw(ugrid,2,myid)          42
 limPL_excw(ugrid,1,myid)          47 limPL_excw(ugrid,2,myid)          50
 limPL_excw(ugrid,1,myid)          61 limPL_excw(ugrid,2,myid)          66
 limPL_excw(ugrid,1,myid)          82 limPL_excw(ugrid,2,myid)          88
 limPL_excw(ugrid,1,myid)          89 limPL_excw(ugrid,2,myid)          94
 limPL_excw(ugrid,1,myid)         109 limPL_excw(ugrid,2,myid)         112
 limPL_excw(ugrid,1,myid)         113 limPL_excw(ugrid,2,myid)         116
 limPL_excw(ugrid,1,myid)         117 limPL_excw(ugrid,2,myid)         119
 limPL_excw(ugrid,1,myid)         120 limPL_excw(ugrid,2,myid)         123
 limPL_excw(ugrid,1,myid)         153 limPL_excw(ugrid,2,myid)         152
 limPL_excw(ugrid,1,myid)         153 limPL_excw(ugrid,2,myid)         152
 limPL_excw(ugrid,1,myid)          51 limPL_excw(ugrid,2,myid)          55
 limPL_excw(ugrid,1,myid)         153 limPL_excw(ugrid,2,myid)         152
 limPL_excw(ugrid,1,myid)         153 limPL_excw(ugrid,2,myid)         152
 limPL_excw(ugrid,1,myid)         153 limPL_excw(ugrid,2,myid)         152
 limPL_excw(ugrid,1,myid)          12 limPL_excw(ugrid,2,myid)          16
 limPL_excw(ugrid,1,myid)         153 limPL_excw(ugrid,2,myid)         152
 limPL_excw(ugrid,1,myid)         153 limPL_excw(ugrid,2,myid)         152
 limPL_excw(ugrid,1,myid)          95 limPL_excw(ugrid,2,myid)          99
 limPL_excw(ugrid,1,myid)         105 limPL_excw(ugrid,2,myid)         108
 limPL_excw(ugrid,1,myid)           1 limPL_excw(ugrid,2,myid)          11
 iproc           0 nplanes          11 proc_load   398097951.000000     
 iproc           1 nplanes           5 proc_load   421345057.000000     
 iproc           2 nplanes           4 proc_load   426935007.000000     
 iproc           3 nplanes           4 proc_load   467755360.000000     
 iproc           4 nplanes           3 proc_load   347541070.000000     
 iproc           5 nplanes           4 proc_load   503546226.000000     
 iproc           6 nplanes           3 proc_load   341930616.000000     
 iproc           7 nplanes           4 proc_load   498668263.000000     
 iproc           8 nplanes           4 proc_load   453250303.000000     
 iproc           9 nplanes           4 proc_load   422182694.000000     
 iproc          10 nplanes           4 proc_load   390134886.000000     
 iproc          11 nplanes           5 proc_load   457749714.000000     
 iproc          12 nplanes           5 proc_load   398424646.000000     
 iproc          13 nplanes           6 proc_load   435742048.000000     
 iproc          14 nplanes           7 proc_load   427424887.000000     
 iproc          15 nplanes           8 proc_load   429494786.000000     
 iproc          16 nplanes           7 proc_load   457522296.000000     
 iproc          17 nplanes           6 proc_load   458706207.000000     
 iproc          18 nplanes           5 proc_load   420007105.000000     
 iproc          19 nplanes           5 proc_load   485514125.000000     
 iproc          20 nplanes           4 proc_load   408128890.000000     
 iproc          21 nplanes           4 proc_load   434498024.000000     
 iproc          22 nplanes           4 proc_load   474966848.000000     
 iproc          23 nplanes           3 proc_load   343782359.000000     
 iproc          24 nplanes           4 proc_load   502924586.000000     
 iproc          25 nplanes           3 proc_load   342647391.000000     
 iproc          26 nplanes           4 proc_load   496761669.000000     
 iproc          27 nplanes           4 proc_load   455597108.000000     
 iproc          28 nplanes           4 proc_load   374819169.000000     
 iproc          29 nplanes           7 proc_load   445431116.000000     
 iproc          30 nplanes           7 proc_load   4040120971.00000     
 iproc          31 nplanes           0 proc_load  0.000000000000000E+000
 iproc          32 nplanes           0 proc_load  0.000000000000000E+000
 iproc          33 nplanes           0 proc_load  0.000000000000000E+000
 iproc          34 nplanes           0 proc_load  0.000000000000000E+000
 iproc          35 nplanes           0 proc_load  0.000000000000000E+000
 iproc          36 nplanes           0 proc_load  0.000000000000000E+000
 iproc          37 nplanes           0 proc_load  0.000000000000000E+000
 iproc          38 nplanes           0 proc_load  0.000000000000000E+000
 iproc          39 nplanes           0 proc_load  0.000000000000000E+000
 limPL_excw(ugrid,1,myid)          17 limPL_excw(ugrid,2,myid)          20
 limPL_excw(ugrid,1,myid)          21 limPL_excw(ugrid,2,myid)          24
 limPL_excw(ugrid,1,myid)          25 limPL_excw(ugrid,2,myid)          27
 limPL_excw(ugrid,1,myid)          28 limPL_excw(ugrid,2,myid)          31
 limPL_excw(ugrid,1,myid)          43 limPL_excw(ugrid,2,myid)          46
 limPL_excw(ugrid,1,myid)          56 limPL_excw(ugrid,2,myid)          60
 limPL_excw(ugrid,1,myid)          67 limPL_excw(ugrid,2,myid)          73
 limPL_excw(ugrid,1,myid)          74 limPL_excw(ugrid,2,myid)          81
 limPL_excw(ugrid,1,myid)         100 limPL_excw(ugrid,2,myid)         104
 limPL_excw(ugrid,1,myid)         124 limPL_excw(ugrid,2,myid)         126
 limPL_excw(ugrid,1,myid)         127 limPL_excw(ugrid,2,myid)         130
 limPL_excw(ugrid,1,myid)         131 limPL_excw(ugrid,2,myid)         134
 limPL_excw(ugrid,1,myid)         135 limPL_excw(ugrid,2,myid)         138
 limPL_excw(ugrid,1,myid)         139 limPL_excw(ugrid,2,myid)         145
 limPL_excw(ugrid,1,myid)         146 limPL_excw(ugrid,2,myid)         152
 limPL_excw(ugrid,1,myid)         153 limPL_excw(ugrid,2,myid)         152
 limPL_excw(ugrid,1,myid)         153 limPL_excw(ugrid,2,myid)         152
 Reading in nonlinear interaction list
 ./3e-9/                                                                        
                                          
 
 rank           0 limPL_excw ugrid=           1          11
 jread           1
 rank           1 limPL_excw ugrid=          12          16
 jread          12
 rank           7 limPL_excw ugrid=          35          38
 jread          35
 rank          23 limPL_excw ugrid=         117         119
 rank          26 limPL_excw ugrid=         127         130
 rank          33 limPL_excw ugrid=         153         152
 rank           2 limPL_excw ugrid=          17          20
 rank          10 limPL_excw ugrid=          47          50
 jread          47
 rank          25 limPL_excw ugrid=         124         126
 rank           9 limPL_excw ugrid=          43          46
 jread          43
 rank          34 limPL_excw ugrid=         153         152
 rank          15 limPL_excw ugrid=          74          81
 rank          18 limPL_excw ugrid=          95          99
 rank          29 limPL_excw ugrid=         139         145
 rank          30 limPL_excw ugrid=         146         152
 jread          17
 rank          17 limPL_excw ugrid=          89          94
 rank          22 limPL_excw ugrid=         113         116
 rank          11 limPL_excw ugrid=          51          55
 rank          12 limPL_excw ugrid=          56          60
 jread          74
 rank          28 limPL_excw ugrid=         135         138
 rank          32 limPL_excw ugrid=         153         152
 jread          56
 rank          38 limPL_excw ugrid=         153         152
 rank          35 limPL_excw ugrid=         153         152
 rank           3 limPL_excw ugrid=          21          24
 jread          21
 rank           4 limPL_excw ugrid=          25          27
 jread          25
 rank           6 limPL_excw ugrid=          32          34
 jread          32
 jread          51
 rank          13 limPL_excw ugrid=          61          66
 jread          61
 rank          16 limPL_excw ugrid=          82          88
 rank          19 limPL_excw ugrid=         100         104
 rank          20 limPL_excw ugrid=         105         108
 rank          21 limPL_excw ugrid=         109         112
 rank          24 limPL_excw ugrid=         120         123
 rank          27 limPL_excw ugrid=         131         134
 rank          36 limPL_excw ugrid=         153         152
 rank          39 limPL_excw ugrid=         153         152
 rank           8 limPL_excw ugrid=          39          42
 rank          14 limPL_excw ugrid=          67          73
 jread          67
 rank          31 limPL_excw ugrid=         153         152
 rank           5 limPL_excw ugrid=          28          31
 jread          28
 jread          39
 rank          37 limPL_excw ugrid=         153         152
 jread           2
 jread          75
 jread           3
 jread          68
 jread          13
 jread          62
 jread           4
 jread          57
 jread          52
 jread          76
 jread           5
 jread          48
 jread          18
 jread          44
 jread          22
 jread          69
 jread          40
 jread           6
 jread          36
 jread          29
 jread          26
 jread          33
 jread          63
 jread          14
 jread           7
 jread          58
 jread          70
 jread          53
 jread           8
 jread          49
 jread          64
 jread          19
 jread          45
 jread           9
 jread          71
 jread          59
 jread          41
 jread          15
 jread          23
 jread          37
 jread          30
 jread          10
 jread          27
 jread          34
 jread          54
 jread          65
 jread          72
 jread          50
 jread          60
 jread          11
 jread          46
 jread          20
 jread          16
 jread          73
 jread          66
 jread          42
 jread          55
 jread          24
 jread          38
 jread          31
 =====> Finished Start
 =====> Calling getini 
 Launching...
 starting from multi-block, flat channel?
 start file: ./input/u1_0128x0128x0153_t09455.dat
  Calling read in
  Calling read in
  Calling read in
  Calling read in
  Calling read in
  Calling read in
  Calling read in
  Calling read in
  Calling read in
  Calling read in
  Calling read in
  Calling read in
  Calling read in
  Calling read in
  Calling read in
  Calling read in
  Calling read in
  Calling read in
  Calling read in
  Calling read in
  Calling read in
  Calling read in
  Calling read in
  Calling read in
  Calling read in
  Calling read in
  Calling read in
  Calling read in
  Calling read in
  Calling read in
  Calling read in
  Calling read in
  Calling read in
  Calling read in
  Calling read in
  Calling read in
  Calling read in
  Calling read in
  Calling read in
  Calling read in
 Re_old,Re   3250.00000000000        3250.00000000000     
 N2
           0         128         128         128          -2
           0         128         128         128           0
           0          29         122         151           0
           0          30         122         152           0
 getting
 u1 from file ./input//u1_0128x0128x0153_t09455.dat,
forrtl: severe (24): end-of-file during read, unit 10, file /rds/user/ld751/hpc-work/single_block/single_block_clean/RNL_singlle_block_clean/./input//u1_0128x0128x0153_t09455.dat
Image              PC                Routine            Line        Source             
littleharsh        00000000007C6E29  Unknown               Unknown  Unknown
littleharsh        00000000007E93F6  Unknown               Unknown  Unknown
littleharsh        00000000004BC271  read_in_                 1860  start.f90
littleharsh        0000000000489C5D  mblock_ini_              1506  start.f90
littleharsh        000000000047D7C4  getini_                  1390  start.f90
littleharsh        0000000000784593  MAIN__                    180  littleharsh.f90
littleharsh        0000000000403922  Unknown               Unknown  Unknown
libc-2.28.so       0000150DC145E7E5  __libc_start_main     Unknown  Unknown
littleharsh        000000000040382E  Unknown               Unknown  Unknown

===================================================================================
=   BAD TERMINATION OF ONE OF YOUR APPLICATION PROCESSES
=   RANK 1 PID 1655578 RUNNING AT cpu-r-3
=   KILLED BY SIGNAL: 9 (Killed)
===================================================================================

===================================================================================
=   BAD TERMINATION OF ONE OF YOUR APPLICATION PROCESSES
=   RANK 2 PID 1655579 RUNNING AT cpu-r-3
=   KILLED BY SIGNAL: 9 (Killed)
===================================================================================

===================================================================================
=   BAD TERMINATION OF ONE OF YOUR APPLICATION PROCESSES
=   RANK 3 PID 1655580 RUNNING AT cpu-r-3
=   KILLED BY SIGNAL: 9 (Killed)
===================================================================================

===================================================================================
=   BAD TERMINATION OF ONE OF YOUR APPLICATION PROCESSES
=   RANK 4 PID 1655581 RUNNING AT cpu-r-3
=   KILLED BY SIGNAL: 9 (Killed)
===================================================================================

===================================================================================
=   BAD TERMINATION OF ONE OF YOUR APPLICATION PROCESSES
=   RANK 5 PID 1655582 RUNNING AT cpu-r-3
=   KILLED BY SIGNAL: 9 (Killed)
===================================================================================

===================================================================================
=   BAD TERMINATION OF ONE OF YOUR APPLICATION PROCESSES
=   RANK 6 PID 1655583 RUNNING AT cpu-r-3
=   KILLED BY SIGNAL: 9 (Killed)
===================================================================================

===================================================================================
=   BAD TERMINATION OF ONE OF YOUR APPLICATION PROCESSES
=   RANK 7 PID 1655584 RUNNING AT cpu-r-3
=   KILLED BY SIGNAL: 9 (Killed)
===================================================================================

===================================================================================
=   BAD TERMINATION OF ONE OF YOUR APPLICATION PROCESSES
=   RANK 8 PID 1655585 RUNNING AT cpu-r-3
=   KILLED BY SIGNAL: 9 (Killed)
===================================================================================

===================================================================================
=   BAD TERMINATION OF ONE OF YOUR APPLICATION PROCESSES
=   RANK 9 PID 1655586 RUNNING AT cpu-r-3
=   KILLED BY SIGNAL: 9 (Killed)
===================================================================================

===================================================================================
=   BAD TERMINATION OF ONE OF YOUR APPLICATION PROCESSES
=   RANK 10 PID 1655587 RUNNING AT cpu-r-3
=   KILLED BY SIGNAL: 9 (Killed)
===================================================================================

===================================================================================
=   BAD TERMINATION OF ONE OF YOUR APPLICATION PROCESSES
=   RANK 11 PID 1655588 RUNNING AT cpu-r-3
=   KILLED BY SIGNAL: 9 (Killed)
===================================================================================

===================================================================================
=   BAD TERMINATION OF ONE OF YOUR APPLICATION PROCESSES
=   RANK 12 PID 1655589 RUNNING AT cpu-r-3
=   KILLED BY SIGNAL: 9 (Killed)
===================================================================================

===================================================================================
=   BAD TERMINATION OF ONE OF YOUR APPLICATION PROCESSES
=   RANK 13 PID 1655590 RUNNING AT cpu-r-3
=   KILLED BY SIGNAL: 9 (Killed)
===================================================================================

===================================================================================
=   BAD TERMINATION OF ONE OF YOUR APPLICATION PROCESSES
=   RANK 14 PID 1655591 RUNNING AT cpu-r-3
=   KILLED BY SIGNAL: 9 (Killed)
===================================================================================

===================================================================================
=   BAD TERMINATION OF ONE OF YOUR APPLICATION PROCESSES
=   RANK 15 PID 1655592 RUNNING AT cpu-r-3
=   KILLED BY SIGNAL: 9 (Killed)
===================================================================================

===================================================================================
=   BAD TERMINATION OF ONE OF YOUR APPLICATION PROCESSES
=   RANK 16 PID 1655593 RUNNING AT cpu-r-3
=   KILLED BY SIGNAL: 9 (Killed)
===================================================================================

===================================================================================
=   BAD TERMINATION OF ONE OF YOUR APPLICATION PROCESSES
=   RANK 17 PID 1655594 RUNNING AT cpu-r-3
=   KILLED BY SIGNAL: 9 (Killed)
===================================================================================

===================================================================================
=   BAD TERMINATION OF ONE OF YOUR APPLICATION PROCESSES
=   RANK 18 PID 1655595 RUNNING AT cpu-r-3
=   KILLED BY SIGNAL: 9 (Killed)
===================================================================================

===================================================================================
=   BAD TERMINATION OF ONE OF YOUR APPLICATION PROCESSES
=   RANK 19 PID 1655596 RUNNING AT cpu-r-3
=   KILLED BY SIGNAL: 9 (Killed)
===================================================================================

===================================================================================
=   BAD TERMINATION OF ONE OF YOUR APPLICATION PROCESSES
=   RANK 20 PID 1655597 RUNNING AT cpu-r-3
=   KILLED BY SIGNAL: 9 (Killed)
===================================================================================

===================================================================================
=   BAD TERMINATION OF ONE OF YOUR APPLICATION PROCESSES
=   RANK 21 PID 1655598 RUNNING AT cpu-r-3
=   KILLED BY SIGNAL: 9 (Killed)
===================================================================================

===================================================================================
=   BAD TERMINATION OF ONE OF YOUR APPLICATION PROCESSES
=   RANK 22 PID 1655599 RUNNING AT cpu-r-3
=   KILLED BY SIGNAL: 9 (Killed)
===================================================================================

===================================================================================
=   BAD TERMINATION OF ONE OF YOUR APPLICATION PROCESSES
=   RANK 23 PID 1655600 RUNNING AT cpu-r-3
=   KILLED BY SIGNAL: 9 (Killed)
===================================================================================

===================================================================================
=   BAD TERMINATION OF ONE OF YOUR APPLICATION PROCESSES
=   RANK 24 PID 1655601 RUNNING AT cpu-r-3
=   KILLED BY SIGNAL: 9 (Killed)
===================================================================================

===================================================================================
=   BAD TERMINATION OF ONE OF YOUR APPLICATION PROCESSES
=   RANK 25 PID 1655602 RUNNING AT cpu-r-3
=   KILLED BY SIGNAL: 9 (Killed)
===================================================================================

===================================================================================
=   BAD TERMINATION OF ONE OF YOUR APPLICATION PROCESSES
=   RANK 26 PID 1655603 RUNNING AT cpu-r-3
=   KILLED BY SIGNAL: 9 (Killed)
===================================================================================

===================================================================================
=   BAD TERMINATION OF ONE OF YOUR APPLICATION PROCESSES
=   RANK 27 PID 1655604 RUNNING AT cpu-r-3
=   KILLED BY SIGNAL: 9 (Killed)
===================================================================================

===================================================================================
=   BAD TERMINATION OF ONE OF YOUR APPLICATION PROCESSES
=   RANK 28 PID 1655605 RUNNING AT cpu-r-3
=   KILLED BY SIGNAL: 9 (Killed)
===================================================================================

===================================================================================
=   BAD TERMINATION OF ONE OF YOUR APPLICATION PROCESSES
=   RANK 29 PID 1655606 RUNNING AT cpu-r-3
=   KILLED BY SIGNAL: 9 (Killed)
===================================================================================

===================================================================================
=   BAD TERMINATION OF ONE OF YOUR APPLICATION PROCESSES
=   RANK 30 PID 1655607 RUNNING AT cpu-r-3
=   KILLED BY SIGNAL: 9 (Killed)
===================================================================================

===================================================================================
=   BAD TERMINATION OF ONE OF YOUR APPLICATION PROCESSES
=   RANK 31 PID 1655608 RUNNING AT cpu-r-3
=   KILLED BY SIGNAL: 9 (Killed)
===================================================================================

===================================================================================
=   BAD TERMINATION OF ONE OF YOUR APPLICATION PROCESSES
=   RANK 32 PID 1655609 RUNNING AT cpu-r-3
=   KILLED BY SIGNAL: 9 (Killed)
===================================================================================

===================================================================================
=   BAD TERMINATION OF ONE OF YOUR APPLICATION PROCESSES
=   RANK 33 PID 1655610 RUNNING AT cpu-r-3
=   KILLED BY SIGNAL: 9 (Killed)
===================================================================================

===================================================================================
=   BAD TERMINATION OF ONE OF YOUR APPLICATION PROCESSES
=   RANK 34 PID 1655611 RUNNING AT cpu-r-3
=   KILLED BY SIGNAL: 9 (Killed)
===================================================================================

===================================================================================
=   BAD TERMINATION OF ONE OF YOUR APPLICATION PROCESSES
=   RANK 35 PID 1655612 RUNNING AT cpu-r-3
=   KILLED BY SIGNAL: 9 (Killed)
===================================================================================

===================================================================================
=   BAD TERMINATION OF ONE OF YOUR APPLICATION PROCESSES
=   RANK 36 PID 1655613 RUNNING AT cpu-r-3
=   KILLED BY SIGNAL: 9 (Killed)
===================================================================================

===================================================================================
=   BAD TERMINATION OF ONE OF YOUR APPLICATION PROCESSES
=   RANK 37 PID 1655614 RUNNING AT cpu-r-3
=   KILLED BY SIGNAL: 9 (Killed)
===================================================================================

===================================================================================
=   BAD TERMINATION OF ONE OF YOUR APPLICATION PROCESSES
=   RANK 38 PID 1655615 RUNNING AT cpu-r-3
=   KILLED BY SIGNAL: 9 (Killed)
===================================================================================

===================================================================================
=   BAD TERMINATION OF ONE OF YOUR APPLICATION PROCESSES
=   RANK 39 PID 1655616 RUNNING AT cpu-r-3
=   KILLED BY SIGNAL: 9 (Killed)
===================================================================================
