Loading rhel8/default-icl
  Loading requirement: rhel8/slurm singularity/current rhel8/global cuda/11.4
    vgl/2.5.1/64 intel-oneapi-compilers/2022.1.0/gcc/b6zld2mz ucx/1.15.0
    intel-oneapi-mpi/2021.6.0/intel/guxuvcpm
Loading cube/4.8/gcc/23p4hfhj
  Loading requirement: cubelib/4.8/gcc/d6dn6fbz libmd/1.0.4/gcc/cb4tpaqj
    libbsd/0.11.5/gcc/xsr6mhaa expat/2.4.8/gcc/xuqakzcy
    libiconv/1.16/gcc/aa2kwjch libxml2/2.9.13/gcc/fww2yzpt
    ncurses/6.2/gcc/qke6jyyt gettext/0.21/gcc/lhdl4tbr libffi/3.4.2/gcc/alfpockh
    pcre/8.45/gcc/jgwcvolz readline/8.1/gcc/bgw44yb2 gdbm/1.23/gcc/dviudcmk
    sqlite/3.38.5/gcc/xdyquaax tcl/8.6.12/gcc/gf3ofu4d
    inputproto/2.3.2/gcc/bwj4rzah kbproto/1.0.7/gcc/go5c2zyv
    libpthread-stubs/0.4/gcc/zyf6irr6 xproto/7.0.31/gcc/f5csjg7w
    libxau/1.0.8/gcc/dfmabka4 libxdmcp/1.1.2/gcc/iilv5r4i
    xcb-proto/1.14.1/gcc/ppnp4lo4 libxcb/1.14/gcc/cmzk7sor
    xextproto/7.3.0/gcc/oowjkbwu xtrans/1.3.5/gcc/zrqo6ghr
    libx11/1.7.0/gcc/pe2khlxx font-util/1.3.2/gcc/d376rdkf
    libpng/1.6.37/gcc/trvruff6 freetype/2.11.1/gcc/u4bjufog
    util-linux-uuid/2.37.4/gcc/h7hztrtm fontconfig/2.13.1/gcc/ya6ibpmq
    renderproto/0.11.1/gcc/b2jkdp6e libxrender/0.9.10/gcc/n6yxi44d
    libxft/2.3.2/gcc/zay6bixf libxext/1.3.3/gcc/p7y37pfb
    scrnsaverproto/1.2.2/gcc/fzbihsla libxscrnsaver/1.2.2/gcc/t5hd2qnu
    tk/8.6.11/gcc/vdahj5in python/3.9.12/gcc/pdcqf4o5 glib/2.72.1/gcc/ossxhd4z
    libice/1.0.9/gcc/ryauhh2f libsm/1.2.3/gcc/gc4ariqd dbus/1.12.8/gcc/uvq5cpwf
    double-conversion/3.1.5/gcc/2k4uflia pixman/0.40.0/gcc/2wv7zavv
    cairo/1.16.0/gcc/rxuyervx gobject-introspection/1.72.0/gcc/t2ffpwoo
    icu4c/67.1/gcc/4ly45zrt harfbuzz/4.2.1/gcc/6e7bjt35
    libjpeg-turbo/2.1.3/gcc/3m6u5lxl libtiff/4.3.0/gcc/zu2vruxu
    lcms/2.13.1/gcc/fg5rmple libmng/2.0.3/gcc/saz7lols
    util-macros/1.19.3/gcc/fnxpyih4 xkbdata/1.0.1/gcc/acidvg5x
    libxkbcommon/1.4.0/gcc/g2nkfpxk pcre2/10.39/gcc/inuagvoq
    xcb-util/0.4.0/gcc/mb5ul24d xcb-util-image/0.4.0/gcc/xfnuwvvw
    xcb-util-keysyms/0.4.0/gcc/crcp222j xcb-util-renderutil/0.3.9/gcc/scn774ro
    xcb-util-wm/0.4.1/gcc/kpzboqng zstd/1.5.2/gcc/xfbmozmj
    qt/5.15.4/gcc/nscjhba7
Loading scorep/8.0/intel/intel-oneapi-mpi/wsx7txgw
  Loading requirement: libiconv/1.16/intel/6u2mmycs
    libxml2/2.9.13/intel/fgfwdljc ncurses/6.2/intel/dnilgm7v
    gettext/0.21/intel/oqzwvu37 binutils/2.40/intel/raz3tohr
    cubelib/4.8/intel/udyz623t cubew/4.8/intel/5chsnzws
    opari2/2.0.6/intel/aa6v73ny otf2/3.0/intel/6ymwom5i
    papi/6.0.0.1/intel/ugkg3uzf
Changed directory to /rds/user/ld751/hpc-work/single_block/single_block_clean/RNL_singlle_block_clean.

JobID: 19360838
======
Time: Mon Dec 15 17:19:09 GMT 2025
Running on master node: cpu-r-2
Current directory: /rds/user/ld751/hpc-work/single_block/single_block_clean/RNL_singlle_block_clean

Nodes allocated:
================
cpu-r-2

numtasks=8, numnodes=1, mpi_tasks_per_node=8 (OMP_NUM_THREADS=1)

Executing command:
==================
mpirun -ppn 8 -np 8 ./littleharsh 

MPI startup(): Warning: I_MPI_PMI_LIBRARY will be ignored since the hydra process manager was found
MPI startup(): Warning: I_MPI_PMI_LIBRARY will be ignored since the hydra process manager was found
MPI startup(): Warning: I_MPI_PMI_LIBRARY will be ignored since the hydra process manager was found
MPI startup(): Warning: I_MPI_PMI_LIBRARY will be ignored since the hydra process manager was found
MPI startup(): Warning: I_MPI_PMI_LIBRARY will be ignored since the hydra process manager was found
MPI startup(): Warning: I_MPI_PMI_LIBRARY will be ignored since the hydra process manager was found
MPI startup(): Warning: I_MPI_PMI_LIBRARY will be ignored since the hydra process manager was found
MPI startup(): Warning: I_MPI_PMI_LIBRARY will be ignored since the hydra process manager was found
 
 ---------------LITTLE HARSH---------------
          'That's a little harsh'          
                    meow                   
 ------------------------------------------
 
 reading parameters for numerical method
 reading surface geometry
 dthdyu(0) smooth   1204.29184034297     
 N:
           0         128         128         128          -2
           0         128         128         128           0
           0           0           0         151           0
           0           0           0         152           0
 Ngal:
           0         192         192         192          -2
           0         192         192         192           0
           0           0           0         151           0
           0           0           0         152           0
 Ny:
           0           0           0         151           0
           0           0           0         152           0
           1           0           0         151           0
 >>> entered proc_lims_columns, myid =           0
 >>> entered proc_lims_columns, myid =           1
 >>> entered proc_lims_columns, myid =           2
 >>> entered proc_lims_columns, myid =           3
 >>> entered proc_lims_columns, myid =           4
 >>> entered proc_lims_columns, myid =           5
 >>> entered proc_lims_columns, myid =           6
 >>> entered proc_lims_columns, myid =           7
 Getting Weights
 ./3e-9/                                                                        
                                          
 
  check 1
 j=           1 weight    30027508
  check 1
 j=           2 weight    30027508
  check 1
 j=           3 weight    30027508
  check 1
 j=           4 weight    30027508
  check 1
 j=           5 weight    30027508
  check 1
 j=           6 weight    33283485
  check 1
 j=           7 weight    38215811
  check 1
 j=           8 weight    48275597
  check 1
 j=           9 weight    59266016
  check 1
 j=          10 weight    68919502
  check 1
 j=          11 weight    78741805
  check 1
 j=          12 weight    89272046
  check 1
 j=          13 weight   100956150
  check 1
 j=          14 weight   113548155
  check 1
 j=          15 weight   117568706
  check 1
 j=          16 weight   124053085
  check 1
 j=          17 weight   133197378
  check 1
 j=          18 weight   142395584
  check 1
 j=          19 weight   151342045
  check 1
 j=          20 weight   152025435
  check 1
 j=          21 weight   152229628
  check 1
 j=          22 weight   155351183
  check 1
 j=          23 weight   160174549
  check 1
 j=          24 weight   165243294
  check 1
 j=          25 weight   171343826
  check 1
 j=          26 weight   176197244
  check 1
 j=          27 weight   173036014
  check 1
 j=          28 weight   169611377
  check 1
 j=          29 weight   167628535
  check 1
 j=          30 weight   166306314
  check 1
 j=          31 weight   167371874
  check 1
 j=          32 weight   169246398
  check 1
 j=          33 weight   172684218
  check 1
 j=          34 weight   173652670
  check 1
 j=          35 weight   170129689
  check 1
 j=          36 weight   166317096
  check 1
 j=          37 weight   162221478
  check 1
 j=          38 weight   158128240
  check 1
 j=          39 weight   154617130
  check 1
 j=          40 weight   151207619
  check 1
 j=          41 weight   147425554
  check 1
 j=          42 weight   144756990
  check 1
 j=          43 weight   142315480
  check 1
 j=          44 weight   141144288
  check 1
 j=          45 weight   138722926
  check 1
 j=          46 weight   136172282
  check 1
 j=          47 weight   133233682
  check 1
 j=          48 weight   130218613
  check 1
 j=          49 weight   126682591
  check 1
 j=          50 weight   123278423
  check 1
 j=          51 weight   119643404
  check 1
 j=          52 weight   115909707
  check 1
 j=          53 weight   112868256
  check 1
 j=          54 weight   109328347
  check 1
 j=          55 weight   106222136
  check 1
 j=          56 weight   103470368
  check 1
 j=          57 weight   100986254
  check 1
 j=          58 weight    98067245
  check 1
 j=          59 weight    95900779
  check 1
 j=          60 weight    94052637
  check 1
 j=          61 weight    92053163
  check 1
 j=          62 weight    89499724
  check 1
 j=          63 weight    87199904
  check 1
 j=          64 weight    84770808
  check 1
 j=          65 weight    82218449
  check 1
 j=          66 weight    79959173
  check 1
 j=          67 weight    77372170
  check 1
 j=          68 weight    75036688
  check 1
 j=          69 weight    72657871
  check 1
 j=          70 weight    70277945
  check 1
 j=          71 weight    67676075
  check 1
 j=          72 weight    64404138
  check 1
 j=          73 weight    61715158
  check 1
 j=          74 weight    60675098
  check 1
 j=          75 weight    60675098
  check 1
 j=          76 weight    60675098
  check 1
 j=          77 weight    60675098
  check 1
 j=          78 weight    60675098
  check 1
 j=          79 weight    61715158
  check 1
 j=          80 weight    64404138
  check 1
 j=          81 weight    67676075
  check 1
 j=          82 weight    70277945
  check 1
 j=          83 weight    72657871
  check 1
 j=          84 weight    75036688
  check 1
 j=          85 weight    77372170
  check 1
 j=          86 weight    79959173
  check 1
 j=          87 weight    82218449
  check 1
 j=          88 weight    84770808
  check 1
 j=          89 weight    87199904
  check 1
 j=          90 weight    89499724
  check 1
 j=          91 weight    92053163
  check 1
 j=          92 weight    94052637
  check 1
 j=          93 weight    95900779
  check 1
 j=          94 weight    98067245
  check 1
 j=          95 weight   100986254
  check 1
 j=          96 weight   103470368
  check 1
 j=          97 weight   106222136
  check 1
 j=          98 weight   109328347
  check 1

===================================================================================
=   BAD TERMINATION OF ONE OF YOUR APPLICATION PROCESSES
=   RANK 0 PID 31945 RUNNING AT cpu-r-2
=   KILLED BY SIGNAL: 9 (Killed)
===================================================================================

===================================================================================
=   BAD TERMINATION OF ONE OF YOUR APPLICATION PROCESSES
=   RANK 1 PID 31946 RUNNING AT cpu-r-2
=   KILLED BY SIGNAL: 9 (Killed)
===================================================================================

===================================================================================
=   BAD TERMINATION OF ONE OF YOUR APPLICATION PROCESSES
=   RANK 2 PID 31947 RUNNING AT cpu-r-2
=   KILLED BY SIGNAL: 9 (Killed)
===================================================================================

===================================================================================
=   BAD TERMINATION OF ONE OF YOUR APPLICATION PROCESSES
=   RANK 3 PID 31948 RUNNING AT cpu-r-2
=   KILLED BY SIGNAL: 9 (Killed)
===================================================================================

===================================================================================
=   BAD TERMINATION OF ONE OF YOUR APPLICATION PROCESSES
=   RANK 4 PID 31949 RUNNING AT cpu-r-2
=   KILLED BY SIGNAL: 9 (Killed)
===================================================================================

===================================================================================
=   BAD TERMINATION OF ONE OF YOUR APPLICATION PROCESSES
=   RANK 5 PID 31950 RUNNING AT cpu-r-2
=   KILLED BY SIGNAL: 9 (Killed)
===================================================================================

===================================================================================
=   BAD TERMINATION OF ONE OF YOUR APPLICATION PROCESSES
=   RANK 6 PID 31951 RUNNING AT cpu-r-2
=   KILLED BY SIGNAL: 9 (Killed)
===================================================================================

===================================================================================
=   BAD TERMINATION OF ONE OF YOUR APPLICATION PROCESSES
=   RANK 7 PID 31952 RUNNING AT cpu-r-2
=   KILLED BY SIGNAL: 9 (Killed)
===================================================================================
slurmstepd: error: Detected 1 oom_kill event in StepId=19360838.0. Some of the step tasks have been OOM Killed.
srun: error: cpu-r-2: task 0: Out Of Memory
I_MPI_JOB_TIMEOUT = -1 second(s): job ending due to startup timeout
