Loading rhel8/default-icl
  Loading requirement: rhel8/slurm singularity/current rhel8/global cuda/11.4
    vgl/2.5.1/64 intel-oneapi-compilers/2022.1.0/gcc/b6zld2mz ucx/1.15.0
    intel-oneapi-mpi/2021.6.0/intel/guxuvcpm
Loading cube/4.8/gcc/23p4hfhj
  Loading requirement: cubelib/4.8/gcc/d6dn6fbz libmd/1.0.4/gcc/cb4tpaqj
    libbsd/0.11.5/gcc/xsr6mhaa expat/2.4.8/gcc/xuqakzcy
    libiconv/1.16/gcc/aa2kwjch libxml2/2.9.13/gcc/fww2yzpt
    ncurses/6.2/gcc/qke6jyyt gettext/0.21/gcc/lhdl4tbr libffi/3.4.2/gcc/alfpockh
    pcre/8.45/gcc/jgwcvolz readline/8.1/gcc/bgw44yb2 gdbm/1.23/gcc/dviudcmk
    sqlite/3.38.5/gcc/xdyquaax tcl/8.6.12/gcc/gf3ofu4d
    inputproto/2.3.2/gcc/bwj4rzah kbproto/1.0.7/gcc/go5c2zyv
    libpthread-stubs/0.4/gcc/zyf6irr6 xproto/7.0.31/gcc/f5csjg7w
    libxau/1.0.8/gcc/dfmabka4 libxdmcp/1.1.2/gcc/iilv5r4i
    xcb-proto/1.14.1/gcc/ppnp4lo4 libxcb/1.14/gcc/cmzk7sor
    xextproto/7.3.0/gcc/oowjkbwu xtrans/1.3.5/gcc/zrqo6ghr
    libx11/1.7.0/gcc/pe2khlxx font-util/1.3.2/gcc/d376rdkf
    libpng/1.6.37/gcc/trvruff6 freetype/2.11.1/gcc/u4bjufog
    util-linux-uuid/2.37.4/gcc/h7hztrtm fontconfig/2.13.1/gcc/ya6ibpmq
    renderproto/0.11.1/gcc/b2jkdp6e libxrender/0.9.10/gcc/n6yxi44d
    libxft/2.3.2/gcc/zay6bixf libxext/1.3.3/gcc/p7y37pfb
    scrnsaverproto/1.2.2/gcc/fzbihsla libxscrnsaver/1.2.2/gcc/t5hd2qnu
    tk/8.6.11/gcc/vdahj5in python/3.9.12/gcc/pdcqf4o5 glib/2.72.1/gcc/ossxhd4z
    libice/1.0.9/gcc/ryauhh2f libsm/1.2.3/gcc/gc4ariqd dbus/1.12.8/gcc/uvq5cpwf
    double-conversion/3.1.5/gcc/2k4uflia pixman/0.40.0/gcc/2wv7zavv
    cairo/1.16.0/gcc/rxuyervx gobject-introspection/1.72.0/gcc/t2ffpwoo
    icu4c/67.1/gcc/4ly45zrt harfbuzz/4.2.1/gcc/6e7bjt35
    libjpeg-turbo/2.1.3/gcc/3m6u5lxl libtiff/4.3.0/gcc/zu2vruxu
    lcms/2.13.1/gcc/fg5rmple libmng/2.0.3/gcc/saz7lols
    util-macros/1.19.3/gcc/fnxpyih4 xkbdata/1.0.1/gcc/acidvg5x
    libxkbcommon/1.4.0/gcc/g2nkfpxk pcre2/10.39/gcc/inuagvoq
    xcb-util/0.4.0/gcc/mb5ul24d xcb-util-image/0.4.0/gcc/xfnuwvvw
    xcb-util-keysyms/0.4.0/gcc/crcp222j xcb-util-renderutil/0.3.9/gcc/scn774ro
    xcb-util-wm/0.4.1/gcc/kpzboqng zstd/1.5.2/gcc/xfbmozmj
    qt/5.15.4/gcc/nscjhba7
Loading scorep/8.0/intel/intel-oneapi-mpi/wsx7txgw
  Loading requirement: libiconv/1.16/intel/6u2mmycs
    libxml2/2.9.13/intel/fgfwdljc ncurses/6.2/intel/dnilgm7v
    gettext/0.21/intel/oqzwvu37 binutils/2.40/intel/raz3tohr
    cubelib/4.8/intel/udyz623t cubew/4.8/intel/5chsnzws
    opari2/2.0.6/intel/aa6v73ny otf2/3.0/intel/6ymwom5i
    papi/6.0.0.1/intel/ugkg3uzf
Changed directory to /rds/user/ld751/hpc-work/single_block/single_block_clean/RNL_singlle_block_clean.

JobID: 19360952
======
Time: Mon Dec 15 17:23:56 GMT 2025
Running on master node: cpu-r-103
Current directory: /rds/user/ld751/hpc-work/single_block/single_block_clean/RNL_singlle_block_clean

Nodes allocated:
================
cpu-r-103

numtasks=40, numnodes=1, mpi_tasks_per_node=40 (OMP_NUM_THREADS=1)

Executing command:
==================
mpirun -ppn 40 -np 40 ./littleharsh 

MPI startup(): Warning: I_MPI_PMI_LIBRARY will be ignored since the hydra process manager was found
MPI startup(): Warning: I_MPI_PMI_LIBRARY will be ignored since the hydra process manager was found
MPI startup(): Warning: I_MPI_PMI_LIBRARY will be ignored since the hydra process manager was found
MPI startup(): Warning: I_MPI_PMI_LIBRARY will be ignored since the hydra process manager was found
MPI startup(): Warning: I_MPI_PMI_LIBRARY will be ignored since the hydra process manager was found
MPI startup(): Warning: I_MPI_PMI_LIBRARY will be ignored since the hydra process manager was found
MPI startup(): Warning: I_MPI_PMI_LIBRARY will be ignored since the hydra process manager was found
MPI startup(): Warning: I_MPI_PMI_LIBRARY will be ignored since the hydra process manager was found
MPI startup(): Warning: I_MPI_PMI_LIBRARY will be ignored since the hydra process manager was found
MPI startup(): Warning: I_MPI_PMI_LIBRARY will be ignored since the hydra process manager was found
MPI startup(): Warning: I_MPI_PMI_LIBRARY will be ignored since the hydra process manager was found
MPI startup(): Warning: I_MPI_PMI_LIBRARY will be ignored since the hydra process manager was found
MPI startup(): Warning: I_MPI_PMI_LIBRARY will be ignored since the hydra process manager was found
MPI startup(): Warning: I_MPI_PMI_LIBRARY will be ignored since the hydra process manager was found
MPI startup(): Warning: I_MPI_PMI_LIBRARY will be ignored since the hydra process manager was found
MPI startup(): Warning: I_MPI_PMI_LIBRARY will be ignored since the hydra process manager was found
MPI startup(): Warning: I_MPI_PMI_LIBRARY will be ignored since the hydra process manager was found
MPI startup(): Warning: I_MPI_PMI_LIBRARY will be ignored since the hydra process manager was found
MPI startup(): Warning: I_MPI_PMI_LIBRARY will be ignored since the hydra process manager was found
MPI startup(): Warning: I_MPI_PMI_LIBRARY will be ignored since the hydra process manager was found
MPI startup(): Warning: I_MPI_PMI_LIBRARY will be ignored since the hydra process manager was found
MPI startup(): Warning: I_MPI_PMI_LIBRARY will be ignored since the hydra process manager was found
MPI startup(): Warning: I_MPI_PMI_LIBRARY will be ignored since the hydra process manager was found
MPI startup(): Warning: I_MPI_PMI_LIBRARY will be ignored since the hydra process manager was found
MPI startup(): Warning: I_MPI_PMI_LIBRARY will be ignored since the hydra process manager was found
MPI startup(): Warning: I_MPI_PMI_LIBRARY will be ignored since the hydra process manager was found
MPI startup(): Warning: I_MPI_PMI_LIBRARY will be ignored since the hydra process manager was found
MPI startup(): Warning: I_MPI_PMI_LIBRARY will be ignored since the hydra process manager was found
MPI startup(): Warning: I_MPI_PMI_LIBRARY will be ignored since the hydra process manager was found
MPI startup(): Warning: I_MPI_PMI_LIBRARY will be ignored since the hydra process manager was found
MPI startup(): Warning: I_MPI_PMI_LIBRARY will be ignored since the hydra process manager was found
MPI startup(): Warning: I_MPI_PMI_LIBRARY will be ignored since the hydra process manager was found
MPI startup(): Warning: I_MPI_PMI_LIBRARY will be ignored since the hydra process manager was found
MPI startup(): Warning: I_MPI_PMI_LIBRARY will be ignored since the hydra process manager was found
MPI startup(): Warning: I_MPI_PMI_LIBRARY will be ignored since the hydra process manager was found
MPI startup(): Warning: I_MPI_PMI_LIBRARY will be ignored since the hydra process manager was found
MPI startup(): Warning: I_MPI_PMI_LIBRARY will be ignored since the hydra process manager was found
MPI startup(): Warning: I_MPI_PMI_LIBRARY will be ignored since the hydra process manager was found
MPI startup(): Warning: I_MPI_PMI_LIBRARY will be ignored since the hydra process manager was found
MPI startup(): Warning: I_MPI_PMI_LIBRARY will be ignored since the hydra process manager was found
 
 ---------------LITTLE HARSH---------------
          'That's a little harsh'          
                    meow                   
 ------------------------------------------
 
 reading parameters for numerical method
 reading surface geometry
 dthdyu(0) smooth   1204.29184034297     
 N:
           0         128         128         128          -2
           0         128         128         128           0
           0           0           0         151           0
           0           0           0         152           0
 Ngal:
           0         192         192         192          -2
           0         192         192         192           0
           0           0           0         151           0
           0           0           0         152           0
 Ny:
           0           0           0         151           0
           0           0           0         152           0
           1           0           0         151           0
 >>> entered proc_lims_columns, myid =          14
 >>> entered proc_lims_columns, myid =          22
 >>> entered proc_lims_columns, myid =           0
 >>> entered proc_lims_columns, myid =          20
 >>> entered proc_lims_columns, myid =          26
 >>> entered proc_lims_columns, myid =          36
 >>> entered proc_lims_columns, myid =          15
 >>> entered proc_lims_columns, myid =           6
 >>> entered proc_lims_columns, myid =           7
 >>> entered proc_lims_columns, myid =           1
 >>> entered proc_lims_columns, myid =          11
 >>> entered proc_lims_columns, myid =          18
 >>> entered proc_lims_columns, myid =          21
 >>> entered proc_lims_columns, myid =          30
 >>> entered proc_lims_columns, myid =          33
 >>> entered proc_lims_columns, myid =          34
 >>> entered proc_lims_columns, myid =           9
 >>> entered proc_lims_columns, myid =           3
 >>> entered proc_lims_columns, myid =           4
 >>> entered proc_lims_columns, myid =          16
 >>> entered proc_lims_columns, myid =          12
 >>> entered proc_lims_columns, myid =          29
 >>> entered proc_lims_columns, myid =           5
 >>> entered proc_lims_columns, myid =          38
 >>> entered proc_lims_columns, myid =          37
 >>> entered proc_lims_columns, myid =          27
 >>> entered proc_lims_columns, myid =           8
 >>> entered proc_lims_columns, myid =          28
 >>> entered proc_lims_columns, myid =          39
 >>> entered proc_lims_columns, myid =          10
 >>> entered proc_lims_columns, myid =          31
 >>> entered proc_lims_columns, myid =          13
 >>> entered proc_lims_columns, myid =          23
 >>> entered proc_lims_columns, myid =          25
 >>> entered proc_lims_columns, myid =          17
 >>> entered proc_lims_columns, myid =          32
 >>> entered proc_lims_columns, myid =          19
 >>> entered proc_lims_columns, myid =           2
 Getting Weights
 ./3e-9/                                                                        
                                          
 
 >>> entered proc_lims_columns, myid =          24
 >>> entered proc_lims_columns, myid =          35
  check 1
 j=           1 weight    30027508
  check 1
 j=           2 weight    30027508
  check 1
 j=           3 weight    30027508
  check 1
 j=           4 weight    30027508
  check 1
 j=           5 weight    30027508
  check 1
 j=           6 weight    33283485
  check 1
 j=           7 weight    38215811
  check 1
 j=           8 weight    48275597
  check 1
 j=           9 weight    59266016
  check 1
 j=          10 weight    68919502
  check 1
 j=          11 weight    78741805
  check 1
 j=          12 weight    89272046
  check 1
 j=          13 weight   100956150
  check 1
 j=          14 weight   113548155
  check 1
 j=          15 weight   117568706
  check 1
 j=          16 weight   124053085
  check 1
 j=          17 weight   133197378
  check 1
 j=          18 weight   142395584
  check 1
 j=          19 weight   151342045
  check 1
 j=          20 weight   152025435
  check 1
 j=          21 weight   152229628
  check 1
 j=          22 weight   155351183
  check 1
 j=          23 weight   160174549
  check 1
 j=          24 weight   165243294
  check 1
 j=          25 weight   171343826
  check 1
 j=          26 weight   176197244
  check 1
 j=          27 weight   173036014
  check 1
 j=          28 weight   169611377
  check 1
 j=          29 weight   167628535
  check 1
 j=          30 weight   166306314
  check 1
 j=          31 weight   167371874
  check 1
 j=          32 weight   169246398
  check 1
 j=          33 weight   172684218
  check 1
 j=          34 weight   173652670
  check 1
 j=          35 weight   170129689
  check 1
 j=          36 weight   166317096
  check 1
 j=          37 weight   162221478
  check 1
 j=          38 weight   158128240
  check 1
 j=          39 weight   154617130
  check 1
 j=          40 weight   151207619
  check 1
 j=          41 weight   147425554
  check 1
 j=          42 weight   144756990
  check 1
 j=          43 weight   142315480
  check 1
 j=          44 weight   141144288
  check 1
 j=          45 weight   138722926
  check 1
 j=          46 weight   136172282
  check 1
 j=          47 weight   133233682
  check 1
 j=          48 weight   130218613
  check 1
 j=          49 weight   126682591
  check 1
 j=          50 weight   123278423
  check 1
 j=          51 weight   119643404
  check 1
 j=          52 weight   115909707
  check 1
 j=          53 weight   112868256
  check 1
 j=          54 weight   109328347
  check 1
 j=          55 weight   106222136
  check 1
 j=          56 weight   103470368
  check 1
 j=          57 weight   100986254
  check 1
 j=          58 weight    98067245
  check 1
 j=          59 weight    95900779
  check 1
 j=          60 weight    94052637
  check 1
 j=          61 weight    92053163
  check 1
 j=          62 weight    89499724
  check 1
 j=          63 weight    87199904
  check 1
 j=          64 weight    84770808
  check 1
 j=          65 weight    82218449
  check 1
 j=          66 weight    79959173
  check 1
 j=          67 weight    77372170
  check 1
 j=          68 weight    75036688
  check 1
 j=          69 weight    72657871
  check 1
 j=          70 weight    70277945
  check 1
 j=          71 weight    67676075
  check 1
 j=          72 weight    64404138
  check 1
 j=          73 weight    61715158
  check 1
 j=          74 weight    60675098
  check 1
 j=          75 weight    60675098
  check 1
 j=          76 weight    60675098
  check 1
 j=          77 weight    60675098
  check 1
 j=          78 weight    60675098
  check 1
 j=          79 weight    61715158
  check 1
 j=          80 weight    64404138
  check 1
 j=          81 weight    67676075
  check 1
 j=          82 weight    70277945
  check 1
 j=          83 weight    72657871
  check 1
 j=          84 weight    75036688
  check 1
 j=          85 weight    77372170
  check 1
 j=          86 weight    79959173
  check 1
 j=          87 weight    82218449
  check 1
 j=          88 weight    84770808
  check 1
 j=          89 weight    87199904
  check 1
 j=          90 weight    89499724
  check 1
 j=          91 weight    92053163
  check 1
 j=          92 weight    94052637
  check 1
 j=          93 weight    95900779
  check 1
 j=          94 weight    98067245
  check 1
 j=          95 weight   100986254
  check 1
 j=          96 weight   103470368
  check 1
 j=          97 weight   106222136
  check 1
 j=          98 weight   109328347
  check 1
 j=          99 weight   112868256
  check 1
 j=         100 weight   115909707
  check 1
 j=         101 weight   119643404
  check 1
 j=         102 weight   123278423
  check 1
 j=         103 weight   126682591
  check 1
 j=         104 weight   130218613
  check 1
 j=         105 weight   133233682
  check 1
 j=         106 weight   136172282
  check 1
 j=         107 weight   138722926
  check 1
 j=         108 weight   141144288
  check 1
 j=         109 weight   142315480
  check 1
 j=         110 weight   144756990
  check 1
 j=         111 weight   147425554
  check 1
 j=         112 weight   151207619
  check 1
 j=         113 weight   154617130
  check 1
 j=         114 weight   158128240
  check 1
 j=         115 weight   162221478
  check 1
 j=         116 weight   166317096
  check 1
 j=         117 weight   170129689
  check 1
 j=         118 weight   173652670
  check 1
 j=         119 weight   172684218
  check 1
 j=         120 weight   169246398
  check 1
 j=         121 weight   167371874
  check 1
 j=         122 weight   166306314
  check 1
 j=         123 weight   167628535
  check 1
 j=         124 weight   169611377
  check 1
 j=         125 weight   173036014
  check 1
 j=         126 weight   176197244
  check 1
 j=         127 weight   171343826
  check 1
 j=         128 weight   165243294
  check 1
 j=         129 weight   160174549
  check 1
 j=         130 weight   155351183
  check 1
 j=         131 weight   152229628
  check 1
 j=         132 weight   152025435
  check 1
 j=         133 weight   151342045
  check 1
 j=         134 weight   142395584
  check 1
 j=         135 weight   133197378
  check 1
 j=         136 weight   124053085
  check 1
 j=         137 weight   117568706
  check 1
 j=         138 weight   113548155
  check 1
 j=         139 weight   100956150
  check 1
 j=         140 weight    89272046
  check 1
 j=         141 weight    78741805
  check 1
 j=         142 weight    68919502
  check 1
 j=         143 weight    59266016
  check 1
 j=         144 weight    48275597
  check 1
 j=         145 weight    38215811
  check 1
 j=         146 weight    33283485
  check 1
 j=         147 weight    30027508
  check 1
 j=         148 weight    30027508
  check 1
 j=         149 weight    30027508
  check 1
 j=         150 weight    30027508
  check 1
 j=         151 weight    30027508
 check 4
[cpu-r-103:25602:0:25602] Caught signal 11 (Segmentation fault: address not mapped to object at address 0x4)
[cpu-r-103:25608:0:25608] Caught signal 11 (Segmentation fault: address not mapped to object at address 0x4)
[cpu-r-103:25616:0:25616] Caught signal 11 (Segmentation fault: address not mapped to object at address 0x4)
[cpu-r-103:25617:0:25617] Caught signal 11 (Segmentation fault: address not mapped to object at address 0x4)
[cpu-r-103:25619:0:25619] Caught signal 11 (Segmentation fault: address not mapped to object at address 0x4)
==== backtrace (tid:  25619) ====
 0  /usr/local/software/spack/csd3/opt-2024-06-01/linux-rocky8-x86_64_v4/gcc-8.5.0/ucx-1.15.0-3odtpik4wnhzdj6fgnc5ujwcmmnx4yjl/lib/libucs.so.0(ucs_handle_error+0x294) [0x1505ca8517a4]
 1  /usr/local/software/spack/csd3/opt-2024-06-01/linux-rocky8-x86_64_v4/gcc-8.5.0/ucx-1.15.0-3odtpik4wnhzdj6fgnc5ujwcmmnx4yjl/lib/libucs.so.0(+0x2d964) [0x1505ca851964]
 2  /usr/local/software/spack/csd3/opt-2024-06-01/linux-rocky8-x86_64_v4/gcc-8.5.0/ucx-1.15.0-3odtpik4wnhzdj6fgnc5ujwcmmnx4yjl/lib/libucs.so.0(+0x2dc08) [0x1505ca851c08]
 3  ./littleharsh() [0x47259c]
 4  ./littleharsh() [0x41f6f4]
 5  ./littleharsh() [0x775b30]
 6  ./littleharsh() [0x403922]
 7  /lib64/libc.so.6(__libc_start_main+0xe5) [0x15071c6867e5]
 8  ./littleharsh() [0x40382e]
=================================
[cpu-r-103:25623:0:25623] Caught signal 11 (Segmentation fault: address not mapped to object at address 0x4)
[cpu-r-103:25624:0:25624] Caught signal 11 (Segmentation fault: address not mapped to object at address 0x4)
[cpu-r-103:25625:0:25625] Caught signal 11 (Segmentation fault: address not mapped to object at address 0x4)
==== backtrace (tid:  25625) ====
[cpu-r-103:25629:0:25629] Caught signal 11 (Segmentation fault: address not mapped to object at address 0x4)
[cpu-r-103:25636:0:25636] Caught signal 11 (Segmentation fault: address not mapped to object at address 0x4)
[cpu-r-103:25603:0:25603] Caught signal 11 (Segmentation fault: address not mapped to object at address 0x4)
[cpu-r-103:25607:0:25607] Caught signal 11 (Segmentation fault: address not mapped to object at address 0x4)
==== backtrace (tid:  25608) ====
 0  /usr/local/software/spack/csd3/opt-2024-06-01/linux-rocky8-x86_64_v4/gcc-8.5.0/ucx-1.15.0-3odtpik4wnhzdj6fgnc5ujwcmmnx4yjl/lib/libucs.so.0(ucs_handle_error+0x294) [0x149febb2b7a4]
 1  /usr/local/software/spack/csd3/opt-2024-06-01/linux-rocky8-x86_64_v4/gcc-8.5.0/ucx-1.15.0-3odtpik4wnhzdj6fgnc5ujwcmmnx4yjl/lib/libucs.so.0(+0x2d964) [0x149febb2b964]
 2  /usr/local/software/spack/csd3/opt-2024-06-01/linux-rocky8-x86_64_v4/gcc-8.5.0/ucx-1.15.0-3odtpik4wnhzdj6fgnc5ujwcmmnx4yjl/lib/libucs.so.0(+0x2dc08) [0x149febb2bc08]
 3  ./littleharsh() [0x47259c]
 4  ./littleharsh() [0x41f6f4]
 5  ./littleharsh() [0x775b30]
 6  ./littleharsh() [0x403922]
 7  /lib64/libc.so.6(__libc_start_main+0xe5) [0x14a13d9607e5]
 8  ./littleharsh() [0x40382e]
=================================
[cpu-r-103:25612:0:25612] Caught signal 11 (Segmentation fault: address not mapped to object at address 0x4)
[cpu-r-103:25618:0:25618] Caught signal 11 (Segmentation fault: address not mapped to object at address 0x4)
[cpu-r-103:25620:0:25620] Caught signal 11 (Segmentation fault: address not mapped to object at address 0x4)
[cpu-r-103:25621:0:25621] Caught signal 11 (Segmentation fault: address not mapped to object at address 0x4)
[cpu-r-103:25622:0:25622] Caught signal 11 (Segmentation fault: address not mapped to object at address 0x4)
 0  /usr/local/software/spack/csd3/opt-2024-06-01/linux-rocky8-x86_64_v4/gcc-8.5.0/ucx-1.15.0-3odtpik4wnhzdj6fgnc5ujwcmmnx4yjl/lib/libucs.so.0(ucs_handle_error+0x294) [0x14d6b91107a4]
 1  /usr/local/software/spack/csd3/opt-2024-06-01/linux-rocky8-x86_64_v4/gcc-8.5.0/ucx-1.15.0-3odtpik4wnhzdj6fgnc5ujwcmmnx4yjl/lib/libucs.so.0(+0x2d964) [0x14d6b9110964]
 2  /usr/local/software/spack/csd3/opt-2024-06-01/linux-rocky8-x86_64_v4/gcc-8.5.0/ucx-1.15.0-3odtpik4wnhzdj6fgnc5ujwcmmnx4yjl/lib/libucs.so.0(+0x2dc08) [0x14d6b9110c08]
 3  ./littleharsh() [0x47259c]
 4  ./littleharsh() [0x41f6f4]
 5  ./littleharsh() [0x775b30]
 6  ./littleharsh() [0x403922]
 7  /lib64/libc.so.6(__libc_start_main+0xe5) [0x14d80af457e5]
 8  ./littleharsh() [0x40382e]
=================================
[cpu-r-103:25626:0:25626] Caught signal 11 (Segmentation fault: address not mapped to object at address 0x4)
==== backtrace (tid:  25629) ====
 0  /usr/local/software/spack/csd3/opt-2024-06-01/linux-rocky8-x86_64_v4/gcc-8.5.0/ucx-1.15.0-3odtpik4wnhzdj6fgnc5ujwcmmnx4yjl/lib/libucs.so.0(ucs_handle_error+0x294) [0x14ccc5a357a4]
 1  /usr/local/software/spack/csd3/opt-2024-06-01/linux-rocky8-x86_64_v4/gcc-8.5.0/ucx-1.15.0-3odtpik4wnhzdj6fgnc5ujwcmmnx4yjl/lib/libucs.so.0(+0x2d964) [0x14ccc5a35964]
 2  /usr/local/software/spack/csd3/opt-2024-06-01/linux-rocky8-x86_64_v4/gcc-8.5.0/ucx-1.15.0-3odtpik4wnhzdj6fgnc5ujwcmmnx4yjl/lib/libucs.so.0(+0x2dc08) [0x14ccc5a35c08]
 3  ./littleharsh() [0x47259c]
 4  ./littleharsh() [0x41f6f4]
 5  ./littleharsh() [0x775b30]
 6  ./littleharsh() [0x403922]
 7  /lib64/libc.so.6(__libc_start_main+0xe5) [0x14ce1786a7e5]
 8  ./littleharsh() [0x40382e]
=================================
[cpu-r-103:25631:0:25631] Caught signal 11 (Segmentation fault: address not mapped to object at address 0x4)
[cpu-r-103:25632:0:25632] Caught signal 11 (Segmentation fault: address not mapped to object at address 0x4)
[cpu-r-103:25633:0:25633] Caught signal 11 (Segmentation fault: address not mapped to object at address 0x4)
[cpu-r-103:25639:0:25639] Caught signal 11 (Segmentation fault: address not mapped to object at address 0x4)
[cpu-r-103:25606:0:25606] Caught signal 11 (Segmentation fault: address not mapped to object at address 0x4)
[cpu-r-103:25609:0:25609] Caught signal 11 (Segmentation fault: address not mapped to object at address 0x4)
[cpu-r-103:25610:0:25610] Caught signal 11 (Segmentation fault: address not mapped to object at address 0x4)
==== backtrace (tid:  25617) ====
 0  /usr/local/software/spack/csd3/opt-2024-06-01/linux-rocky8-x86_64_v4/gcc-8.5.0/ucx-1.15.0-3odtpik4wnhzdj6fgnc5ujwcmmnx4yjl/lib/libucs.so.0(ucs_handle_error+0x294) [0x148cb9c8a7a4]
 1  /usr/local/software/spack/csd3/opt-2024-06-01/linux-rocky8-x86_64_v4/gcc-8.5.0/ucx-1.15.0-3odtpik4wnhzdj6fgnc5ujwcmmnx4yjl/lib/libucs.so.0(+0x2d964) [0x148cb9c8a964]
 2  /usr/local/software/spack/csd3/opt-2024-06-01/linux-rocky8-x86_64_v4/gcc-8.5.0/ucx-1.15.0-3odtpik4wnhzdj6fgnc5ujwcmmnx4yjl/lib/libucs.so.0(+0x2dc08) [0x148cb9c8ac08]
 3  ./littleharsh() [0x47259c]
 4  ./littleharsh() [0x41f6f4]
 5  ./littleharsh() [0x775b30]
 6  ./littleharsh() [0x403922]
 7  /lib64/libc.so.6(__libc_start_main+0xe5) [0x148e0babf7e5]
 8  ./littleharsh() [0x40382e]
=================================
[cpu-r-103:25627:0:25627] Caught signal 11 (Segmentation fault: address not mapped to object at address 0x4)
[cpu-r-103:25635:0:25635] Caught signal 11 (Segmentation fault: address not mapped to object at address 0x4)
[cpu-r-103:25604:0:25604] Caught signal 11 (Segmentation fault: address not mapped to object at address 0x4)
[cpu-r-103:25611:0:25611] Caught signal 11 (Segmentation fault: address not mapped to object at address 0x4)
==== backtrace (tid:  25616) ====
 0  /usr/local/software/spack/csd3/opt-2024-06-01/linux-rocky8-x86_64_v4/gcc-8.5.0/ucx-1.15.0-3odtpik4wnhzdj6fgnc5ujwcmmnx4yjl/lib/libucs.so.0(ucs_handle_error+0x294) [0x14e2adbe17a4]
 1  /usr/local/software/spack/csd3/opt-2024-06-01/linux-rocky8-x86_64_v4/gcc-8.5.0/ucx-1.15.0-3odtpik4wnhzdj6fgnc5ujwcmmnx4yjl/lib/libucs.so.0(+0x2d964) [0x14e2adbe1964]
 2  /usr/local/software/spack/csd3/opt-2024-06-01/linux-rocky8-x86_64_v4/gcc-8.5.0/ucx-1.15.0-3odtpik4wnhzdj6fgnc5ujwcmmnx4yjl/lib/libucs.so.0(+0x2dc08) [0x14e2adbe1c08]
 3  ./littleharsh() [0x47259c]
 4  ./littleharsh() [0x41f6f4]
 5  ./littleharsh() [0x775b30]
 6  ./littleharsh() [0x403922]
 7  /lib64/libc.so.6(__libc_start_main+0xe5) [0x14e3ffa167e5]
 8  ./littleharsh() [0x40382e]
=================================
==== backtrace (tid:  25620) ====
 0  /usr/local/software/spack/csd3/opt-2024-06-01/linux-rocky8-x86_64_v4/gcc-8.5.0/ucx-1.15.0-3odtpik4wnhzdj6fgnc5ujwcmmnx4yjl/lib/libucs.so.0(ucs_handle_error+0x294) [0x1516f20b47a4]
 1  /usr/local/software/spack/csd3/opt-2024-06-01/linux-rocky8-x86_64_v4/gcc-8.5.0/ucx-1.15.0-3odtpik4wnhzdj6fgnc5ujwcmmnx4yjl/lib/libucs.so.0(+0x2d964) [0x1516f20b4964]
 2  /usr/local/software/spack/csd3/opt-2024-06-01/linux-rocky8-x86_64_v4/gcc-8.5.0/ucx-1.15.0-3odtpik4wnhzdj6fgnc5ujwcmmnx4yjl/lib/libucs.so.0(+0x2dc08) [0x1516f20b4c08]
 3  ./littleharsh() [0x47259c]
 4  ./littleharsh() [0x41f6f4]
 5  ./littleharsh() [0x775b30]
 6  ./littleharsh() [0x403922]
 7  /lib64/libc.so.6(__libc_start_main+0xe5) [0x151843ee97e5]
 8  ./littleharsh() [0x40382e]
=================================
==== backtrace (tid:  25636) ====
 0  /usr/local/software/spack/csd3/opt-2024-06-01/linux-rocky8-x86_64_v4/gcc-8.5.0/ucx-1.15.0-3odtpik4wnhzdj6fgnc5ujwcmmnx4yjl/lib/libucs.so.0(ucs_handle_error+0x294) [0x14dfee1447a4]
 1  /usr/local/software/spack/csd3/opt-2024-06-01/linux-rocky8-x86_64_v4/gcc-8.5.0/ucx-1.15.0-3odtpik4wnhzdj6fgnc5ujwcmmnx4yjl/lib/libucs.so.0(+0x2d964) [0x14dfee144964]
 2  /usr/local/software/spack/csd3/opt-2024-06-01/linux-rocky8-x86_64_v4/gcc-8.5.0/ucx-1.15.0-3odtpik4wnhzdj6fgnc5ujwcmmnx4yjl/lib/libucs.so.0(+0x2dc08) [0x14dfee144c08]
 3  ./littleharsh() [0x47259c]
 4  ./littleharsh() [0x41f6f4]
 5  ./littleharsh() [0x775b30]
 6  ./littleharsh() [0x403922]
 7  /lib64/libc.so.6(__libc_start_main+0xe5) [0x14e13ff797e5]
 8  ./littleharsh() [0x40382e]
=================================
[cpu-r-103:25637:0:25637] Caught signal 11 (Segmentation fault: address not mapped to object at address 0x4)
[cpu-r-103:25638:0:25638] Caught signal 11 (Segmentation fault: address not mapped to object at address 0x4)
[cpu-r-103:25605:0:25605] Caught signal 11 (Segmentation fault: address not mapped to object at address 0x4)
==== backtrace (tid:  25612) ====
 0  /usr/local/software/spack/csd3/opt-2024-06-01/linux-rocky8-x86_64_v4/gcc-8.5.0/ucx-1.15.0-3odtpik4wnhzdj6fgnc5ujwcmmnx4yjl/lib/libucs.so.0(ucs_handle_error+0x294) [0x14a3ec0067a4]
 1  /usr/local/software/spack/csd3/opt-2024-06-01/linux-rocky8-x86_64_v4/gcc-8.5.0/ucx-1.15.0-3odtpik4wnhzdj6fgnc5ujwcmmnx4yjl/lib/libucs.so.0(+0x2d964) [0x14a3ec006964]
 2  /usr/local/software/spack/csd3/opt-2024-06-01/linux-rocky8-x86_64_v4/gcc-8.5.0/ucx-1.15.0-3odtpik4wnhzdj6fgnc5ujwcmmnx4yjl/lib/libucs.so.0(+0x2dc08) [0x14a3ec006c08]
 3  ./littleharsh() [0x47259c]
 4  ./littleharsh() [0x41f6f4]
 5  ./littleharsh() [0x775b30]
 6  ./littleharsh() [0x403922]
 7  /lib64/libc.so.6(__libc_start_main+0xe5) [0x14a53de3b7e5]
 8  ./littleharsh() [0x40382e]
=================================
[cpu-r-103:25614:0:25614] Caught signal 11 (Segmentation fault: address not mapped to object at address 0x4)
==== backtrace (tid:  25626) ====
 0  /usr/local/software/spack/csd3/opt-2024-06-01/linux-rocky8-x86_64_v4/gcc-8.5.0/ucx-1.15.0-3odtpik4wnhzdj6fgnc5ujwcmmnx4yjl/lib/libucs.so.0(ucs_handle_error+0x294) [0x146af4fd17a4]
 1  /usr/local/software/spack/csd3/opt-2024-06-01/linux-rocky8-x86_64_v4/gcc-8.5.0/ucx-1.15.0-3odtpik4wnhzdj6fgnc5ujwcmmnx4yjl/lib/libucs.so.0(+0x2d964) [0x146af4fd1964]
 2  /usr/local/software/spack/csd3/opt-2024-06-01/linux-rocky8-x86_64_v4/gcc-8.5.0/ucx-1.15.0-3odtpik4wnhzdj6fgnc5ujwcmmnx4yjl/lib/libucs.so.0(+0x2dc08) [0x146af4fd1c08]
 3  ./littleharsh() [0x47259c]
 4  ./littleharsh() [0x41f6f4]
 5  ./littleharsh() [0x775b30]
 6  ./littleharsh() [0x403922]
 7  /lib64/libc.so.6(__libc_start_main+0xe5) [0x146c46e067e5]
 8  ./littleharsh() [0x40382e]
=================================
[cpu-r-103:25630:0:25630] Caught signal 11 (Segmentation fault: address not mapped to object at address 0x4)
==== backtrace (tid:  25632) ====
 0  /usr/local/software/spack/csd3/opt-2024-06-01/linux-rocky8-x86_64_v4/gcc-8.5.0/ucx-1.15.0-3odtpik4wnhzdj6fgnc5ujwcmmnx4yjl/lib/libucs.so.0(ucs_handle_error+0x294) [0x14ffc9da87a4]
 1  /usr/local/software/spack/csd3/opt-2024-06-01/linux-rocky8-x86_64_v4/gcc-8.5.0/ucx-1.15.0-3odtpik4wnhzdj6fgnc5ujwcmmnx4yjl/lib/libucs.so.0(+0x2d964) [0x14ffc9da8964]
 2  /usr/local/software/spack/csd3/opt-2024-06-01/linux-rocky8-x86_64_v4/gcc-8.5.0/ucx-1.15.0-3odtpik4wnhzdj6fgnc5ujwcmmnx4yjl/lib/libucs.so.0(+0x2dc08) [0x14ffc9da8c08]
 3  ./littleharsh() [0x47259c]
 4  ./littleharsh() [0x41f6f4]
 5  ./littleharsh() [0x775b30]
 6  ./littleharsh() [0x403922]
 7  /lib64/libc.so.6(__libc_start_main+0xe5) [0x15011bbdd7e5]
 8  ./littleharsh() [0x40382e]
=================================
[cpu-r-103:25601:0:25601] Caught signal 11 (Segmentation fault: address not mapped to object at address 0x4)
==== backtrace (tid:  25602) ====
 0  /usr/local/software/spack/csd3/opt-2024-06-01/linux-rocky8-x86_64_v4/gcc-8.5.0/ucx-1.15.0-3odtpik4wnhzdj6fgnc5ujwcmmnx4yjl/lib/libucs.so.0(ucs_handle_error+0x294) [0x1499dfb1d7a4]
 1  /usr/local/software/spack/csd3/opt-2024-06-01/linux-rocky8-x86_64_v4/gcc-8.5.0/ucx-1.15.0-3odtpik4wnhzdj6fgnc5ujwcmmnx4yjl/lib/libucs.so.0(+0x2d964) [0x1499dfb1d964]
 2  /usr/local/software/spack/csd3/opt-2024-06-01/linux-rocky8-x86_64_v4/gcc-8.5.0/ucx-1.15.0-3odtpik4wnhzdj6fgnc5ujwcmmnx4yjl/lib/libucs.so.0(+0x2dc08) [0x1499dfb1dc08]
 3  ./littleharsh() [0x47259c]
 4  ./littleharsh() [0x41f6f4]
 5  ./littleharsh() [0x775b30]
 6  ./littleharsh() [0x403922]
 7  /lib64/libc.so.6(__libc_start_main+0xe5) [0x149b319527e5]
 8  ./littleharsh() [0x40382e]
=================================
==== backtrace (tid:  25621) ====
 0  /usr/local/software/spack/csd3/opt-2024-06-01/linux-rocky8-x86_64_v4/gcc-8.5.0/ucx-1.15.0-3odtpik4wnhzdj6fgnc5ujwcmmnx4yjl/lib/libucs.so.0(ucs_handle_error+0x294) [0x1476093987a4]
 1  /usr/local/software/spack/csd3/opt-2024-06-01/linux-rocky8-x86_64_v4/gcc-8.5.0/ucx-1.15.0-3odtpik4wnhzdj6fgnc5ujwcmmnx4yjl/lib/libucs.so.0(+0x2d964) [0x147609398964]
 2  /usr/local/software/spack/csd3/opt-2024-06-01/linux-rocky8-x86_64_v4/gcc-8.5.0/ucx-1.15.0-3odtpik4wnhzdj6fgnc5ujwcmmnx4yjl/lib/libucs.so.0(+0x2dc08) [0x147609398c08]
 3  ./littleharsh() [0x47259c]
 4  ./littleharsh() [0x41f6f4]
 5  ./littleharsh() [0x775b30]
 6  ./littleharsh() [0x403922]
 7  /lib64/libc.so.6(__libc_start_main+0xe5) [0x14775b1cd7e5]
 8  ./littleharsh() [0x40382e]
=================================
==== backtrace (tid:  25622) ====
 0  /usr/local/software/spack/csd3/opt-2024-06-01/linux-rocky8-x86_64_v4/gcc-8.5.0/ucx-1.15.0-3odtpik4wnhzdj6fgnc5ujwcmmnx4yjl/lib/libucs.so.0(ucs_handle_error+0x294) [0x1482d15a87a4]
 1  /usr/local/software/spack/csd3/opt-2024-06-01/linux-rocky8-x86_64_v4/gcc-8.5.0/ucx-1.15.0-3odtpik4wnhzdj6fgnc5ujwcmmnx4yjl/lib/libucs.so.0(+0x2d964) [0x1482d15a8964]
 2  /usr/local/software/spack/csd3/opt-2024-06-01/linux-rocky8-x86_64_v4/gcc-8.5.0/ucx-1.15.0-3odtpik4wnhzdj6fgnc5ujwcmmnx4yjl/lib/libucs.so.0(+0x2dc08) [0x1482d15a8c08]
 3  ./littleharsh() [0x47259c]
 4  ./littleharsh() [0x41f6f4]
 5  ./littleharsh() [0x775b30]
 6  ./littleharsh() [0x403922]
 7  /lib64/libc.so.6(__libc_start_main+0xe5) [0x1484233dd7e5]
 8  ./littleharsh() [0x40382e]
=================================
==== backtrace (tid:  25623) ====
 0  /usr/local/software/spack/csd3/opt-2024-06-01/linux-rocky8-x86_64_v4/gcc-8.5.0/ucx-1.15.0-3odtpik4wnhzdj6fgnc5ujwcmmnx4yjl/lib/libucs.so.0(ucs_handle_error+0x294) [0x1516154037a4]
 1  /usr/local/software/spack/csd3/opt-2024-06-01/linux-rocky8-x86_64_v4/gcc-8.5.0/ucx-1.15.0-3odtpik4wnhzdj6fgnc5ujwcmmnx4yjl/lib/libucs.so.0(+0x2d964) [0x151615403964]
 2  /usr/local/software/spack/csd3/opt-2024-06-01/linux-rocky8-x86_64_v4/gcc-8.5.0/ucx-1.15.0-3odtpik4wnhzdj6fgnc5ujwcmmnx4yjl/lib/libucs.so.0(+0x2dc08) [0x151615403c08]
 3  ./littleharsh() [0x47259c]
 4  ./littleharsh() [0x41f6f4]
 5  ./littleharsh() [0x775b30]
 6  ./littleharsh() [0x403922]
 7  /lib64/libc.so.6(__libc_start_main+0xe5) [0x1517672387e5]
 8  ./littleharsh() [0x40382e]
=================================
==== backtrace (tid:  25631) ====
 0  /usr/local/software/spack/csd3/opt-2024-06-01/linux-rocky8-x86_64_v4/gcc-8.5.0/ucx-1.15.0-3odtpik4wnhzdj6fgnc5ujwcmmnx4yjl/lib/libucs.so.0(ucs_handle_error+0x294) [0x14a38ae187a4]
 1  /usr/local/software/spack/csd3/opt-2024-06-01/linux-rocky8-x86_64_v4/gcc-8.5.0/ucx-1.15.0-3odtpik4wnhzdj6fgnc5ujwcmmnx4yjl/lib/libucs.so.0(+0x2d964) [0x14a38ae18964]
 2  /usr/local/software/spack/csd3/opt-2024-06-01/linux-rocky8-x86_64_v4/gcc-8.5.0/ucx-1.15.0-3odtpik4wnhzdj6fgnc5ujwcmmnx4yjl/lib/libucs.so.0(+0x2dc08) [0x14a38ae18c08]
 3  ./littleharsh() [0x47259c]
 4  ./littleharsh() [0x41f6f4]
 5  ./littleharsh() [0x775b30]
 6  ./littleharsh() [0x403922]
 7  /lib64/libc.so.6(__libc_start_main+0xe5) [0x14a4dcc4d7e5]
 8  ./littleharsh() [0x40382e]
=================================
==== backtrace (tid:  25633) ====
 0  /usr/local/software/spack/csd3/opt-2024-06-01/linux-rocky8-x86_64_v4/gcc-8.5.0/ucx-1.15.0-3odtpik4wnhzdj6fgnc5ujwcmmnx4yjl/lib/libucs.so.0(ucs_handle_error+0x294) [0x153ddde447a4]
 1  /usr/local/software/spack/csd3/opt-2024-06-01/linux-rocky8-x86_64_v4/gcc-8.5.0/ucx-1.15.0-3odtpik4wnhzdj6fgnc5ujwcmmnx4yjl/lib/libucs.so.0(+0x2d964) [0x153ddde44964]
 2  /usr/local/software/spack/csd3/opt-2024-06-01/linux-rocky8-x86_64_v4/gcc-8.5.0/ucx-1.15.0-3odtpik4wnhzdj6fgnc5ujwcmmnx4yjl/lib/libucs.so.0(+0x2dc08) [0x153ddde44c08]
 3  ./littleharsh() [0x47259c]
 4  ./littleharsh() [0x41f6f4]
 5  ./littleharsh() [0x775b30]
 6  ./littleharsh() [0x403922]
 7  /lib64/libc.so.6(__libc_start_main+0xe5) [0x153f2fc797e5]
 8  ./littleharsh() [0x40382e]
=================================
[cpu-r-103:25634:0:25634] Caught signal 11 (Segmentation fault: address not mapped to object at address 0x4)
==== backtrace (tid:  25635) ====
 0  /usr/local/software/spack/csd3/opt-2024-06-01/linux-rocky8-x86_64_v4/gcc-8.5.0/ucx-1.15.0-3odtpik4wnhzdj6fgnc5ujwcmmnx4yjl/lib/libucs.so.0(ucs_handle_error+0x294) [0x14819d4c97a4]
 1  /usr/local/software/spack/csd3/opt-2024-06-01/linux-rocky8-x86_64_v4/gcc-8.5.0/ucx-1.15.0-3odtpik4wnhzdj6fgnc5ujwcmmnx4yjl/lib/libucs.so.0(+0x2d964) [0x14819d4c9964]
 2  /usr/local/software/spack/csd3/opt-2024-06-01/linux-rocky8-x86_64_v4/gcc-8.5.0/ucx-1.15.0-3odtpik4wnhzdj6fgnc5ujwcmmnx4yjl/lib/libucs.so.0(+0x2dc08) [0x14819d4c9c08]
 3  ./littleharsh() [0x47259c]
 4  ./littleharsh() [0x41f6f4]
 5  ./littleharsh() [0x775b30]
 6  ./littleharsh() [0x403922]
 7  /lib64/libc.so.6(__libc_start_main+0xe5) [0x1482ef2fe7e5]
 8  ./littleharsh() [0x40382e]
=================================
==== backtrace (tid:  25639) ====
 0  /usr/local/software/spack/csd3/opt-2024-06-01/linux-rocky8-x86_64_v4/gcc-8.5.0/ucx-1.15.0-3odtpik4wnhzdj6fgnc5ujwcmmnx4yjl/lib/libucs.so.0(ucs_handle_error+0x294) [0x14ba4cd687a4]
 1  /usr/local/software/spack/csd3/opt-2024-06-01/linux-rocky8-x86_64_v4/gcc-8.5.0/ucx-1.15.0-3odtpik4wnhzdj6fgnc5ujwcmmnx4yjl/lib/libucs.so.0(+0x2d964) [0x14ba4cd68964]
 2  /usr/local/software/spack/csd3/opt-2024-06-01/linux-rocky8-x86_64_v4/gcc-8.5.0/ucx-1.15.0-3odtpik4wnhzdj6fgnc5ujwcmmnx4yjl/lib/libucs.so.0(+0x2dc08) [0x14ba4cd68c08]
 3  ./littleharsh() [0x47259c]
 4  ./littleharsh() [0x41f6f4]
 5  ./littleharsh() [0x775b30]
 6  ./littleharsh() [0x403922]
 7  /lib64/libc.so.6(__libc_start_main+0xe5) [0x14bb9eb9d7e5]
 8  ./littleharsh() [0x40382e]
=================================
==== backtrace (tid:  25606) ====
 0  /usr/local/software/spack/csd3/opt-2024-06-01/linux-rocky8-x86_64_v4/gcc-8.5.0/ucx-1.15.0-3odtpik4wnhzdj6fgnc5ujwcmmnx4yjl/lib/libucs.so.0(ucs_handle_error+0x294) [0x150a356be7a4]
 1  /usr/local/software/spack/csd3/opt-2024-06-01/linux-rocky8-x86_64_v4/gcc-8.5.0/ucx-1.15.0-3odtpik4wnhzdj6fgnc5ujwcmmnx4yjl/lib/libucs.so.0(+0x2d964) [0x150a356be964]
 2  /usr/local/software/spack/csd3/opt-2024-06-01/linux-rocky8-x86_64_v4/gcc-8.5.0/ucx-1.15.0-3odtpik4wnhzdj6fgnc5ujwcmmnx4yjl/lib/libucs.so.0(+0x2dc08) [0x150a356bec08]
 3  ./littleharsh() [0x47259c]
 4  ./littleharsh() [0x41f6f4]
 5  ./littleharsh() [0x775b30]
 6  ./littleharsh() [0x403922]
 7  /lib64/libc.so.6(__libc_start_main+0xe5) [0x150b874f37e5]
 8  ./littleharsh() [0x40382e]
=================================
==== backtrace (tid:  25607) ====
 0  /usr/local/software/spack/csd3/opt-2024-06-01/linux-rocky8-x86_64_v4/gcc-8.5.0/ucx-1.15.0-3odtpik4wnhzdj6fgnc5ujwcmmnx4yjl/lib/libucs.so.0(ucs_handle_error+0x294) [0x152c5b2967a4]
 1  /usr/local/software/spack/csd3/opt-2024-06-01/linux-rocky8-x86_64_v4/gcc-8.5.0/ucx-1.15.0-3odtpik4wnhzdj6fgnc5ujwcmmnx4yjl/lib/libucs.so.0(+0x2d964) [0x152c5b296964]
 2  /usr/local/software/spack/csd3/opt-2024-06-01/linux-rocky8-x86_64_v4/gcc-8.5.0/ucx-1.15.0-3odtpik4wnhzdj6fgnc5ujwcmmnx4yjl/lib/libucs.so.0(+0x2dc08) [0x152c5b296c08]
 3  ./littleharsh() [0x47259c]
 4  ./littleharsh() [0x41f6f4]
 5  ./littleharsh() [0x775b30]
 6  ./littleharsh() [0x403922]
 7  /lib64/libc.so.6(__libc_start_main+0xe5) [0x152dad0cb7e5]
 8  ./littleharsh() [0x40382e]
=================================
==== backtrace (tid:  25618) ====
 0  /usr/local/software/spack/csd3/opt-2024-06-01/linux-rocky8-x86_64_v4/gcc-8.5.0/ucx-1.15.0-3odtpik4wnhzdj6fgnc5ujwcmmnx4yjl/lib/libucs.so.0(ucs_handle_error+0x294) [0x14b5d1fea7a4]
 1  /usr/local/software/spack/csd3/opt-2024-06-01/linux-rocky8-x86_64_v4/gcc-8.5.0/ucx-1.15.0-3odtpik4wnhzdj6fgnc5ujwcmmnx4yjl/lib/libucs.so.0(+0x2d964) [0x14b5d1fea964]
 2  /usr/local/software/spack/csd3/opt-2024-06-01/linux-rocky8-x86_64_v4/gcc-8.5.0/ucx-1.15.0-3odtpik4wnhzdj6fgnc5ujwcmmnx4yjl/lib/libucs.so.0(+0x2dc08) [0x14b5d1feac08]
 3  ./littleharsh() [0x47259c]
 4  ./littleharsh() [0x41f6f4]
 5  ./littleharsh() [0x775b30]
 6  ./littleharsh() [0x403922]
 7  /lib64/libc.so.6(__libc_start_main+0xe5) [0x14b723e1f7e5]
 8  ./littleharsh() [0x40382e]
=================================
==== backtrace (tid:  25637) ====
 0  /usr/local/software/spack/csd3/opt-2024-06-01/linux-rocky8-x86_64_v4/gcc-8.5.0/ucx-1.15.0-3odtpik4wnhzdj6fgnc5ujwcmmnx4yjl/lib/libucs.so.0(ucs_handle_error+0x294) [0x14b83fda67a4]
 1  /usr/local/software/spack/csd3/opt-2024-06-01/linux-rocky8-x86_64_v4/gcc-8.5.0/ucx-1.15.0-3odtpik4wnhzdj6fgnc5ujwcmmnx4yjl/lib/libucs.so.0(+0x2d964) [0x14b83fda6964]
 2  /usr/local/software/spack/csd3/opt-2024-06-01/linux-rocky8-x86_64_v4/gcc-8.5.0/ucx-1.15.0-3odtpik4wnhzdj6fgnc5ujwcmmnx4yjl/lib/libucs.so.0(+0x2dc08) [0x14b83fda6c08]
 3  ./littleharsh() [0x47259c]
 4  ./littleharsh() [0x41f6f4]
 5  ./littleharsh() [0x775b30]
 6  ./littleharsh() [0x403922]
 7  /lib64/libc.so.6(__libc_start_main+0xe5) [0x14b991bdb7e5]
 8  ./littleharsh() [0x40382e]
=================================
==== backtrace (tid:  25638) ====
 0  /usr/local/software/spack/csd3/opt-2024-06-01/linux-rocky8-x86_64_v4/gcc-8.5.0/ucx-1.15.0-3odtpik4wnhzdj6fgnc5ujwcmmnx4yjl/lib/libucs.so.0(ucs_handle_error+0x294) [0x148030a7f7a4]
 1  /usr/local/software/spack/csd3/opt-2024-06-01/linux-rocky8-x86_64_v4/gcc-8.5.0/ucx-1.15.0-3odtpik4wnhzdj6fgnc5ujwcmmnx4yjl/lib/libucs.so.0(+0x2d964) [0x148030a7f964]
 2  /usr/local/software/spack/csd3/opt-2024-06-01/linux-rocky8-x86_64_v4/gcc-8.5.0/ucx-1.15.0-3odtpik4wnhzdj6fgnc5ujwcmmnx4yjl/lib/libucs.so.0(+0x2dc08) [0x148030a7fc08]
 3  ./littleharsh() [0x47259c]
 4  ./littleharsh() [0x41f6f4]
 5  ./littleharsh() [0x775b30]
 6  ./littleharsh() [0x403922]
 7  /lib64/libc.so.6(__libc_start_main+0xe5) [0x1481828b47e5]
 8  ./littleharsh() [0x40382e]
=================================
==== backtrace (tid:  25601) ====
 0  /usr/local/software/spack/csd3/opt-2024-06-01/linux-rocky8-x86_64_v4/gcc-8.5.0/ucx-1.15.0-3odtpik4wnhzdj6fgnc5ujwcmmnx4yjl/lib/libucs.so.0(ucs_handle_error+0x294) [0x14fa47a867a4]
 1  /usr/local/software/spack/csd3/opt-2024-06-01/linux-rocky8-x86_64_v4/gcc-8.5.0/ucx-1.15.0-3odtpik4wnhzdj6fgnc5ujwcmmnx4yjl/lib/libucs.so.0(+0x2d964) [0x14fa47a86964]
 2  /usr/local/software/spack/csd3/opt-2024-06-01/linux-rocky8-x86_64_v4/gcc-8.5.0/ucx-1.15.0-3odtpik4wnhzdj6fgnc5ujwcmmnx4yjl/lib/libucs.so.0(+0x2dc08) [0x14fa47a86c08]
 3  ./littleharsh() [0x47259c]
 4  ./littleharsh() [0x41f6f4]
 5  ./littleharsh() [0x775b30]
 6  ./littleharsh() [0x403922]
 7  /lib64/libc.so.6(__libc_start_main+0xe5) [0x14fb998bb7e5]
 8  ./littleharsh() [0x40382e]
=================================
==== backtrace (tid:  25605) ====
 0  /usr/local/software/spack/csd3/opt-2024-06-01/linux-rocky8-x86_64_v4/gcc-8.5.0/ucx-1.15.0-3odtpik4wnhzdj6fgnc5ujwcmmnx4yjl/lib/libucs.so.0(ucs_handle_error+0x294) [0x152cf1c9e7a4]
 1  /usr/local/software/spack/csd3/opt-2024-06-01/linux-rocky8-x86_64_v4/gcc-8.5.0/ucx-1.15.0-3odtpik4wnhzdj6fgnc5ujwcmmnx4yjl/lib/libucs.so.0(+0x2d964) [0x152cf1c9e964]
 2  /usr/local/software/spack/csd3/opt-2024-06-01/linux-rocky8-x86_64_v4/gcc-8.5.0/ucx-1.15.0-3odtpik4wnhzdj6fgnc5ujwcmmnx4yjl/lib/libucs.so.0(+0x2dc08) [0x152cf1c9ec08]
 3  ./littleharsh() [0x47259c]
 4  ./littleharsh() [0x41f6f4]
 5  ./littleharsh() [0x775b30]
 6  ./littleharsh() [0x403922]
 7  /lib64/libc.so.6(__libc_start_main+0xe5) [0x152e43ad37e5]
 8  ./littleharsh() [0x40382e]
=================================
==== backtrace (tid:  25609) ====
 0  /usr/local/software/spack/csd3/opt-2024-06-01/linux-rocky8-x86_64_v4/gcc-8.5.0/ucx-1.15.0-3odtpik4wnhzdj6fgnc5ujwcmmnx4yjl/lib/libucs.so.0(ucs_handle_error+0x294) [0x1466976697a4]
 1  /usr/local/software/spack/csd3/opt-2024-06-01/linux-rocky8-x86_64_v4/gcc-8.5.0/ucx-1.15.0-3odtpik4wnhzdj6fgnc5ujwcmmnx4yjl/lib/libucs.so.0(+0x2d964) [0x146697669964]
 2  /usr/local/software/spack/csd3/opt-2024-06-01/linux-rocky8-x86_64_v4/gcc-8.5.0/ucx-1.15.0-3odtpik4wnhzdj6fgnc5ujwcmmnx4yjl/lib/libucs.so.0(+0x2dc08) [0x146697669c08]
 3  ./littleharsh() [0x47259c]
 4  ./littleharsh() [0x41f6f4]
 5  ./littleharsh() [0x775b30]
 6  ./littleharsh() [0x403922]
 7  /lib64/libc.so.6(__libc_start_main+0xe5) [0x1467e949e7e5]
 8  ./littleharsh() [0x40382e]
=================================
==== backtrace (tid:  25611) ====
 0  /usr/local/software/spack/csd3/opt-2024-06-01/linux-rocky8-x86_64_v4/gcc-8.5.0/ucx-1.15.0-3odtpik4wnhzdj6fgnc5ujwcmmnx4yjl/lib/libucs.so.0(ucs_handle_error+0x294) [0x1514e02b47a4]
 1  /usr/local/software/spack/csd3/opt-2024-06-01/linux-rocky8-x86_64_v4/gcc-8.5.0/ucx-1.15.0-3odtpik4wnhzdj6fgnc5ujwcmmnx4yjl/lib/libucs.so.0(+0x2d964) [0x1514e02b4964]
 2  /usr/local/software/spack/csd3/opt-2024-06-01/linux-rocky8-x86_64_v4/gcc-8.5.0/ucx-1.15.0-3odtpik4wnhzdj6fgnc5ujwcmmnx4yjl/lib/libucs.so.0(+0x2dc08) [0x1514e02b4c08]
 3  ./littleharsh() [0x47259c]
 4  ./littleharsh() [0x41f6f4]
 5  ./littleharsh() [0x775b30]
 6  ./littleharsh() [0x403922]
 7  /lib64/libc.so.6(__libc_start_main+0xe5) [0x1516320e97e5]
 8  ./littleharsh() [0x40382e]
=================================
==== backtrace (tid:  25627) ====
 0  /usr/local/software/spack/csd3/opt-2024-06-01/linux-rocky8-x86_64_v4/gcc-8.5.0/ucx-1.15.0-3odtpik4wnhzdj6fgnc5ujwcmmnx4yjl/lib/libucs.so.0(ucs_handle_error+0x294) [0x154c7ee327a4]
 1  /usr/local/software/spack/csd3/opt-2024-06-01/linux-rocky8-x86_64_v4/gcc-8.5.0/ucx-1.15.0-3odtpik4wnhzdj6fgnc5ujwcmmnx4yjl/lib/libucs.so.0(+0x2d964) [0x154c7ee32964]
 2  /usr/local/software/spack/csd3/opt-2024-06-01/linux-rocky8-x86_64_v4/gcc-8.5.0/ucx-1.15.0-3odtpik4wnhzdj6fgnc5ujwcmmnx4yjl/lib/libucs.so.0(+0x2dc08) [0x154c7ee32c08]
 3  ./littleharsh() [0x47259c]
 4  ./littleharsh() [0x41f6f4]
 5  ./littleharsh() [0x775b30]
 6  ./littleharsh() [0x403922]
 7  /lib64/libc.so.6(__libc_start_main+0xe5) [0x154dd0c677e5]
 8  ./littleharsh() [0x40382e]
=================================
==== backtrace (tid:  25630) ====
 0  /usr/local/software/spack/csd3/opt-2024-06-01/linux-rocky8-x86_64_v4/gcc-8.5.0/ucx-1.15.0-3odtpik4wnhzdj6fgnc5ujwcmmnx4yjl/lib/libucs.so.0(ucs_handle_error+0x294) [0x1523e03567a4]
 1  /usr/local/software/spack/csd3/opt-2024-06-01/linux-rocky8-x86_64_v4/gcc-8.5.0/ucx-1.15.0-3odtpik4wnhzdj6fgnc5ujwcmmnx4yjl/lib/libucs.so.0(+0x2d964) [0x1523e0356964]
 2  /usr/local/software/spack/csd3/opt-2024-06-01/linux-rocky8-x86_64_v4/gcc-8.5.0/ucx-1.15.0-3odtpik4wnhzdj6fgnc5ujwcmmnx4yjl/lib/libucs.so.0(+0x2dc08) [0x1523e0356c08]
 3  ./littleharsh() [0x47259c]
 4  ./littleharsh() [0x41f6f4]
 5  ./littleharsh() [0x775b30]
 6  ./littleharsh() [0x403922]
 7  /lib64/libc.so.6(__libc_start_main+0xe5) [0x15253218b7e5]
 8  ./littleharsh() [0x40382e]
=================================
==== backtrace (tid:  25604) ====
 0  /usr/local/software/spack/csd3/opt-2024-06-01/linux-rocky8-x86_64_v4/gcc-8.5.0/ucx-1.15.0-3odtpik4wnhzdj6fgnc5ujwcmmnx4yjl/lib/libucs.so.0(ucs_handle_error+0x294) [0x14a5d0c3e7a4]
 1  /usr/local/software/spack/csd3/opt-2024-06-01/linux-rocky8-x86_64_v4/gcc-8.5.0/ucx-1.15.0-3odtpik4wnhzdj6fgnc5ujwcmmnx4yjl/lib/libucs.so.0(+0x2d964) [0x14a5d0c3e964]
 2  /usr/local/software/spack/csd3/opt-2024-06-01/linux-rocky8-x86_64_v4/gcc-8.5.0/ucx-1.15.0-3odtpik4wnhzdj6fgnc5ujwcmmnx4yjl/lib/libucs.so.0(+0x2dc08) [0x14a5d0c3ec08]
 3  ./littleharsh() [0x47259c]
 4  ./littleharsh() [0x41f6f4]
 5  ./littleharsh() [0x775b30]
 6  ./littleharsh() [0x403922]
 7  /lib64/libc.so.6(__libc_start_main+0xe5) [0x14a722a737e5]
 8  ./littleharsh() [0x40382e]
=================================
==== backtrace (tid:  25614) ====
 0  /usr/local/software/spack/csd3/opt-2024-06-01/linux-rocky8-x86_64_v4/gcc-8.5.0/ucx-1.15.0-3odtpik4wnhzdj6fgnc5ujwcmmnx4yjl/lib/libucs.so.0(ucs_handle_error+0x294) [0x1550eeaf87a4]
 1  /usr/local/software/spack/csd3/opt-2024-06-01/linux-rocky8-x86_64_v4/gcc-8.5.0/ucx-1.15.0-3odtpik4wnhzdj6fgnc5ujwcmmnx4yjl/lib/libucs.so.0(+0x2d964) [0x1550eeaf8964]
 2  /usr/local/software/spack/csd3/opt-2024-06-01/linux-rocky8-x86_64_v4/gcc-8.5.0/ucx-1.15.0-3odtpik4wnhzdj6fgnc5ujwcmmnx4yjl/lib/libucs.so.0(+0x2dc08) [0x1550eeaf8c08]
 3  ./littleharsh() [0x47259c]
 4  ./littleharsh() [0x41f6f4]
 5  ./littleharsh() [0x775b30]
 6  ./littleharsh() [0x403922]
 7  /lib64/libc.so.6(__libc_start_main+0xe5) [0x15524092d7e5]
 8  ./littleharsh() [0x40382e]
=================================
==== backtrace (tid:  25624) ====
 0  /usr/local/software/spack/csd3/opt-2024-06-01/linux-rocky8-x86_64_v4/gcc-8.5.0/ucx-1.15.0-3odtpik4wnhzdj6fgnc5ujwcmmnx4yjl/lib/libucs.so.0(ucs_handle_error+0x294) [0x14e6c74977a4]
 1  /usr/local/software/spack/csd3/opt-2024-06-01/linux-rocky8-x86_64_v4/gcc-8.5.0/ucx-1.15.0-3odtpik4wnhzdj6fgnc5ujwcmmnx4yjl/lib/libucs.so.0(+0x2d964) [0x14e6c7497964]
 2  /usr/local/software/spack/csd3/opt-2024-06-01/linux-rocky8-x86_64_v4/gcc-8.5.0/ucx-1.15.0-3odtpik4wnhzdj6fgnc5ujwcmmnx4yjl/lib/libucs.so.0(+0x2dc08) [0x14e6c7497c08]
 3  ./littleharsh() [0x47259c]
 4  ./littleharsh() [0x41f6f4]
 5  ./littleharsh() [0x775b30]
 6  ./littleharsh() [0x403922]
 7  /lib64/libc.so.6(__libc_start_main+0xe5) [0x14e8192cc7e5]
 8  ./littleharsh() [0x40382e]
=================================
==== backtrace (tid:  25634) ====
 0  /usr/local/software/spack/csd3/opt-2024-06-01/linux-rocky8-x86_64_v4/gcc-8.5.0/ucx-1.15.0-3odtpik4wnhzdj6fgnc5ujwcmmnx4yjl/lib/libucs.so.0(ucs_handle_error+0x294) [0x14bd317727a4]
 1  /usr/local/software/spack/csd3/opt-2024-06-01/linux-rocky8-x86_64_v4/gcc-8.5.0/ucx-1.15.0-3odtpik4wnhzdj6fgnc5ujwcmmnx4yjl/lib/libucs.so.0(+0x2d964) [0x14bd31772964]
 2  /usr/local/software/spack/csd3/opt-2024-06-01/linux-rocky8-x86_64_v4/gcc-8.5.0/ucx-1.15.0-3odtpik4wnhzdj6fgnc5ujwcmmnx4yjl/lib/libucs.so.0(+0x2dc08) [0x14bd31772c08]
 3  ./littleharsh() [0x47259c]
 4  ./littleharsh() [0x41f6f4]
 5  ./littleharsh() [0x775b30]
 6  ./littleharsh() [0x403922]
 7  /lib64/libc.so.6(__libc_start_main+0xe5) [0x14be835a77e5]
 8  ./littleharsh() [0x40382e]
=================================
==== backtrace (tid:  25603) ====
 0  /usr/local/software/spack/csd3/opt-2024-06-01/linux-rocky8-x86_64_v4/gcc-8.5.0/ucx-1.15.0-3odtpik4wnhzdj6fgnc5ujwcmmnx4yjl/lib/libucs.so.0(ucs_handle_error+0x294) [0x1513bad7f7a4]
 1  /usr/local/software/spack/csd3/opt-2024-06-01/linux-rocky8-x86_64_v4/gcc-8.5.0/ucx-1.15.0-3odtpik4wnhzdj6fgnc5ujwcmmnx4yjl/lib/libucs.so.0(+0x2d964) [0x1513bad7f964]
 2  /usr/local/software/spack/csd3/opt-2024-06-01/linux-rocky8-x86_64_v4/gcc-8.5.0/ucx-1.15.0-3odtpik4wnhzdj6fgnc5ujwcmmnx4yjl/lib/libucs.so.0(+0x2dc08) [0x1513bad7fc08]
 3  ./littleharsh() [0x47259c]
 4  ./littleharsh() [0x41f6f4]
 5  ./littleharsh() [0x775b30]
 6  ./littleharsh() [0x403922]
 7  /lib64/libc.so.6(__libc_start_main+0xe5) [0x15150cbb47e5]
 8  ./littleharsh() [0x40382e]
=================================
==== backtrace (tid:  25610) ====
 0  /usr/local/software/spack/csd3/opt-2024-06-01/linux-rocky8-x86_64_v4/gcc-8.5.0/ucx-1.15.0-3odtpik4wnhzdj6fgnc5ujwcmmnx4yjl/lib/libucs.so.0(ucs_handle_error+0x294) [0x154825d087a4]
 1  /usr/local/software/spack/csd3/opt-2024-06-01/linux-rocky8-x86_64_v4/gcc-8.5.0/ucx-1.15.0-3odtpik4wnhzdj6fgnc5ujwcmmnx4yjl/lib/libucs.so.0(+0x2d964) [0x154825d08964]
 2  /usr/local/software/spack/csd3/opt-2024-06-01/linux-rocky8-x86_64_v4/gcc-8.5.0/ucx-1.15.0-3odtpik4wnhzdj6fgnc5ujwcmmnx4yjl/lib/libucs.so.0(+0x2dc08) [0x154825d08c08]
 3  ./littleharsh() [0x47259c]
 4  ./littleharsh() [0x41f6f4]
 5  ./littleharsh() [0x775b30]
 6  ./littleharsh() [0x403922]
 7  /lib64/libc.so.6(__libc_start_main+0xe5) [0x154977b3d7e5]
 8  ./littleharsh() [0x40382e]
=================================
[cpu-r-103:25613:0:25613] Caught signal 11 (Segmentation fault: address not mapped to object at address 0x4)
==== backtrace (tid:  25613) ====
 0  /usr/local/software/spack/csd3/opt-2024-06-01/linux-rocky8-x86_64_v4/gcc-8.5.0/ucx-1.15.0-3odtpik4wnhzdj6fgnc5ujwcmmnx4yjl/lib/libucs.so.0(ucs_handle_error+0x294) [0x147d7f2a47a4]
 1  /usr/local/software/spack/csd3/opt-2024-06-01/linux-rocky8-x86_64_v4/gcc-8.5.0/ucx-1.15.0-3odtpik4wnhzdj6fgnc5ujwcmmnx4yjl/lib/libucs.so.0(+0x2d964) [0x147d7f2a4964]
 2  /usr/local/software/spack/csd3/opt-2024-06-01/linux-rocky8-x86_64_v4/gcc-8.5.0/ucx-1.15.0-3odtpik4wnhzdj6fgnc5ujwcmmnx4yjl/lib/libucs.so.0(+0x2dc08) [0x147d7f2a4c08]
 3  ./littleharsh() [0x47259c]
 4  ./littleharsh() [0x41f6f4]
 5  ./littleharsh() [0x775b30]
 6  ./littleharsh() [0x403922]
 7  /lib64/libc.so.6(__libc_start_main+0xe5) [0x147ed10d97e5]
 8  ./littleharsh() [0x40382e]
=================================
[cpu-r-103:25615:0:25615] Caught signal 11 (Segmentation fault: address not mapped to object at address 0x4)
[cpu-r-103:25628:0:25628] Caught signal 11 (Segmentation fault: address not mapped to object at address 0x4)
==== backtrace (tid:  25628) ====
 0  /usr/local/software/spack/csd3/opt-2024-06-01/linux-rocky8-x86_64_v4/gcc-8.5.0/ucx-1.15.0-3odtpik4wnhzdj6fgnc5ujwcmmnx4yjl/lib/libucs.so.0(ucs_handle_error+0x294) [0x14d74b8497a4]
 1  /usr/local/software/spack/csd3/opt-2024-06-01/linux-rocky8-x86_64_v4/gcc-8.5.0/ucx-1.15.0-3odtpik4wnhzdj6fgnc5ujwcmmnx4yjl/lib/libucs.so.0(+0x2d964) [0x14d74b849964]
 2  /usr/local/software/spack/csd3/opt-2024-06-01/linux-rocky8-x86_64_v4/gcc-8.5.0/ucx-1.15.0-3odtpik4wnhzdj6fgnc5ujwcmmnx4yjl/lib/libucs.so.0(+0x2dc08) [0x14d74b849c08]
 3  ./littleharsh() [0x47259c]
 4  ./littleharsh() [0x41f6f4]
 5  ./littleharsh() [0x775b30]
 6  ./littleharsh() [0x403922]
 7  /lib64/libc.so.6(__libc_start_main+0xe5) [0x14d89d67e7e5]
 8  ./littleharsh() [0x40382e]
=================================
==== backtrace (tid:  25615) ====
 0  /usr/local/software/spack/csd3/opt-2024-06-01/linux-rocky8-x86_64_v4/gcc-8.5.0/ucx-1.15.0-3odtpik4wnhzdj6fgnc5ujwcmmnx4yjl/lib/libucs.so.0(ucs_handle_error+0x294) [0x1547462117a4]
 1  /usr/local/software/spack/csd3/opt-2024-06-01/linux-rocky8-x86_64_v4/gcc-8.5.0/ucx-1.15.0-3odtpik4wnhzdj6fgnc5ujwcmmnx4yjl/lib/libucs.so.0(+0x2d964) [0x154746211964]
 2  /usr/local/software/spack/csd3/opt-2024-06-01/linux-rocky8-x86_64_v4/gcc-8.5.0/ucx-1.15.0-3odtpik4wnhzdj6fgnc5ujwcmmnx4yjl/lib/libucs.so.0(+0x2dc08) [0x154746211c08]
 3  ./littleharsh() [0x47259c]
 4  ./littleharsh() [0x41f6f4]
 5  ./littleharsh() [0x775b30]
 6  ./littleharsh() [0x403922]
 7  /lib64/libc.so.6(__libc_start_main+0xe5) [0x1548980467e5]
 8  ./littleharsh() [0x40382e]
=================================
forrtl: severe (408): fort: (2): Subscript #1 of the array JMIN_PLANE has value 40 which is greater than the upper bound of 39

Image              PC                Routine            Line        Source             
littleharsh        00000000007C93AF  Unknown               Unknown  Unknown
littleharsh        0000000000473036  proc_lims_planes_        1244  start.f90
littleharsh        000000000041F6F4  start_                    489  start.f90
littleharsh        0000000000775B30  MAIN__                    127  littleharsh.f90
littleharsh        0000000000403922  Unknown               Unknown  Unknown
libc-2.28.so       000014B82176C7E5  __libc_start_main     Unknown  Unknown
littleharsh        000000000040382E  Unknown               Unknown  Unknown
forrtl: severe (174): SIGSEGV, segmentation fault occurred
Image              PC                Routine            Line        Source             
littleharsh        00000000007CDFBA  Unknown               Unknown  Unknown
libpthread-2.28.s  000014A7233A8990  Unknown               Unknown  Unknown
littleharsh        000000000047259C  proc_lims_planes_        1218  start.f90
littleharsh        000000000041F6F4  start_                    489  start.f90
littleharsh        0000000000775B30  MAIN__                    127  littleharsh.f90
littleharsh        0000000000403922  Unknown               Unknown  Unknown
libc-2.28.so       000014A722A737E5  __libc_start_main     Unknown  Unknown
littleharsh        000000000040382E  Unknown               Unknown  Unknown
forrtl: severe (174): SIGSEGV, segmentation fault occurred
Image              PC                Routine            Line        Source             
littleharsh        00000000007CDFBA  Unknown               Unknown  Unknown
libpthread-2.28.s  0000152E44408990  Unknown               Unknown  Unknown
littleharsh        000000000047259C  proc_lims_planes_        1218  start.f90
littleharsh        000000000041F6F4  start_                    489  start.f90
littleharsh        0000000000775B30  MAIN__                    127  littleharsh.f90
littleharsh        0000000000403922  Unknown               Unknown  Unknown
libc-2.28.so       0000152E43AD37E5  __libc_start_main     Unknown  Unknown
littleharsh        000000000040382E  Unknown               Unknown  Unknown
forrtl: severe (174): SIGSEGV, segmentation fault occurred
Image              PC                Routine            Line        Source             
littleharsh        00000000007CDFBA  Unknown               Unknown  Unknown
libpthread-2.28.s  000014A13E295990  Unknown               Unknown  Unknown
littleharsh        000000000047259C  proc_lims_planes_        1218  start.f90
littleharsh        000000000041F6F4  start_                    489  start.f90
littleharsh        0000000000775B30  MAIN__                    127  littleharsh.f90
littleharsh        0000000000403922  Unknown               Unknown  Unknown
libc-2.28.so       000014A13D9607E5  __libc_start_main     Unknown  Unknown
littleharsh        000000000040382E  Unknown               Unknown  Unknown
forrtl: severe (174): SIGSEGV, segmentation fault occurred
Image              PC                Routine            Line        Source             
littleharsh        00000000007CDFBA  Unknown               Unknown  Unknown
libpthread-2.28.s  00001467E9DD3990  Unknown               Unknown  Unknown
littleharsh        000000000047259C  proc_lims_planes_        1218  start.f90
littleharsh        000000000041F6F4  start_                    489  start.f90
littleharsh        0000000000775B30  MAIN__                    127  littleharsh.f90
littleharsh        0000000000403922  Unknown               Unknown  Unknown
libc-2.28.so       00001467E949E7E5  __libc_start_main     Unknown  Unknown
littleharsh        000000000040382E  Unknown               Unknown  Unknown
forrtl: severe (174): SIGSEGV, segmentation fault occurred
Image              PC                Routine            Line        Source             
littleharsh        00000000007CDFBA  Unknown               Unknown  Unknown
libpthread-2.28.s  000014A53E770990  Unknown               Unknown  Unknown
littleharsh        000000000047259C  proc_lims_planes_        1218  start.f90
littleharsh        000000000041F6F4  start_                    489  start.f90
littleharsh        0000000000775B30  MAIN__                    127  littleharsh.f90
littleharsh        0000000000403922  Unknown               Unknown  Unknown
libc-2.28.so       000014A53DE3B7E5  __libc_start_main     Unknown  Unknown
littleharsh        000000000040382E  Unknown               Unknown  Unknown
forrtl: severe (174): SIGSEGV, segmentation fault occurred
Image              PC                Routine            Line        Source             
littleharsh        00000000007CDFBA  Unknown               Unknown  Unknown
libpthread-2.28.s  0000147ED1A0E990  Unknown               Unknown  Unknown
littleharsh        000000000047259C  proc_lims_planes_        1218  start.f90
littleharsh        000000000041F6F4  start_                    489  start.f90
littleharsh        0000000000775B30  MAIN__                    127  littleharsh.f90
littleharsh        0000000000403922  Unknown               Unknown  Unknown
libc-2.28.so       0000147ED10D97E5  __libc_start_main     Unknown  Unknown
littleharsh        000000000040382E  Unknown               Unknown  Unknown
forrtl: severe (174): SIGSEGV, segmentation fault occurred
Image              PC                Routine            Line        Source             
littleharsh        00000000007CDFBA  Unknown               Unknown  Unknown
libpthread-2.28.s  0000155241262990  Unknown               Unknown  Unknown
littleharsh        000000000047259C  proc_lims_planes_        1218  start.f90
littleharsh        000000000041F6F4  start_                    489  start.f90
littleharsh        0000000000775B30  MAIN__                    127  littleharsh.f90
littleharsh        0000000000403922  Unknown               Unknown  Unknown
libc-2.28.so       000015524092D7E5  __libc_start_main     Unknown  Unknown
littleharsh        000000000040382E  Unknown               Unknown  Unknown
forrtl: severe (174): SIGSEGV, segmentation fault occurred
Image              PC                Routine            Line        Source             
littleharsh        00000000007CDFBA  Unknown               Unknown  Unknown
libpthread-2.28.s  000014E40034B990  Unknown               Unknown  Unknown
littleharsh        000000000047259C  proc_lims_planes_        1218  start.f90
littleharsh        000000000041F6F4  start_                    489  start.f90
littleharsh        0000000000775B30  MAIN__                    127  littleharsh.f90
littleharsh        0000000000403922  Unknown               Unknown  Unknown
libc-2.28.so       000014E3FFA167E5  __libc_start_main     Unknown  Unknown
littleharsh        000000000040382E  Unknown               Unknown  Unknown
forrtl: severe (174): SIGSEGV, segmentation fault occurred
Image              PC                Routine            Line        Source             
littleharsh        00000000007CDFBA  Unknown               Unknown  Unknown
libpthread-2.28.s  0000148E0C3F4990  Unknown               Unknown  Unknown
littleharsh        000000000047259C  proc_lims_planes_        1218  start.f90
littleharsh        000000000041F6F4  start_                    489  start.f90
littleharsh        0000000000775B30  MAIN__                    127  littleharsh.f90
littleharsh        0000000000403922  Unknown               Unknown  Unknown
libc-2.28.so       0000148E0BABF7E5  __libc_start_main     Unknown  Unknown
littleharsh        000000000040382E  Unknown               Unknown  Unknown
forrtl: severe (174): SIGSEGV, segmentation fault occurred
Image              PC                Routine            Line        Source             
littleharsh        00000000007CDFBA  Unknown               Unknown  Unknown
libpthread-2.28.s  000014B724754990  Unknown               Unknown  Unknown
littleharsh        000000000047259C  proc_lims_planes_        1218  start.f90
littleharsh        000000000041F6F4  start_                    489  start.f90
littleharsh        0000000000775B30  MAIN__                    127  littleharsh.f90
littleharsh        0000000000403922  Unknown               Unknown  Unknown
libc-2.28.so       000014B723E1F7E5  __libc_start_main     Unknown  Unknown
littleharsh        000000000040382E  Unknown               Unknown  Unknown
forrtl: severe (174): SIGSEGV, segmentation fault occurred
Image              PC                Routine            Line        Source             
littleharsh        00000000007CDFBA  Unknown               Unknown  Unknown
libpthread-2.28.s  0000151767B6D990  Unknown               Unknown  Unknown
littleharsh        000000000047259C  proc_lims_planes_        1218  start.f90
littleharsh        000000000041F6F4  start_                    489  start.f90
littleharsh        0000000000775B30  MAIN__                    127  littleharsh.f90
littleharsh        0000000000403922  Unknown               Unknown  Unknown
libc-2.28.so       00001517672387E5  __libc_start_main     Unknown  Unknown
littleharsh        000000000040382E  Unknown               Unknown  Unknown
forrtl: severe (174): SIGSEGV, segmentation fault occurred
Image              PC                Routine            Line        Source             
littleharsh        00000000007CDFBA  Unknown               Unknown  Unknown
libpthread-2.28.s  000014D89DFB3990  Unknown               Unknown  Unknown
littleharsh        000000000047259C  proc_lims_planes_        1218  start.f90
littleharsh        000000000041F6F4  start_                    489  start.f90
littleharsh        0000000000775B30  MAIN__                    127  littleharsh.f90
littleharsh        0000000000403922  Unknown               Unknown  Unknown
libc-2.28.so       000014D89D67E7E5  __libc_start_main     Unknown  Unknown
littleharsh        000000000040382E  Unknown               Unknown  Unknown
forrtl: severe (174): SIGSEGV, segmentation fault occurred
Image              PC                Routine            Line        Source             
littleharsh        00000000007CDFBA  Unknown               Unknown  Unknown
libpthread-2.28.s  00001482EFC33990  Unknown               Unknown  Unknown
littleharsh        000000000047259C  proc_lims_planes_        1218  start.f90
littleharsh        000000000041F6F4  start_                    489  start.f90
littleharsh        0000000000775B30  MAIN__                    127  littleharsh.f90
littleharsh        0000000000403922  Unknown               Unknown  Unknown
libc-2.28.so       00001482EF2FE7E5  __libc_start_main     Unknown  Unknown
littleharsh        000000000040382E  Unknown               Unknown  Unknown
forrtl: severe (174): SIGSEGV, segmentation fault occurred
Image              PC                Routine            Line        Source             
littleharsh        00000000007CDFBA  Unknown               Unknown  Unknown
libpthread-2.28.s  000014E1408AE990  Unknown               Unknown  Unknown
littleharsh        000000000047259C  proc_lims_planes_        1218  start.f90
littleharsh        000000000041F6F4  start_                    489  start.f90
littleharsh        0000000000775B30  MAIN__                    127  littleharsh.f90
littleharsh        0000000000403922  Unknown               Unknown  Unknown
libc-2.28.so       000014E13FF797E5  __libc_start_main     Unknown  Unknown
littleharsh        000000000040382E  Unknown               Unknown  Unknown
forrtl: severe (174): SIGSEGV, segmentation fault occurred
Image              PC                Routine            Line        Source             
littleharsh        00000000007CDFBA  Unknown               Unknown  Unknown
libpthread-2.28.s  000014BB9F4D2990  Unknown               Unknown  Unknown
littleharsh        000000000047259C  proc_lims_planes_        1218  start.f90
littleharsh        000000000041F6F4  start_                    489  start.f90
littleharsh        0000000000775B30  MAIN__                    127  littleharsh.f90
littleharsh        0000000000403922  Unknown               Unknown  Unknown
libc-2.28.so       000014BB9EB9D7E5  __libc_start_main     Unknown  Unknown
littleharsh        000000000040382E  Unknown               Unknown  Unknown
forrtl: severe (174): SIGSEGV, segmentation fault occurred
Image              PC                Routine            Line        Source             
littleharsh        00000000007CDFBA  Unknown               Unknown  Unknown
libpthread-2.28.s  000015184481E990  Unknown               Unknown  Unknown
littleharsh        000000000047259C  proc_lims_planes_        1218  start.f90
littleharsh        000000000041F6F4  start_                    489  start.f90
littleharsh        0000000000775B30  MAIN__                    127  littleharsh.f90
littleharsh        0000000000403922  Unknown               Unknown  Unknown
libc-2.28.so       0000151843EE97E5  __libc_start_main     Unknown  Unknown
littleharsh        000000000040382E  Unknown               Unknown  Unknown
forrtl: severe (174): SIGSEGV, segmentation fault occurred
Image              PC                Routine            Line        Source             
littleharsh        00000000007CDFBA  Unknown               Unknown  Unknown
libpthread-2.28.s  000014FB9A1F0990  Unknown               Unknown  Unknown
littleharsh        000000000047259C  proc_lims_planes_        1218  start.f90
littleharsh        000000000041F6F4  start_                    489  start.f90
littleharsh        0000000000775B30  MAIN__                    127  littleharsh.f90
littleharsh        0000000000403922  Unknown               Unknown  Unknown
libc-2.28.so       000014FB998BB7E5  __libc_start_main     Unknown  Unknown
littleharsh        000000000040382E  Unknown               Unknown  Unknown
forrtl: severe (174): SIGSEGV, segmentation fault occurred
Image              PC                Routine            Line        Source             
littleharsh        00000000007CDFBA  Unknown               Unknown  Unknown
libpthread-2.28.s  0000151632A1E990  Unknown               Unknown  Unknown
littleharsh        000000000047259C  proc_lims_planes_        1218  start.f90
littleharsh        000000000041F6F4  start_                    489  start.f90
littleharsh        0000000000775B30  MAIN__                    127  littleharsh.f90
littleharsh        0000000000403922  Unknown               Unknown  Unknown
libc-2.28.so       00001516320E97E5  __libc_start_main     Unknown  Unknown
littleharsh        000000000040382E  Unknown               Unknown  Unknown
forrtl: severe (174): SIGSEGV, segmentation fault occurred
Image              PC                Routine            Line        Source             
littleharsh        00000000007CDFBA  Unknown               Unknown  Unknown
libpthread-2.28.s  000014775BB02990  Unknown               Unknown  Unknown
littleharsh        000000000047259C  proc_lims_planes_        1218  start.f90
littleharsh        000000000041F6F4  start_                    489  start.f90
littleharsh        0000000000775B30  MAIN__                    127  littleharsh.f90
littleharsh        0000000000403922  Unknown               Unknown  Unknown
libc-2.28.so       000014775B1CD7E5  __libc_start_main     Unknown  Unknown
littleharsh        000000000040382E  Unknown               Unknown  Unknown
forrtl: severe (174): SIGSEGV, segmentation fault occurred
Image              PC                Routine            Line        Source             
littleharsh        00000000007CDFBA  Unknown               Unknown  Unknown
libpthread-2.28.s  000014D80B87A990  Unknown               Unknown  Unknown
littleharsh        000000000047259C  proc_lims_planes_        1218  start.f90
littleharsh        000000000041F6F4  start_                    489  start.f90
littleharsh        0000000000775B30  MAIN__                    127  littleharsh.f90
littleharsh        0000000000403922  Unknown               Unknown  Unknown
libc-2.28.so       000014D80AF457E5  __libc_start_main     Unknown  Unknown
littleharsh        000000000040382E  Unknown               Unknown  Unknown
forrtl: severe (174): SIGSEGV, segmentation fault occurred
Image              PC                Routine            Line        Source             
littleharsh        00000000007CDFBA  Unknown               Unknown  Unknown
libpthread-2.28.s  000014CE1819F990  Unknown               Unknown  Unknown
littleharsh        000000000047259C  proc_lims_planes_        1218  start.f90
littleharsh        000000000041F6F4  start_                    489  start.f90
littleharsh        0000000000775B30  MAIN__                    127  littleharsh.f90
littleharsh        0000000000403922  Unknown               Unknown  Unknown
libc-2.28.so       000014CE1786A7E5  __libc_start_main     Unknown  Unknown
littleharsh        000000000040382E  Unknown               Unknown  Unknown
forrtl: severe (174): SIGSEGV, segmentation fault occurred
Image              PC                Routine            Line        Source             
littleharsh        00000000007CDFBA  Unknown               Unknown  Unknown
libpthread-2.28.s  0000150B87E28990  Unknown               Unknown  Unknown
littleharsh        000000000047259C  proc_lims_planes_        1218  start.f90
littleharsh        000000000041F6F4  start_                    489  start.f90
littleharsh        0000000000775B30  MAIN__                    127  littleharsh.f90
littleharsh        0000000000403922  Unknown               Unknown  Unknown
libc-2.28.so       0000150B874F37E5  __libc_start_main     Unknown  Unknown
littleharsh        000000000040382E  Unknown               Unknown  Unknown
forrtl: severe (174): SIGSEGV, segmentation fault occurred
Image              PC                Routine            Line        Source             
littleharsh        00000000007CDFBA  Unknown               Unknown  Unknown
libpthread-2.28.s  0000154DD159C990  Unknown               Unknown  Unknown
littleharsh        000000000047259C  proc_lims_planes_        1218  start.f90
littleharsh        000000000041F6F4  start_                    489  start.f90
littleharsh        0000000000775B30  MAIN__                    127  littleharsh.f90
littleharsh        0000000000403922  Unknown               Unknown  Unknown
libc-2.28.so       0000154DD0C677E5  __libc_start_main     Unknown  Unknown
littleharsh        000000000040382E  Unknown               Unknown  Unknown
forrtl: severe (174): SIGSEGV, segmentation fault occurred
Image              PC                Routine            Line        Source             
littleharsh        00000000007CDFBA  Unknown               Unknown  Unknown
libpthread-2.28.s  000014BE83EDC990  Unknown               Unknown  Unknown
littleharsh        000000000047259C  proc_lims_planes_        1218  start.f90
littleharsh        000000000041F6F4  start_                    489  start.f90
littleharsh        0000000000775B30  MAIN__                    127  littleharsh.f90
littleharsh        0000000000403922  Unknown               Unknown  Unknown
libc-2.28.so       000014BE835A77E5  __libc_start_main     Unknown  Unknown
littleharsh        000000000040382E  Unknown               Unknown  Unknown
forrtl: severe (174): SIGSEGV, segmentation fault occurred
Image              PC                Routine            Line        Source             
littleharsh        00000000007CDFBA  Unknown               Unknown  Unknown
libpthread-2.28.s  0000149B32287990  Unknown               Unknown  Unknown
littleharsh        000000000047259C  proc_lims_planes_        1218  start.f90
littleharsh        000000000041F6F4  start_                    489  start.f90
littleharsh        0000000000775B30  MAIN__                    127  littleharsh.f90
littleharsh        0000000000403922  Unknown               Unknown  Unknown
libc-2.28.so       0000149B319527E5  __libc_start_main     Unknown  Unknown
littleharsh        000000000040382E  Unknown               Unknown  Unknown
forrtl: severe (174): SIGSEGV, segmentation fault occurred
Image              PC                Routine            Line        Source             
littleharsh        00000000007CDFBA  Unknown               Unknown  Unknown
libpthread-2.28.s  000015071CFBB990  Unknown               Unknown  Unknown
littleharsh        000000000047259C  proc_lims_planes_        1218  start.f90
littleharsh        000000000041F6F4  start_                    489  start.f90
littleharsh        0000000000775B30  MAIN__                    127  littleharsh.f90
littleharsh        0000000000403922  Unknown               Unknown  Unknown
libc-2.28.so       000015071C6867E5  __libc_start_main     Unknown  Unknown
littleharsh        000000000040382E  Unknown               Unknown  Unknown
forrtl: severe (174): SIGSEGV, segmentation fault occurred
Image              PC                Routine            Line        Source             
littleharsh        00000000007CDFBA  Unknown               Unknown  Unknown
libpthread-2.28.s  000014E819C01990  Unknown               Unknown  Unknown
littleharsh        000000000047259C  proc_lims_planes_        1218  start.f90
littleharsh        000000000041F6F4  start_                    489  start.f90
littleharsh        0000000000775B30  MAIN__                    127  littleharsh.f90
littleharsh        0000000000403922  Unknown               Unknown  Unknown
libc-2.28.so       000014E8192CC7E5  __libc_start_main     Unknown  Unknown
littleharsh        000000000040382E  Unknown               Unknown  Unknown
forrtl: severe (174): SIGSEGV, segmentation fault occurred
Image              PC                Routine            Line        Source             
littleharsh        00000000007CDFBA  Unknown               Unknown  Unknown
libpthread-2.28.s  0000152532AC0990  Unknown               Unknown  Unknown
littleharsh        000000000047259C  proc_lims_planes_        1218  start.f90
littleharsh        000000000041F6F4  start_                    489  start.f90
littleharsh        0000000000775B30  MAIN__                    127  littleharsh.f90
littleharsh        0000000000403922  Unknown               Unknown  Unknown
libc-2.28.so       000015253218B7E5  __libc_start_main     Unknown  Unknown
littleharsh        000000000040382E  Unknown               Unknown  Unknown
forrtl: severe (174): SIGSEGV, segmentation fault occurred
Image              PC                Routine            Line        Source             
littleharsh        00000000007CDFBA  Unknown               Unknown  Unknown
libpthread-2.28.s  000014A4DD582990  Unknown               Unknown  Unknown
littleharsh        000000000047259C  proc_lims_planes_        1218  start.f90
littleharsh        000000000041F6F4  start_                    489  start.f90
littleharsh        0000000000775B30  MAIN__                    127  littleharsh.f90
littleharsh        0000000000403922  Unknown               Unknown  Unknown
libc-2.28.so       000014A4DCC4D7E5  __libc_start_main     Unknown  Unknown
littleharsh        000000000040382E  Unknown               Unknown  Unknown
forrtl: severe (174): SIGSEGV, segmentation fault occurred
Image              PC                Routine            Line        Source             
littleharsh        00000000007CDFBA  Unknown               Unknown  Unknown
libpthread-2.28.s  000015011C512990  Unknown               Unknown  Unknown
littleharsh        000000000047259C  proc_lims_planes_        1218  start.f90
littleharsh        000000000041F6F4  start_                    489  start.f90
littleharsh        0000000000775B30  MAIN__                    127  littleharsh.f90
littleharsh        0000000000403922  Unknown               Unknown  Unknown
libc-2.28.so       000015011BBDD7E5  __libc_start_main     Unknown  Unknown
littleharsh        000000000040382E  Unknown               Unknown  Unknown
forrtl: severe (174): SIGSEGV, segmentation fault occurred
Image              PC                Routine            Line        Source             
littleharsh        00000000007CDFBA  Unknown               Unknown  Unknown
libpthread-2.28.s  0000153F305AE990  Unknown               Unknown  Unknown
littleharsh        000000000047259C  proc_lims_planes_        1218  start.f90
littleharsh        000000000041F6F4  start_                    489  start.f90
littleharsh        0000000000775B30  MAIN__                    127  littleharsh.f90
littleharsh        0000000000403922  Unknown               Unknown  Unknown
libc-2.28.so       0000153F2FC797E5  __libc_start_main     Unknown  Unknown
littleharsh        000000000040382E  Unknown               Unknown  Unknown
forrtl: severe (174): SIGSEGV, segmentation fault occurred
Image              PC                Routine            Line        Source             
littleharsh        00000000007CDFBA  Unknown               Unknown  Unknown
libpthread-2.28.s  000015489897B990  Unknown               Unknown  Unknown
littleharsh        000000000047259C  proc_lims_planes_        1218  start.f90
littleharsh        000000000041F6F4  start_                    489  start.f90
littleharsh        0000000000775B30  MAIN__                    127  littleharsh.f90
littleharsh        0000000000403922  Unknown               Unknown  Unknown
libc-2.28.so       00001548980467E5  __libc_start_main     Unknown  Unknown
littleharsh        000000000040382E  Unknown               Unknown  Unknown
forrtl: severe (174): SIGSEGV, segmentation fault occurred
Image              PC                Routine            Line        Source             
littleharsh        00000000007CDFBA  Unknown               Unknown  Unknown
libpthread-2.28.s  0000152DADA00990  Unknown               Unknown  Unknown
littleharsh        000000000047259C  proc_lims_planes_        1218  start.f90
littleharsh        000000000041F6F4  start_                    489  start.f90
littleharsh        0000000000775B30  MAIN__                    127  littleharsh.f90
littleharsh        0000000000403922  Unknown               Unknown  Unknown
libc-2.28.so       0000152DAD0CB7E5  __libc_start_main     Unknown  Unknown
littleharsh        000000000040382E  Unknown               Unknown  Unknown
forrtl: severe (174): SIGSEGV, segmentation fault occurred
Image              PC                Routine            Line        Source             
littleharsh        00000000007CDFBA  Unknown               Unknown  Unknown
libpthread-2.28.s  0000154978472990  Unknown               Unknown  Unknown
littleharsh        000000000047259C  proc_lims_planes_        1218  start.f90
littleharsh        000000000041F6F4  start_                    489  start.f90
littleharsh        0000000000775B30  MAIN__                    127  littleharsh.f90
littleharsh        0000000000403922  Unknown               Unknown  Unknown
libc-2.28.so       0000154977B3D7E5  __libc_start_main     Unknown  Unknown
littleharsh        000000000040382E  Unknown               Unknown  Unknown
forrtl: severe (174): SIGSEGV, segmentation fault occurred
Image              PC                Routine            Line        Source             
littleharsh        00000000007CDFBA  Unknown               Unknown  Unknown
libpthread-2.28.s  0000148423D12990  Unknown               Unknown  Unknown
littleharsh        000000000047259C  proc_lims_planes_        1218  start.f90
littleharsh        000000000041F6F4  start_                    489  start.f90
littleharsh        0000000000775B30  MAIN__                    127  littleharsh.f90
littleharsh        0000000000403922  Unknown               Unknown  Unknown
libc-2.28.so       00001484233DD7E5  __libc_start_main     Unknown  Unknown
littleharsh        000000000040382E  Unknown               Unknown  Unknown
forrtl: severe (174): SIGSEGV, segmentation fault occurred
Image              PC                Routine            Line        Source             
littleharsh        00000000007CDFBA  Unknown               Unknown  Unknown
libpthread-2.28.s  0000146C4773B990  Unknown               Unknown  Unknown
littleharsh        000000000047259C  proc_lims_planes_        1218  start.f90
littleharsh        000000000041F6F4  start_                    489  start.f90
littleharsh        0000000000775B30  MAIN__                    127  littleharsh.f90
littleharsh        0000000000403922  Unknown               Unknown  Unknown
libc-2.28.so       0000146C46E067E5  __libc_start_main     Unknown  Unknown
littleharsh        000000000040382E  Unknown               Unknown  Unknown
forrtl: severe (174): SIGSEGV, segmentation fault occurred
Image              PC                Routine            Line        Source             
littleharsh        00000000007CDFBA  Unknown               Unknown  Unknown
libpthread-2.28.s  00001481831E9990  Unknown               Unknown  Unknown
littleharsh        000000000047259C  proc_lims_planes_        1218  start.f90
littleharsh        000000000041F6F4  start_                    489  start.f90
littleharsh        0000000000775B30  MAIN__                    127  littleharsh.f90
littleharsh        0000000000403922  Unknown               Unknown  Unknown
libc-2.28.so       00001481828B47E5  __libc_start_main     Unknown  Unknown
littleharsh        000000000040382E  Unknown               Unknown  Unknown
forrtl: severe (174): SIGSEGV, segmentation fault occurred
Image              PC                Routine            Line        Source             
littleharsh        00000000007CDFBA  Unknown               Unknown  Unknown
libpthread-2.28.s  000015150D4E9990  Unknown               Unknown  Unknown
littleharsh        000000000047259C  proc_lims_planes_        1218  start.f90
littleharsh        000000000041F6F4  start_                    489  start.f90
littleharsh        0000000000775B30  MAIN__                    127  littleharsh.f90
littleharsh        0000000000403922  Unknown               Unknown  Unknown
libc-2.28.so       000015150CBB47E5  __libc_start_main     Unknown  Unknown
littleharsh        000000000040382E  Unknown               Unknown  Unknown
forrtl: severe (174): SIGSEGV, segmentation fault occurred
Image              PC                Routine            Line        Source             
littleharsh        00000000007CDFBA  Unknown               Unknown  Unknown
libpthread-2.28.s  000014B992510990  Unknown               Unknown  Unknown
littleharsh        000000000047259C  proc_lims_planes_        1218  start.f90
littleharsh        000000000041F6F4  start_                    489  start.f90
littleharsh        0000000000775B30  MAIN__                    127  littleharsh.f90
littleharsh        0000000000403922  Unknown               Unknown  Unknown
libc-2.28.so       000014B991BDB7E5  __libc_start_main     Unknown  Unknown
littleharsh        000000000040382E  Unknown               Unknown  Unknown
