Loading rhel8/default-icl
  Loading requirement: rhel8/slurm singularity/current rhel8/global cuda/11.4
    vgl/2.5.1/64 intel-oneapi-compilers/2022.1.0/gcc/b6zld2mz ucx/1.15.0
    intel-oneapi-mpi/2021.6.0/intel/guxuvcpm
Loading cube/4.8/gcc/23p4hfhj
  Loading requirement: cubelib/4.8/gcc/d6dn6fbz libmd/1.0.4/gcc/cb4tpaqj
    libbsd/0.11.5/gcc/xsr6mhaa expat/2.4.8/gcc/xuqakzcy
    libiconv/1.16/gcc/aa2kwjch libxml2/2.9.13/gcc/fww2yzpt
    ncurses/6.2/gcc/qke6jyyt gettext/0.21/gcc/lhdl4tbr libffi/3.4.2/gcc/alfpockh
    pcre/8.45/gcc/jgwcvolz readline/8.1/gcc/bgw44yb2 gdbm/1.23/gcc/dviudcmk
    sqlite/3.38.5/gcc/xdyquaax tcl/8.6.12/gcc/gf3ofu4d
    inputproto/2.3.2/gcc/bwj4rzah kbproto/1.0.7/gcc/go5c2zyv
    libpthread-stubs/0.4/gcc/zyf6irr6 xproto/7.0.31/gcc/f5csjg7w
    libxau/1.0.8/gcc/dfmabka4 libxdmcp/1.1.2/gcc/iilv5r4i
    xcb-proto/1.14.1/gcc/ppnp4lo4 libxcb/1.14/gcc/cmzk7sor
    xextproto/7.3.0/gcc/oowjkbwu xtrans/1.3.5/gcc/zrqo6ghr
    libx11/1.7.0/gcc/pe2khlxx font-util/1.3.2/gcc/d376rdkf
    libpng/1.6.37/gcc/trvruff6 freetype/2.11.1/gcc/u4bjufog
    util-linux-uuid/2.37.4/gcc/h7hztrtm fontconfig/2.13.1/gcc/ya6ibpmq
    renderproto/0.11.1/gcc/b2jkdp6e libxrender/0.9.10/gcc/n6yxi44d
    libxft/2.3.2/gcc/zay6bixf libxext/1.3.3/gcc/p7y37pfb
    scrnsaverproto/1.2.2/gcc/fzbihsla libxscrnsaver/1.2.2/gcc/t5hd2qnu
    tk/8.6.11/gcc/vdahj5in python/3.9.12/gcc/pdcqf4o5 glib/2.72.1/gcc/ossxhd4z
    libice/1.0.9/gcc/ryauhh2f libsm/1.2.3/gcc/gc4ariqd dbus/1.12.8/gcc/uvq5cpwf
    double-conversion/3.1.5/gcc/2k4uflia pixman/0.40.0/gcc/2wv7zavv
    cairo/1.16.0/gcc/rxuyervx gobject-introspection/1.72.0/gcc/t2ffpwoo
    icu4c/67.1/gcc/4ly45zrt harfbuzz/4.2.1/gcc/6e7bjt35
    libjpeg-turbo/2.1.3/gcc/3m6u5lxl libtiff/4.3.0/gcc/zu2vruxu
    lcms/2.13.1/gcc/fg5rmple libmng/2.0.3/gcc/saz7lols
    util-macros/1.19.3/gcc/fnxpyih4 xkbdata/1.0.1/gcc/acidvg5x
    libxkbcommon/1.4.0/gcc/g2nkfpxk pcre2/10.39/gcc/inuagvoq
    xcb-util/0.4.0/gcc/mb5ul24d xcb-util-image/0.4.0/gcc/xfnuwvvw
    xcb-util-keysyms/0.4.0/gcc/crcp222j xcb-util-renderutil/0.3.9/gcc/scn774ro
    xcb-util-wm/0.4.1/gcc/kpzboqng zstd/1.5.2/gcc/xfbmozmj
    qt/5.15.4/gcc/nscjhba7
Loading scorep/8.0/intel/intel-oneapi-mpi/wsx7txgw
  Loading requirement: libiconv/1.16/intel/6u2mmycs
    libxml2/2.9.13/intel/fgfwdljc ncurses/6.2/intel/dnilgm7v
    gettext/0.21/intel/oqzwvu37 binutils/2.40/intel/raz3tohr
    cubelib/4.8/intel/udyz623t cubew/4.8/intel/5chsnzws
    opari2/2.0.6/intel/aa6v73ny otf2/3.0/intel/6ymwom5i
    papi/6.0.0.1/intel/ugkg3uzf
Changed directory to /rds/user/ld751/hpc-work/single_block/single_block_clean/RNL_singlle_block_clean.

JobID: 19486137
======
Time: Wed Dec 17 11:25:26 GMT 2025
Running on master node: cpu-r-1
Current directory: /rds/user/ld751/hpc-work/single_block/single_block_clean/RNL_singlle_block_clean

Nodes allocated:
================
cpu-r-1

numtasks=40, numnodes=1, mpi_tasks_per_node=40 (OMP_NUM_THREADS=1)

Executing command:
==================
mpirun -ppn 40 -np 40 ./littleharsh 

MPI startup(): Warning: I_MPI_PMI_LIBRARY will be ignored since the hydra process manager was found
MPI startup(): Warning: I_MPI_PMI_LIBRARY will be ignored since the hydra process manager was found
MPI startup(): Warning: I_MPI_PMI_LIBRARY will be ignored since the hydra process manager was found
MPI startup(): Warning: I_MPI_PMI_LIBRARY will be ignored since the hydra process manager was found
MPI startup(): Warning: I_MPI_PMI_LIBRARY will be ignored since the hydra process manager was found
MPI startup(): Warning: I_MPI_PMI_LIBRARY will be ignored since the hydra process manager was found
MPI startup(): Warning: I_MPI_PMI_LIBRARY will be ignored since the hydra process manager was found
MPI startup(): Warning: I_MPI_PMI_LIBRARY will be ignored since the hydra process manager was found
MPI startup(): Warning: I_MPI_PMI_LIBRARY will be ignored since the hydra process manager was found
MPI startup(): Warning: I_MPI_PMI_LIBRARY will be ignored since the hydra process manager was found
MPI startup(): Warning: I_MPI_PMI_LIBRARY will be ignored since the hydra process manager was found
MPI startup(): Warning: I_MPI_PMI_LIBRARY will be ignored since the hydra process manager was found
MPI startup(): Warning: I_MPI_PMI_LIBRARY will be ignored since the hydra process manager was found
MPI startup(): Warning: I_MPI_PMI_LIBRARY will be ignored since the hydra process manager was found
MPI startup(): Warning: I_MPI_PMI_LIBRARY will be ignored since the hydra process manager was found
MPI startup(): Warning: I_MPI_PMI_LIBRARY will be ignored since the hydra process manager was found
MPI startup(): Warning: I_MPI_PMI_LIBRARY will be ignored since the hydra process manager was found
MPI startup(): Warning: I_MPI_PMI_LIBRARY will be ignored since the hydra process manager was found
MPI startup(): Warning: I_MPI_PMI_LIBRARY will be ignored since the hydra process manager was found
MPI startup(): Warning: I_MPI_PMI_LIBRARY will be ignored since the hydra process manager was found
MPI startup(): Warning: I_MPI_PMI_LIBRARY will be ignored since the hydra process manager was found
MPI startup(): Warning: I_MPI_PMI_LIBRARY will be ignored since the hydra process manager was found
MPI startup(): Warning: I_MPI_PMI_LIBRARY will be ignored since the hydra process manager was found
MPI startup(): Warning: I_MPI_PMI_LIBRARY will be ignored since the hydra process manager was found
MPI startup(): Warning: I_MPI_PMI_LIBRARY will be ignored since the hydra process manager was found
MPI startup(): Warning: I_MPI_PMI_LIBRARY will be ignored since the hydra process manager was found
MPI startup(): Warning: I_MPI_PMI_LIBRARY will be ignored since the hydra process manager was found
MPI startup(): Warning: I_MPI_PMI_LIBRARY will be ignored since the hydra process manager was found
MPI startup(): Warning: I_MPI_PMI_LIBRARY will be ignored since the hydra process manager was found
MPI startup(): Warning: I_MPI_PMI_LIBRARY will be ignored since the hydra process manager was found
MPI startup(): Warning: I_MPI_PMI_LIBRARY will be ignored since the hydra process manager was found
MPI startup(): Warning: I_MPI_PMI_LIBRARY will be ignored since the hydra process manager was found
MPI startup(): Warning: I_MPI_PMI_LIBRARY will be ignored since the hydra process manager was found
MPI startup(): Warning: I_MPI_PMI_LIBRARY will be ignored since the hydra process manager was found
MPI startup(): Warning: I_MPI_PMI_LIBRARY will be ignored since the hydra process manager was found
MPI startup(): Warning: I_MPI_PMI_LIBRARY will be ignored since the hydra process manager was found
MPI startup(): Warning: I_MPI_PMI_LIBRARY will be ignored since the hydra process manager was found
MPI startup(): Warning: I_MPI_PMI_LIBRARY will be ignored since the hydra process manager was found
MPI startup(): Warning: I_MPI_PMI_LIBRARY will be ignored since the hydra process manager was found
MPI startup(): Warning: I_MPI_PMI_LIBRARY will be ignored since the hydra process manager was found
 
 ---------------LITTLE HARSH---------------
          'That's a little harsh'          
                    meow                   
 ------------------------------------------
 
 reading parameters for numerical method
 reading surface geometry
 dthdyu(0) smooth   1204.29184034297     
 N:
           0         128         128         128          -2
           0         128         128         128           0
           0           0           0         151           0
           0           0           0         152           0
 Ngal:
           0         192         192         192          -2
           0         192         192         192           0
           0           0           0         151           0
           0           0           0         152           0
 Ny:
           0           0           0         151           0
           0           0           0         152           0
           1           0           0         151           0
 >>> entered proc_lims_columns, myid =           2
 >>> entered proc_lims_columns, myid =           6
 >>> entered proc_lims_columns, myid =           8
 >>> entered proc_lims_columns, myid =          10
 >>> entered proc_lims_columns, myid =          12
 >>> entered proc_lims_columns, myid =          20
 >>> entered proc_lims_columns, myid =          22
 >>> entered proc_lims_columns, myid =          23
 >>> entered proc_lims_columns, myid =          28
 >>> entered proc_lims_columns, myid =          31
 >>> entered proc_lims_columns, myid =           0
 >>> entered proc_lims_columns, myid =          35
 >>> entered proc_lims_columns, myid =          36
 >>> entered proc_lims_columns, myid =          37
 >>> entered proc_lims_columns, myid =          38
 >>> entered proc_lims_columns, myid =          13
 >>> entered proc_lims_columns, myid =          21
 >>> entered proc_lims_columns, myid =           1
 >>> entered proc_lims_columns, myid =           7
 >>> entered proc_lims_columns, myid =          17
 >>> entered proc_lims_columns, myid =          29
 >>> entered proc_lims_columns, myid =          26
 >>> entered proc_lims_columns, myid =           3
 >>> entered proc_lims_columns, myid =          33
 >>> entered proc_lims_columns, myid =          19
 >>> entered proc_lims_columns, myid =          11
 >>> entered proc_lims_columns, myid =           4
 >>> entered proc_lims_columns, myid =          18
 >>> entered proc_lims_columns, myid =          27
 >>> entered proc_lims_columns, myid =          39
 >>> entered proc_lims_columns, myid =          14
 >>> entered proc_lims_columns, myid =          32
 >>> entered proc_lims_columns, myid =           5
 >>> entered proc_lims_columns, myid =          30
 >>> entered proc_lims_columns, myid =           9
 >>> entered proc_lims_columns, myid =          25
 >>> entered proc_lims_columns, myid =          16
 >>> entered proc_lims_columns, myid =          15
 >>> entered proc_lims_columns, myid =          24
 limPL_excw(ugrid,1,myid)           5 limPL_excw(ugrid,2,myid)           8
 >>> entered proc_lims_columns, myid =          34
 limPL_excw(ugrid,1,myid)         138 limPL_excw(ugrid,2,myid)         140
 limPL_excw(ugrid,1,myid)          61 limPL_excw(ugrid,2,myid)          64
 limPL_excw(ugrid,1,myid)          97 limPL_excw(ugrid,2,myid)         100
 limPL_excw(ugrid,1,myid)          25 limPL_excw(ugrid,2,myid)          28
 limPL_excw(ugrid,1,myid)          89 limPL_excw(ugrid,2,myid)          92
 limPL_excw(ugrid,1,myid)           1 limPL_excw(ugrid,2,myid)           4
 iproc           0 nplanes           4 proc_load   4.00000000000000     
 iproc           1 nplanes           4 proc_load   4.00000000000000     
 iproc           2 nplanes           4 proc_load   4.00000000000000     
 iproc           3 nplanes           4 proc_load   4.00000000000000     
 iproc           4 nplanes           4 proc_load   4.00000000000000     
 iproc           5 nplanes           4 proc_load   4.00000000000000     
 iproc           6 nplanes           4 proc_load   4.00000000000000     
 iproc           7 nplanes           4 proc_load   4.00000000000000     
 iproc           8 nplanes           4 proc_load   4.00000000000000     
 iproc           9 nplanes           4 proc_load   4.00000000000000     
 iproc          10 nplanes           4 proc_load   4.00000000000000     
 iproc          11 nplanes           4 proc_load   4.00000000000000     
 iproc          12 nplanes           4 proc_load   4.00000000000000     
 iproc          13 nplanes           4 proc_load   4.00000000000000     
 iproc          14 nplanes           4 proc_load   4.00000000000000     
 iproc          15 nplanes           4 proc_load   4.00000000000000     
 iproc          16 nplanes           4 proc_load   4.00000000000000     
 iproc          17 nplanes           4 proc_load   4.00000000000000     
 iproc          18 nplanes           4 proc_load   4.00000000000000     
 iproc          19 nplanes           4 proc_load   4.00000000000000     
 iproc          20 nplanes           4 proc_load   4.00000000000000     
 iproc          21 nplanes           4 proc_load   4.00000000000000     
 iproc          22 nplanes           4 proc_load   4.00000000000000     
 iproc          23 nplanes           4 proc_load   4.00000000000000     
 iproc          24 nplanes           4 proc_load   4.00000000000000     
 iproc          25 nplanes           4 proc_load   4.00000000000000     
 iproc          26 nplanes           4 proc_load   4.00000000000000     
 iproc          27 nplanes           4 proc_load   4.00000000000000     
 iproc          28 nplanes           4 proc_load   4.00000000000000     
 iproc          29 nplanes           4 proc_load   4.00000000000000     
 iproc          30 nplanes           4 proc_load   4.00000000000000     
 iproc          31 nplanes           4 proc_load   4.00000000000000     
 iproc          32 nplanes           3 proc_load   3.00000000000000     
 iproc          33 nplanes           3 proc_load   3.00000000000000     
 iproc          34 nplanes           3 proc_load   3.00000000000000     
 iproc          35 nplanes           3 proc_load   3.00000000000000     
 iproc          36 nplanes           3 proc_load   3.00000000000000     
 iproc          37 nplanes           3 proc_load   3.00000000000000     
 iproc          38 nplanes           3 proc_load   3.00000000000000     
 iproc          39 nplanes           3 proc_load   3.00000000000000     
 Reading in nonlinear interaction list
 ./3e-9/                                                                        
                                          
 
 limPL_excw(ugrid,1,myid)           9 limPL_excw(ugrid,2,myid)          12
 limPL_excw(ugrid,1,myid)          13 limPL_excw(ugrid,2,myid)          16
 limPL_excw(ugrid,1,myid)          17 limPL_excw(ugrid,2,myid)          20
 limPL_excw(ugrid,1,myid)          21 limPL_excw(ugrid,2,myid)          24
 limPL_excw(ugrid,1,myid)          29 limPL_excw(ugrid,2,myid)          32
 limPL_excw(ugrid,1,myid)          33 limPL_excw(ugrid,2,myid)          36
 limPL_excw(ugrid,1,myid)          37 limPL_excw(ugrid,2,myid)          40
 limPL_excw(ugrid,1,myid)          41 limPL_excw(ugrid,2,myid)          44
 limPL_excw(ugrid,1,myid)          45 limPL_excw(ugrid,2,myid)          48
 limPL_excw(ugrid,1,myid)          49 limPL_excw(ugrid,2,myid)          52
 limPL_excw(ugrid,1,myid)          53 limPL_excw(ugrid,2,myid)          56
 limPL_excw(ugrid,1,myid)          57 limPL_excw(ugrid,2,myid)          60
 limPL_excw(ugrid,1,myid)          65 limPL_excw(ugrid,2,myid)          68
 limPL_excw(ugrid,1,myid)          69 limPL_excw(ugrid,2,myid)          72
 limPL_excw(ugrid,1,myid)          73 limPL_excw(ugrid,2,myid)          76
 limPL_excw(ugrid,1,myid)          77 limPL_excw(ugrid,2,myid)          80
 limPL_excw(ugrid,1,myid)          81 limPL_excw(ugrid,2,myid)          84
 limPL_excw(ugrid,1,myid)          85 limPL_excw(ugrid,2,myid)          88
 limPL_excw(ugrid,1,myid)          93 limPL_excw(ugrid,2,myid)          96
 limPL_excw(ugrid,1,myid)         101 limPL_excw(ugrid,2,myid)         104
 limPL_excw(ugrid,1,myid)         105 limPL_excw(ugrid,2,myid)         108
 limPL_excw(ugrid,1,myid)         109 limPL_excw(ugrid,2,myid)         112
 limPL_excw(ugrid,1,myid)         113 limPL_excw(ugrid,2,myid)         116
 limPL_excw(ugrid,1,myid)         117 limPL_excw(ugrid,2,myid)         120
 limPL_excw(ugrid,1,myid)         121 limPL_excw(ugrid,2,myid)         124
 limPL_excw(ugrid,1,myid)         125 limPL_excw(ugrid,2,myid)         128
 limPL_excw(ugrid,1,myid)         129 limPL_excw(ugrid,2,myid)         131
 limPL_excw(ugrid,1,myid)         132 limPL_excw(ugrid,2,myid)         134
 limPL_excw(ugrid,1,myid)         135 limPL_excw(ugrid,2,myid)         137
 limPL_excw(ugrid,1,myid)         141 limPL_excw(ugrid,2,myid)         143
 limPL_excw(ugrid,1,myid)         144 limPL_excw(ugrid,2,myid)         146
 limPL_excw(ugrid,1,myid)         147 limPL_excw(ugrid,2,myid)         149
 limPL_excw(ugrid,1,myid)         150 limPL_excw(ugrid,2,myid)         152
 =====> Finished Start
 =====> Calling getini 
 Launching...
 starting from multi-block, flat channel?
 start file: ./input/u1_0128x0128x0153_t09455.dat
  Calling read in
  Calling read in
  Calling read in
  Calling read in
  Calling read in
  Calling read in
  Calling read in
  Calling read in
  Calling read in
  Calling read in
  Calling read in
  Calling read in
  Calling read in
  Calling read in
  Calling read in
  Calling read in
  Calling read in
  Calling read in
  Calling read in
  Calling read in
  Calling read in
  Calling read in
  Calling read in
  Calling read in
  Calling read in
  Calling read in
  Calling read in
  Calling read in
  Calling read in
  Calling read in
  Calling read in
  Calling read in
  Calling read in
  Calling read in
  Calling read in
  Calling read in
  Calling read in
  Calling read in
  Calling read in
  Calling read in
 Re_old,Re   3250.00000000000        3250.00000000000     
 N2
           0         128         128         128          -2
           0         128         128         128           0
           0          29         122         151           0
           0          30         122         152           0
 getting
 u1 from file ./input//u1_0128x0128x0153_t09455.dat,
 u2 from file ./input//u2_0128x0128x0153_t09455.dat,
 u3 from file ./input//u3_0128x0128x0153_t09455.dat,
 and p from file ./input//p_0128x0128x0153_t09455.dat,
 
 call divergence            0
 call init stats           0
 finished init_stats           0
 call init_sl stats           0
 Lx       6.28318530717959     
 Ly       2.00000000000000     
 Lz       3.14159265358979     
 Nx             128         128         128
 Nz             128         128         128
 Nyv              0           0           0         151
 Nyu              0           0           0         152
 Ngalx          192         192         192
 Ngalz          192         192         192
 Ngaly            0           0         151
 Ngalyu           0           0         152
 
 dymin   1.225435224106675E-003
 dymax   1.614068685092982E-002
 
 Re    3250.00000000000     
 t    0.000000000000000E+000
 finished getini           0
 call divergence            1
 call divergence            2
 call divergence            3
 call divergence            4
 call divergence            5
 call divergence            6
 call divergence            7
 call divergence            8
 call divergence            9
 call divergence           10
 call divergence           11
 call divergence           12
 call divergence           13
 call divergence           14
 call divergence           15
 call divergence           16
 call divergence           17
 call divergence           18
 call divergence           19
 call divergence           20
 call divergence           21
 call divergence           22
 call divergence           23
 call init stats           1
 finished init_stats           1
 call init_sl stats           1
 call init stats           2
 finished init_stats           2
 call init_sl stats           2
 call init stats           3
 finished init_stats           3
 call init_sl stats           3
 call init stats           4
 finished init_stats           4
 call init_sl stats           4
 call init stats           5
 finished init_stats           5
 call init_sl stats           5
 call init stats           6
 finished init_stats           6
 call init_sl stats           6
 call init stats           7
 finished init_stats           7
 call init_sl stats           7
 call init stats           8
 call init stats           9
 call init stats          10
 call init stats          11
 call init stats          12
 call init stats          13
 call init stats          14
 call init stats          15
 finished getini           1
 call init stats          17
 call init stats          18
 call init stats          19
 call divergence           32
 call init stats          16
 call init stats          20
 call init stats          21
 call init stats          22
 call divergence           36
 call divergence           37
 call divergence           38
 finished getini           4
 finished getini           5
 finished getini           7
 call divergence           39
 finished getini           2
 finished getini           3
 finished init_stats          15
 call init_sl stats          15
 finished init_stats          11
 call init_sl stats          11
 finished init_stats           9
 call init_sl stats           9
 finished init_stats          10
 call init_sl stats          10
 finished init_stats           8
 call init_sl stats           8
 finished getini           6
 finished getini           8
 finished getini           9
 finished getini          10
 finished getini          11
 finished init_stats          12
 call init_sl stats          12
 finished getini          12
 finished init_stats          13
 call init_sl stats          13
 finished getini          13
 finished init_stats          14
 call init_sl stats          14
 finished getini          14
 finished getini          15
 finished init_stats          16
 call init_sl stats          16
 finished getini          16
 finished init_stats          17
 call init_sl stats          17
 finished getini          17
 finished init_stats          18
 call init_sl stats          18
 finished getini          18
 finished init_stats          19
 call init_sl stats          19
 finished getini          19
 finished init_stats          20
 call init_sl stats          20
 finished getini          20
 finished init_stats          21
 call init_sl stats          21
 finished getini          21
 finished init_stats          22
 call init_sl stats          22
 finished getini          22
 call init stats          23
 finished init_stats          23
 call init_sl stats          23
 finished getini          23
 call divergence           24
 call init stats          24
 call divergence           25
 call init stats          25
 finished init_stats          25
 call init_sl stats          25
 call divergence           26
 call init stats          26
 call divergence           27
 call init stats          27
 finished init_stats          27
 call init_sl stats          27
 call divergence           28
 call init stats          28
 call divergence           29
 call divergence           30
 call init stats          30
 call divergence           31
 call init stats          31
 call init stats          32
 finished init_stats          32
 call init_sl stats          32
 finished getini          32
 call divergence           33
 call init stats          33
 call divergence           34
 call init stats          34
 finished init_stats          34
 call init_sl stats          34
 call divergence           35
 call init stats          35
 finished init_stats          35
 call init_sl stats          35
 call init stats          36
 finished init_stats          36
 call init_sl stats          36
 finished getini          36
 call init stats          37
 finished init_stats          37
 call init_sl stats          37
 finished getini          37
 call init stats          38
 finished init_stats          38
 call init_sl stats          38
 finished getini          38
 call init stats          39
 finished init_stats          39
 call init_sl stats          39
 finished getini          39
 finished init_stats          26
 call init_sl stats          26
 finished init_stats          28
 call init_sl stats          28
 call init stats          29
 finished init_stats          30
 call init_sl stats          30
 finished init_stats          24
 call init_sl stats          24
 finished init_stats          29
 call init_sl stats          29
 finished init_stats          31
 call init_sl stats          31
 finished init_stats          33
 call init_sl stats          33
 
 Initialised
 finished getini          24
 finished getini          25
 finished getini          26
 finished getini          27
 finished getini          28
 finished getini          29
 finished getini          30
 finished getini          31
 finished getini          33
 finished getini          34
 finished getini          35
 finished RHS =====> Building Nonlinear
 =====> Interpolating
 =====> Modes to planes
 =====> Spectra
 =====> Record Out
 
 iter           0
 t     0.000000000000000E+000
 dtv   2.089558705412383E-003
 dtc   0.000000000000000E+000
 dt    0.000000000000000E+000
 err   6.736447455048117E-017
 Qx     1.75230615942311     
 mpgx -3.067500000000000E-003
 Umax   1.01423825947899     
 Uslp -1.058242342586234E-015
 =====> Ops in Planes
 vv_cPL  1.125350715618262E-007  9.994015418871055E-015         150
  Finished 0th mode nonlin =====> Linear advection           2
 vv_cPL  9.328547394522505E-005  7.634594671079273E-013          10
 =====> nonlinear interaction into 0th mode - U           2
 =====> nonlinear interaction into 0th mode - V           0
 =====> Finished Nonlin Inter U           2
 =====> Planes to modes
 =====> Finished Nonlin Inter v           2
 =====> Finished Derivatives           2
 =====> Finished Ops in planes           2
 =====> Derivatives
 =====> CFL and Stats
 cfl u1  0.122597735292252                0
 cfl u1  3.051193992536943E-002           1
 cfl u1  1.960364858332213E-002           2
 cfl u1  1.643867374893017E-002           3
 cfl u1  1.570144016205853E-002           4
 cfl u1  1.464952538936701E-002           5
 cfl u1  1.441301449577765E-002           6
 cfl u1  1.448288965665472E-002           7
 cfl u1  1.439953120992217E-002           8
 cfl u1  1.439198605785179E-002           9
 cfl u1  1.438149150312720E-002          10
 cfl u1  1.395780506297411E-002          11
 cfl u1  1.373478089547051E-002          12
 cfl u1  1.367143306326886E-002          13
 cfl u1  1.367982746455120E-002          14
 cfl u1  1.370605118686973E-002          15
 cfl u1  1.374650710574744E-002          16
 cfl u1  1.375601936174417E-002          17
 cfl u1  1.380094549858147E-002          18
 cfl u1  1.401980021617208E-002          19
 cfl u1  1.391254427043278E-002          20
 cfl u1  1.389093620634204E-002          21
 cfl u1  1.402414791847277E-002          22
 cfl u1  1.421791969082557E-002          23
 cfl u1  1.435739571668449E-002          24
 cfl u1  1.434167559009156E-002          25
 cfl u1  1.408043468106200E-002          26
 cfl u1  1.406393838480623E-002          27
 cfl u1  1.462865754210258E-002          28
 cfl u1  1.471581311163285E-002          29
 cfl u1  1.486221730010494E-002          30
 cfl u1  1.501650369571235E-002          31
 cfl u1  1.515783738837454E-002          32
 cfl u1  1.543934617238265E-002          33
 cfl u1  1.596920587608371E-002          34
 cfl u1  1.663304306134675E-002          35
 cfl u1  1.774829925020478E-002          36
 cfl u1  2.114911367083700E-002          37
 cfl u1  3.592539802045137E-002          38
 cfl u1  0.113345529717860               39
 Finished Nonlinear =====> Solving
 solving u
 solving w
 solving v
 Finished Solving Velocities =====> Solving Pressure 
 finished RHS =====> Building Nonlinear
 =====> Interpolating
 =====> Modes to planes
 =====> Spectra
 =====> Record Out
 =====> Ops in Planes
 vv_cPL  1.124647188998972E-007  9.638879292312219E-015         150
  Finished 0th mode nonlin =====> Linear advection           2
 vv_cPL  9.328763537866729E-005  7.226538453504941E-013          10
 =====> nonlinear interaction into 0th mode - U           2
 =====> nonlinear interaction into 0th mode - V           0
 =====> Finished Nonlin Inter U           2
 =====> Planes to modes
 =====> Finished Nonlin Inter v           2
 =====> Finished Derivatives           2
 =====> Finished Ops in planes           2
 =====> Derivatives
 =====> CFL and Stats
 Finished Nonlinear =====> Solving
 solving u
 solving w
 solving v
 Finished Solving Velocities =====> Solving Pressure 
 finished RHS =====> Building Nonlinear
 =====> Interpolating
 =====> Modes to planes
 =====> Spectra
 =====> Record Out
 =====> Ops in Planes
 vv_cPL  1.124241503354664E-007  9.558346872501858E-015         150
  Finished 0th mode nonlin =====> Linear advection           2
 vv_cPL  9.328277960305351E-005  7.127680102147876E-013          10
 =====> nonlinear interaction into 0th mode - U           2
 =====> nonlinear interaction into 0th mode - V           0
 =====> Finished Nonlin Inter U           2
 =====> Planes to modes
 =====> Finished Nonlin Inter v           2
 =====> Finished Derivatives           2
 =====> Finished Ops in planes           2
 =====> Derivatives
 =====> CFL and Stats
 Finished Nonlinear =====> Solving
 solving u
 solving w
 solving v
 Finished Solving Velocities =====> Solving Pressure 
 finished RHS =====> Building Nonlinear
 =====> Interpolating
 =====> Modes to planes
 =====> Spectra
 =====> Record Out
 =====> Ops in Planes
 vv_cPL  1.123734776594230E-007  9.361979547870655E-015         150
  Finished 0th mode nonlin =====> Linear advection           2
 vv_cPL  9.328148183928823E-005  6.886194387488376E-013          10
 =====> nonlinear interaction into 0th mode - U           2
 =====> nonlinear interaction into 0th mode - V           0
 =====> Finished Nonlin Inter U           2
 =====> Planes to modes
 =====> Finished Nonlin Inter v           2
 =====> Finished Derivatives           2
 =====> Finished Ops in planes           2
 =====> Derivatives
 =====> CFL and Stats
 cfl u1  0.122503754902301                0
 Finished Nonlinear =====> Solving
 cfl u1  3.048990827336343E-002           1
 cfl u1  1.959002585304618E-002           2
 cfl u1  1.644417409621266E-002           3
 cfl u1  1.570466472485738E-002           4
 cfl u1  1.465185075239896E-002           5
 cfl u1  1.441287144123824E-002           6
 cfl u1  1.448198862578342E-002           7
 cfl u1  1.439550290817049E-002           8
 cfl u1  1.439079072401400E-002           9
 cfl u1  1.438432820500588E-002          10
 cfl u1  1.396064713920268E-002          11
 cfl u1  1.373221476434918E-002          12
 cfl u1  1.367348720063223E-002          13
 cfl u1  1.367704548419274E-002          14
 cfl u1  1.370473680968684E-002          15
 cfl u1  1.374581538344359E-002          16
 cfl u1  1.375850478778156E-002          17
 cfl u1  1.380044871051960E-002          18
 cfl u1  1.402986757638573E-002          19
 cfl u1  1.390223624120491E-002          20
 cfl u1  1.388781844918844E-002          21
 cfl u1  1.402440613284761E-002          22
 cfl u1  1.421487565049698E-002          23
 cfl u1  1.435770897226852E-002          24
 cfl u1  1.433707397705417E-002          25
 cfl u1  1.406967973641186E-002          26
 cfl u1  1.405299372739961E-002          27
 cfl u1  1.463453898932368E-002          28
 cfl u1  1.470852150974060E-002          29
 cfl u1  1.486285801465836E-002          30
 cfl u1  1.501155623239347E-002          31
 cfl u1  1.516048069129729E-002          32
 cfl u1  1.543502922847536E-002          33
 cfl u1  1.596773121635158E-002          34
 cfl u1  1.663122213322957E-002          35
 cfl u1  1.775058773597383E-002          36
 cfl u1  2.114799431460747E-002          37
 cfl u1  3.592272011987531E-002          38
 cfl u1  0.113347031977133               39
 solving u
 solving w
 solving v
 Finished Solving Velocities =====> Solving Pressure 
 finished RHS =====> Building Nonlinear
 =====> Interpolating
 =====> Modes to planes
 =====> Spectra
 =====> Record Out
 =====> Ops in Planes
 vv_cPL  1.123058115822834E-007  9.061056624315350E-015         150
  Finished 0th mode nonlin =====> Linear advection           2
 vv_cPL  9.328369966416373E-005  6.515699463736271E-013          10
 =====> nonlinear interaction into 0th mode - U           2
 =====> nonlinear interaction into 0th mode - V           0
 =====> Finished Nonlin Inter U           2
 =====> Planes to modes
 =====> Finished Nonlin Inter v           2
 =====> Finished Derivatives           2
 =====> Finished Ops in planes           2
 =====> Derivatives
 =====> CFL and Stats
 Finished Nonlinear =====> Solving
 solving u
 solving w
 solving v
 Finished Solving Velocities =====> Solving Pressure 
 finished RHS =====> Building Nonlinear
 =====> Interpolating
 =====> Modes to planes
 =====> Spectra
 =====> Record Out
 =====> Ops in Planes
 vv_cPL  1.122656899806507E-007  8.988510849833544E-015         150
  Finished 0th mode nonlin =====> Linear advection           2
 vv_cPL  9.327883925006807E-005  6.425950190456236E-013          10
 =====> nonlinear interaction into 0th mode - U           2
 =====> nonlinear interaction into 0th mode - V           0
 =====> Finished Nonlin Inter U           2
 =====> Planes to modes
 =====> Finished Nonlin Inter v           2
 =====> Finished Derivatives           2
 =====> Finished Ops in planes           2
 =====> Derivatives
 =====> CFL and Stats
 Finished Nonlinear =====> Solving
 solving u
 solving w
 solving v
 Finished Solving Velocities =====> Solving Pressure 
 
 iter           2
 t     1.044779352706192E-002
 dtv   2.089558705412383E-003
 dtc   1.367348720063223E-002
 dt    5.223896763530959E-003
 err   1.145048905048327E-016
 Qx     1.75230567026825     
 mpgx -3.067500000000000E-003
 Umax   1.01423594132769     
 Uslp -1.057896737640909E-015
 process           1 over
 process           2 over
 process           3 over
 process           4 over
 process           5 over
 process           6 over
 process           7 over
 process           8 over
 process           9 over
 process          10 over
 process          11 over
 process          12 over
 process          13 over
 process          14 over
 process          15 over
 process          16 over
 process          17 over
 process          18 over
 process          19 over
 process          20 over
 process          21 over
 process          22 over
 process          23 over
 process          24 over
 process          25 over
 process          26 over
 process          27 over
 process          28 over
 process          29 over
 process          30 over
 process          31 over
 process          32 over
 process          33 over
 process          34 over
 process          35 over
 process          36 over
 process          37 over
 process          38 over
 process          39 over
 process           0 over
 
 ---------------LITTLE HARSH---------------
          'That wasn't that harsh'         
 ------------------------------------------
 
