Loading rhel8/default-icl
  Loading requirement: rhel8/slurm singularity/current rhel8/global cuda/11.4
    vgl/2.5.1/64 intel-oneapi-compilers/2022.1.0/gcc/b6zld2mz ucx/1.15.0
    intel-oneapi-mpi/2021.6.0/intel/guxuvcpm
Loading cube/4.8/gcc/23p4hfhj
  Loading requirement: cubelib/4.8/gcc/d6dn6fbz libmd/1.0.4/gcc/cb4tpaqj
    libbsd/0.11.5/gcc/xsr6mhaa expat/2.4.8/gcc/xuqakzcy
    libiconv/1.16/gcc/aa2kwjch libxml2/2.9.13/gcc/fww2yzpt
    ncurses/6.2/gcc/qke6jyyt gettext/0.21/gcc/lhdl4tbr libffi/3.4.2/gcc/alfpockh
    pcre/8.45/gcc/jgwcvolz readline/8.1/gcc/bgw44yb2 gdbm/1.23/gcc/dviudcmk
    sqlite/3.38.5/gcc/xdyquaax tcl/8.6.12/gcc/gf3ofu4d
    inputproto/2.3.2/gcc/bwj4rzah kbproto/1.0.7/gcc/go5c2zyv
    libpthread-stubs/0.4/gcc/zyf6irr6 xproto/7.0.31/gcc/f5csjg7w
    libxau/1.0.8/gcc/dfmabka4 libxdmcp/1.1.2/gcc/iilv5r4i
    xcb-proto/1.14.1/gcc/ppnp4lo4 libxcb/1.14/gcc/cmzk7sor
    xextproto/7.3.0/gcc/oowjkbwu xtrans/1.3.5/gcc/zrqo6ghr
    libx11/1.7.0/gcc/pe2khlxx font-util/1.3.2/gcc/d376rdkf
    libpng/1.6.37/gcc/trvruff6 freetype/2.11.1/gcc/u4bjufog
    util-linux-uuid/2.37.4/gcc/h7hztrtm fontconfig/2.13.1/gcc/ya6ibpmq
    renderproto/0.11.1/gcc/b2jkdp6e libxrender/0.9.10/gcc/n6yxi44d
    libxft/2.3.2/gcc/zay6bixf libxext/1.3.3/gcc/p7y37pfb
    scrnsaverproto/1.2.2/gcc/fzbihsla libxscrnsaver/1.2.2/gcc/t5hd2qnu
    tk/8.6.11/gcc/vdahj5in python/3.9.12/gcc/pdcqf4o5 glib/2.72.1/gcc/ossxhd4z
    libice/1.0.9/gcc/ryauhh2f libsm/1.2.3/gcc/gc4ariqd dbus/1.12.8/gcc/uvq5cpwf
    double-conversion/3.1.5/gcc/2k4uflia pixman/0.40.0/gcc/2wv7zavv
    cairo/1.16.0/gcc/rxuyervx gobject-introspection/1.72.0/gcc/t2ffpwoo
    icu4c/67.1/gcc/4ly45zrt harfbuzz/4.2.1/gcc/6e7bjt35
    libjpeg-turbo/2.1.3/gcc/3m6u5lxl libtiff/4.3.0/gcc/zu2vruxu
    lcms/2.13.1/gcc/fg5rmple libmng/2.0.3/gcc/saz7lols
    util-macros/1.19.3/gcc/fnxpyih4 xkbdata/1.0.1/gcc/acidvg5x
    libxkbcommon/1.4.0/gcc/g2nkfpxk pcre2/10.39/gcc/inuagvoq
    xcb-util/0.4.0/gcc/mb5ul24d xcb-util-image/0.4.0/gcc/xfnuwvvw
    xcb-util-keysyms/0.4.0/gcc/crcp222j xcb-util-renderutil/0.3.9/gcc/scn774ro
    xcb-util-wm/0.4.1/gcc/kpzboqng zstd/1.5.2/gcc/xfbmozmj
    qt/5.15.4/gcc/nscjhba7
Loading scorep/8.0/intel/intel-oneapi-mpi/wsx7txgw
  Loading requirement: libiconv/1.16/intel/6u2mmycs
    libxml2/2.9.13/intel/fgfwdljc ncurses/6.2/intel/dnilgm7v
    gettext/0.21/intel/oqzwvu37 binutils/2.40/intel/raz3tohr
    cubelib/4.8/intel/udyz623t cubew/4.8/intel/5chsnzws
    opari2/2.0.6/intel/aa6v73ny otf2/3.0/intel/6ymwom5i
    papi/6.0.0.1/intel/ugkg3uzf
Changed directory to /rds/user/ld751/hpc-work/single_block/single_block_clean/RNL_singlle_block_clean.

JobID: 20520169
======
Time: Tue Jan 13 14:50:11 GMT 2026
Running on master node: cpu-r-107
Current directory: /rds/user/ld751/hpc-work/single_block/single_block_clean/RNL_singlle_block_clean

Nodes allocated:
================
cpu-r-107

numtasks=40, numnodes=1, mpi_tasks_per_node=40 (OMP_NUM_THREADS=1)

Executing command:
==================
mpirun -ppn 40 -np 40 ./littleharsh 

MPI startup(): Warning: I_MPI_PMI_LIBRARY will be ignored since the hydra process manager was found
MPI startup(): Warning: I_MPI_PMI_LIBRARY will be ignored since the hydra process manager was found
MPI startup(): Warning: I_MPI_PMI_LIBRARY will be ignored since the hydra process manager was found
MPI startup(): Warning: I_MPI_PMI_LIBRARY will be ignored since the hydra process manager was found
MPI startup(): Warning: I_MPI_PMI_LIBRARY will be ignored since the hydra process manager was found
MPI startup(): Warning: I_MPI_PMI_LIBRARY will be ignored since the hydra process manager was found
MPI startup(): Warning: I_MPI_PMI_LIBRARY will be ignored since the hydra process manager was found
MPI startup(): Warning: I_MPI_PMI_LIBRARY will be ignored since the hydra process manager was found
MPI startup(): Warning: I_MPI_PMI_LIBRARY will be ignored since the hydra process manager was found
MPI startup(): Warning: I_MPI_PMI_LIBRARY will be ignored since the hydra process manager was found
MPI startup(): Warning: I_MPI_PMI_LIBRARY will be ignored since the hydra process manager was found
MPI startup(): Warning: I_MPI_PMI_LIBRARY will be ignored since the hydra process manager was found
MPI startup(): Warning: I_MPI_PMI_LIBRARY will be ignored since the hydra process manager was found
MPI startup(): Warning: I_MPI_PMI_LIBRARY will be ignored since the hydra process manager was found
MPI startup(): Warning: I_MPI_PMI_LIBRARY will be ignored since the hydra process manager was found
MPI startup(): Warning: I_MPI_PMI_LIBRARY will be ignored since the hydra process manager was found
MPI startup(): Warning: I_MPI_PMI_LIBRARY will be ignored since the hydra process manager was found
MPI startup(): Warning: I_MPI_PMI_LIBRARY will be ignored since the hydra process manager was found
MPI startup(): Warning: I_MPI_PMI_LIBRARY will be ignored since the hydra process manager was found
MPI startup(): Warning: I_MPI_PMI_LIBRARY will be ignored since the hydra process manager was found
MPI startup(): Warning: I_MPI_PMI_LIBRARY will be ignored since the hydra process manager was found
MPI startup(): Warning: I_MPI_PMI_LIBRARY will be ignored since the hydra process manager was found
MPI startup(): Warning: I_MPI_PMI_LIBRARY will be ignored since the hydra process manager was found
MPI startup(): Warning: I_MPI_PMI_LIBRARY will be ignored since the hydra process manager was found
MPI startup(): Warning: I_MPI_PMI_LIBRARY will be ignored since the hydra process manager was found
MPI startup(): Warning: I_MPI_PMI_LIBRARY will be ignored since the hydra process manager was found
MPI startup(): Warning: I_MPI_PMI_LIBRARY will be ignored since the hydra process manager was found
MPI startup(): Warning: I_MPI_PMI_LIBRARY will be ignored since the hydra process manager was found
MPI startup(): Warning: I_MPI_PMI_LIBRARY will be ignored since the hydra process manager was found
MPI startup(): Warning: I_MPI_PMI_LIBRARY will be ignored since the hydra process manager was found
MPI startup(): Warning: I_MPI_PMI_LIBRARY will be ignored since the hydra process manager was found
MPI startup(): Warning: I_MPI_PMI_LIBRARY will be ignored since the hydra process manager was found
MPI startup(): Warning: I_MPI_PMI_LIBRARY will be ignored since the hydra process manager was found
MPI startup(): Warning: I_MPI_PMI_LIBRARY will be ignored since the hydra process manager was found
MPI startup(): Warning: I_MPI_PMI_LIBRARY will be ignored since the hydra process manager was found
MPI startup(): Warning: I_MPI_PMI_LIBRARY will be ignored since the hydra process manager was found
MPI startup(): Warning: I_MPI_PMI_LIBRARY will be ignored since the hydra process manager was found
MPI startup(): Warning: I_MPI_PMI_LIBRARY will be ignored since the hydra process manager was found
MPI startup(): Warning: I_MPI_PMI_LIBRARY will be ignored since the hydra process manager was found
MPI startup(): Warning: I_MPI_PMI_LIBRARY will be ignored since the hydra process manager was found
 
 ---------------LITTLE HARSH---------------
          'That's a little harsh'          
                    meow                   
 ------------------------------------------
 
 nyu =         152  nyv =         151  nyp =         151
 nyu_LB =           0  nyp_LB =           1
 Nspec_x =         128  Ngal_x =         192
 Nspec_z =         128  Ngal_z =         192
 reading parameters for numerical method
 reading surface geometry
 dthdyu(0) smooth   1204.29184034297     
 >>> entered proc_lims_columns, myid =           0
 >>> entered proc_lims_columns, myid =          11
 >>> entered proc_lims_columns, myid =          13
 >>> entered proc_lims_columns, myid =          23
 >>> entered proc_lims_columns, myid =          10
 >>> entered proc_lims_columns, myid =           7
 >>> entered proc_lims_columns, myid =          20
 >>> entered proc_lims_columns, myid =          30
 >>> entered proc_lims_columns, myid =          31
 >>> entered proc_lims_columns, myid =          15
 >>> entered proc_lims_columns, myid =          35
 >>> entered proc_lims_columns, myid =          38
 >>> entered proc_lims_columns, myid =          39
 >>> entered proc_lims_columns, myid =           8
 >>> entered proc_lims_columns, myid =          37
 >>> entered proc_lims_columns, myid =          22
 >>> entered proc_lims_columns, myid =           3
 >>> entered proc_lims_columns, myid =           9
 >>> entered proc_lims_columns, myid =           4
 >>> entered proc_lims_columns, myid =          36
 >>> entered proc_lims_columns, myid =          24
 >>> entered proc_lims_columns, myid =          17
 >>> entered proc_lims_columns, myid =          28
 >>> entered proc_lims_columns, myid =          27
 >>> entered proc_lims_columns, myid =          34
 >>> entered proc_lims_columns, myid =           1
 >>> entered proc_lims_columns, myid =          19
 >>> entered proc_lims_columns, myid =          25
 >>> entered proc_lims_columns, myid =           5
 >>> entered proc_lims_columns, myid =           6
 >>> entered proc_lims_columns, myid =          21
 >>> entered proc_lims_columns, myid =          18
 >>> entered proc_lims_columns, myid =           2
 >>> entered proc_lims_columns, myid =          14
 >>> entered proc_lims_columns, myid =          29
 >>> entered proc_lims_columns, myid =          16
 >>> entered proc_lims_columns, myid =          12
 >>> entered proc_lims_columns, myid =          33
 >>> entered proc_lims_columns, myid =          26
 >>> entered proc_lims_columns, myid =          32
 iproc           0 nplanes           4 proc_load   4.00000000000000     
 iproc           1 nplanes           4 proc_load   4.00000000000000     
 iproc           2 nplanes           4 proc_load   4.00000000000000     
 iproc           3 nplanes           4 proc_load   4.00000000000000     
 iproc           4 nplanes           4 proc_load   4.00000000000000     
 iproc           5 nplanes           4 proc_load   4.00000000000000     
 iproc           6 nplanes           4 proc_load   4.00000000000000     
 iproc           7 nplanes           4 proc_load   4.00000000000000     
 iproc           8 nplanes           4 proc_load   4.00000000000000     
 iproc           9 nplanes           4 proc_load   4.00000000000000     
 iproc          10 nplanes           4 proc_load   4.00000000000000     
 iproc          11 nplanes           4 proc_load   4.00000000000000     
 iproc          12 nplanes           4 proc_load   4.00000000000000     
 iproc          13 nplanes           4 proc_load   4.00000000000000     
 iproc          14 nplanes           4 proc_load   4.00000000000000     
 iproc          15 nplanes           4 proc_load   4.00000000000000     
 iproc          16 nplanes           4 proc_load   4.00000000000000     
 iproc          17 nplanes           4 proc_load   4.00000000000000     
 iproc          18 nplanes           4 proc_load   4.00000000000000     
 iproc          19 nplanes           4 proc_load   4.00000000000000     
 iproc          20 nplanes           4 proc_load   4.00000000000000     
 iproc          21 nplanes           4 proc_load   4.00000000000000     
 iproc          22 nplanes           4 proc_load   4.00000000000000     
 iproc          23 nplanes           4 proc_load   4.00000000000000     
 iproc          24 nplanes           4 proc_load   4.00000000000000     
 iproc          25 nplanes           4 proc_load   4.00000000000000     
 iproc          26 nplanes           4 proc_load   4.00000000000000     
 iproc          27 nplanes           4 proc_load   4.00000000000000     
 iproc          28 nplanes           4 proc_load   4.00000000000000     
 iproc          29 nplanes           4 proc_load   4.00000000000000     
 iproc          30 nplanes           4 proc_load   4.00000000000000     
 iproc          31 nplanes           4 proc_load   4.00000000000000     
 iproc          32 nplanes           3 proc_load   3.00000000000000     
 iproc          33 nplanes           3 proc_load   3.00000000000000     
 iproc          34 nplanes           3 proc_load   3.00000000000000     
 iproc          35 nplanes           3 proc_load   3.00000000000000     
 iproc          36 nplanes           3 proc_load   3.00000000000000     
 iproc          37 nplanes           3 proc_load   3.00000000000000     
 iproc          38 nplanes           3 proc_load   3.00000000000000     
 iproc          39 nplanes           3 proc_load   3.00000000000000     
 Reading in nonlinear interaction list
 ./3e-9/                                                                        
                                          
 
 =====> Finished Start
 =====> Calling getini 
 Launching...
 starting from multi-block, flat channel?
 start file: ./input/u1_0128x0128x0153_t09455.dat
  Calling read in
  Calling read in
  Calling read in
  Calling read in
  Calling read in
  Calling read in
  Calling read in
  Calling read in
  Calling read in
  Calling read in
  Calling read in
  Calling read in
  Calling read in
  Calling read in
  Calling read in
  Calling read in
  Calling read in
  Calling read in
  Calling read in
  Calling read in
  Calling read in
  Calling read in
  Calling read in
  Calling read in
  Calling read in
  Calling read in
  Calling read in
  Calling read in
  Calling read in
  Calling read in
  Calling read in
  Calling read in
  Calling read in
  Calling read in
  Calling read in
  Calling read in
  Calling read in
  Calling read in
  Calling read in
  Calling read in
 Re_old,Re   3250.00000000000        3250.00000000000     
 N2
           0         128         128         128          -2
           0         128         128         128           0
           0          29         122         151           0
           0          30         122         152           0
 getting
 u1 from file ./input//u1_0128x0128x0153_t09455.dat,
 u2 from file ./input//u2_0128x0128x0153_t09455.dat,
 u3 from file ./input//u3_0128x0128x0153_t09455.dat,
 and p from file ./input//p_0128x0128x0153_t09455.dat,
 
 Lx       6.28318530717959     
 Ly       2.00000000000000     
 Lz       3.14159265358979     
 Nx             128
 Nz             128
 Nyv            151
 Nyu            152
 Ngalx          192
 Ngalz          192
 
 dymin   1.225435224106675E-003
 dymax   1.614068685092982E-002
 
 Re    3250.00000000000     
 t    0.000000000000000E+000
 
 Initialised
 finished RHS =====> Building Nonlinear
 =====> Interpolating
 =====> Modes to planes
 =====> Spectra
 =====> Record Out
 N:
           0         128         128         128          -2
           0         128         128         128           0
           0           0           0         151           0
           0           0           0         152           0
 
 iter           0
 t     0.000000000000000E+000
 dtv   2.089558705412383E-003
 dtc   0.000000000000000E+000
 dt    0.000000000000000E+000
 err   6.736447455048117E-017
 Qx     1.75230615942311     
 mpgx -3.067500000000000E-003
 Umax   1.01423825947899     
 Uslp -1.058242342586234E-015
 =====> Ops in Planes
 vv_cPL  1.125350715618262E-007  9.994015418871055E-015         150
  Finished 0th mode nonlin =====> Linear advection           2
 vv_cPL  9.328547394522505E-005  7.634594671079273E-013          10
 =====> nonlinear interaction into 0th mode - U           2
 =====> nonlinear interaction into 0th mode - V           0
 =====> Finished Ops in planes          39
 MYID CHECK:passed myid=          39 true rank=          39 nprocs=          40
 =====> Finished Nonlin Inter U           2
 =====> Finished Ops in planes          38
 MYID CHECK:passed myid=          38 true rank=          38 nprocs=          40
 =====> Finished Ops in planes           0
 MYID CHECK:passed myid=           0 true rank=           0 nprocs=          40
 =====> Finished Ops in planes          37
 MYID CHECK:passed myid=          37 true rank=          37 nprocs=          40
 =====> Finished Ops in planes           1
 MYID CHECK:passed myid=           1 true rank=           1 nprocs=          40
 =====> Finished Ops in planes          36
 MYID CHECK:passed myid=          36 true rank=          36 nprocs=          40
 =====> Finished Nonlin Inter v           2
 =====> Finished Derivatives           2
 =====> Finished Ops in planes          18
 MYID CHECK:passed myid=          18 true rank=          18 nprocs=          40
 =====> Finished Ops in planes          19
 MYID CHECK:passed myid=          19 true rank=          19 nprocs=          40
 =====> Finished Ops in planes          17
 MYID CHECK:passed myid=          17 true rank=          17 nprocs=          40
 =====> Finished Ops in planes          20
 MYID CHECK:passed myid=          20 true rank=          20 nprocs=          40
 =====> Finished Ops in planes          21
 MYID CHECK:passed myid=          21 true rank=          21 nprocs=          40
 =====> Finished Ops in planes          35
 MYID CHECK:passed myid=          35 true rank=          35 nprocs=          40
 =====> Finished Ops in planes           2
 MYID CHECK:passed myid=           2 true rank=           2 nprocs=          40
 =====> Finished Ops in planes          16
 MYID CHECK:passed myid=          16 true rank=          16 nprocs=          40
 =====> Finished Ops in planes          22
 MYID CHECK:passed myid=          22 true rank=          22 nprocs=          40
 =====> Finished Ops in planes          34
 MYID CHECK:passed myid=          34 true rank=          34 nprocs=          40
 =====> Finished Ops in planes          23
 MYID CHECK:passed myid=          23 true rank=          23 nprocs=          40
 =====> Finished Ops in planes          15
 MYID CHECK:passed myid=          15 true rank=          15 nprocs=          40
 =====> Finished Ops in planes          24
 MYID CHECK:passed myid=          24 true rank=          24 nprocs=          40
 =====> Finished Ops in planes          14
 MYID CHECK:passed myid=          14 true rank=          14 nprocs=          40
 =====> Finished Ops in planes          33
 MYID CHECK:passed myid=          33 true rank=          33 nprocs=          40
 =====> Finished Ops in planes          32
 MYID CHECK:passed myid=          32 true rank=          32 nprocs=          40
 =====> Finished Ops in planes          13
 MYID CHECK:passed myid=          13 true rank=          13 nprocs=          40
 =====> Finished Ops in planes          25
 MYID CHECK:passed myid=          25 true rank=          25 nprocs=          40
 =====> Finished Ops in planes           3
 MYID CHECK:passed myid=           3 true rank=           3 nprocs=          40
 =====> Finished Ops in planes          26
 MYID CHECK:passed myid=          26 true rank=          26 nprocs=          40
 =====> Finished Ops in planes          12
 MYID CHECK:passed myid=          12 true rank=          12 nprocs=          40
 =====> Finished Ops in planes          27
 MYID CHECK:passed myid=          27 true rank=          27 nprocs=          40
 =====> Finished Ops in planes          11
 MYID CHECK:passed myid=          11 true rank=          11 nprocs=          40
 =====> Finished Ops in planes          28
 MYID CHECK:passed myid=          28 true rank=          28 nprocs=          40
 =====> Finished Ops in planes          10
 MYID CHECK:passed myid=          10 true rank=          10 nprocs=          40
 =====> Finished Ops in planes           4
 MYID CHECK:passed myid=           4 true rank=           4 nprocs=          40
 =====> Finished Ops in planes          30
 MYID CHECK:passed myid=          30 true rank=          30 nprocs=          40
 =====> Finished Ops in planes          29
 MYID CHECK:passed myid=          29 true rank=          29 nprocs=          40
 =====> Finished Ops in planes          31
 MYID CHECK:passed myid=          31 true rank=          31 nprocs=          40
 =====> Finished Ops in planes           9
 MYID CHECK:passed myid=           9 true rank=           9 nprocs=          40
 =====> Finished Ops in planes           5
 MYID CHECK:passed myid=           5 true rank=           5 nprocs=          40
 =====> Finished Ops in planes           7
 MYID CHECK:passed myid=           7 true rank=           7 nprocs=          40
 =====> Finished Ops in planes           8
 MYID CHECK:passed myid=           8 true rank=           8 nprocs=          40
 =====> Planes to modes UVP
 =====> Planes to modes UVP
 =====> Planes to modes UVP
 =====> Planes to modes UVP
 =====> Planes to modes UVP
 =====> Planes to modes UVP
 =====> Finished Ops in planes           6
 MYID CHECK:passed myid=           6 true rank=           6 nprocs=          40
 =====> Planes to modes UVP
 =====> Planes to modes UVP
 =====> Planes to modes UVP
 =====> Planes to modes UVP
 =====> Planes to modes UVP
 =====> Planes to modes UVP
 =====> Planes to modes UVP
 =====> Planes to modes UVP
 =====> Planes to modes UVP
 =====> Planes to modes UVP
 =====> Planes to modes UVP
 =====> Planes to modes UVP
 =====> Planes to modes UVP
 =====> Planes to modes UVP
 =====> Planes to modes UVP
 =====> Planes to modes UVP
 =====> Planes to modes UVP
 =====> Planes to modes UVP
 =====> Planes to modes UVP
 =====> Planes to modes UVP
 =====> Planes to modes UVP
 =====> Planes to modes UVP
 =====> Planes to modes UVP
 =====> Planes to modes UVP
 =====> Planes to modes UVP
 =====> Planes to modes UVP
 =====> Planes to modes UVP
 =====> Planes to modes UVP
 =====> Planes to modes UVP
 =====> Planes to modes UVP
 =====> Planes to modes UVP
 =====> Planes to modes UVP
 =====> Planes to modes UVP
 =====> Planes to modes UVP
 =====> Planes to modes NUVP
 =====> Derivatives
 =====> CFL and Stats
 Finished Nonlinear =====> Solving
 solving u
 solving w
 solving v
 Finished Solving Velocities =====> Solving Pressure 
 finished RHS =====> Building Nonlinear
 =====> Interpolating
 =====> Modes to planes
 =====> Spectra
 =====> Record Out
 =====> Ops in Planes
 vv_cPL  1.124647188998972E-007  9.638879292312219E-015         150
  Finished 0th mode nonlin =====> Linear advection           2
 vv_cPL  9.328763537866729E-005  7.226538453504941E-013          10
 =====> nonlinear interaction into 0th mode - U           2
 =====> Finished Ops in planes          39
 MYID CHECK:passed myid=          39 true rank=          39 nprocs=          40
 =====> nonlinear interaction into 0th mode - V           0
 =====> Finished Nonlin Inter U           2
 =====> Finished Ops in planes          38
 MYID CHECK:passed myid=          38 true rank=          38 nprocs=          40
 =====> Finished Ops in planes          37
 MYID CHECK:passed myid=          37 true rank=          37 nprocs=          40
 =====> Finished Ops in planes           0
 MYID CHECK:passed myid=           0 true rank=           0 nprocs=          40
 =====> Finished Ops in planes           1
 MYID CHECK:passed myid=           1 true rank=           1 nprocs=          40
 =====> Finished Ops in planes          36
 MYID CHECK:passed myid=          36 true rank=          36 nprocs=          40
 =====> Finished Nonlin Inter v           2
 =====> Finished Derivatives           2
 =====> Finished Ops in planes          18
 MYID CHECK:passed myid=          18 true rank=          18 nprocs=          40
 =====> Finished Ops in planes          19
 MYID CHECK:passed myid=          19 true rank=          19 nprocs=          40
 =====> Finished Ops in planes          17
 MYID CHECK:passed myid=          17 true rank=          17 nprocs=          40
 =====> Finished Ops in planes          20
 MYID CHECK:passed myid=          20 true rank=          20 nprocs=          40
 =====> Finished Ops in planes          21
 MYID CHECK:passed myid=          21 true rank=          21 nprocs=          40
 =====> Finished Ops in planes          35
 MYID CHECK:passed myid=          35 true rank=          35 nprocs=          40
 =====> Finished Ops in planes           2
 MYID CHECK:passed myid=           2 true rank=           2 nprocs=          40
 =====> Finished Ops in planes          16
 MYID CHECK:passed myid=          16 true rank=          16 nprocs=          40
 =====> Finished Ops in planes          22
 MYID CHECK:passed myid=          22 true rank=          22 nprocs=          40
 =====> Finished Ops in planes          34
 MYID CHECK:passed myid=          34 true rank=          34 nprocs=          40
 =====> Finished Ops in planes          23
 MYID CHECK:passed myid=          23 true rank=          23 nprocs=          40
 =====> Finished Ops in planes          15
 MYID CHECK:passed myid=          15 true rank=          15 nprocs=          40
 =====> Finished Ops in planes          24
 MYID CHECK:passed myid=          24 true rank=          24 nprocs=          40
 =====> Finished Ops in planes          14
 MYID CHECK:passed myid=          14 true rank=          14 nprocs=          40
 =====> Finished Ops in planes          33
 MYID CHECK:passed myid=          33 true rank=          33 nprocs=          40
 =====> Finished Ops in planes          32
 MYID CHECK:passed myid=          32 true rank=          32 nprocs=          40
 =====> Finished Ops in planes          13
 MYID CHECK:passed myid=          13 true rank=          13 nprocs=          40
 =====> Finished Ops in planes          25
 MYID CHECK:passed myid=          25 true rank=          25 nprocs=          40
 =====> Finished Ops in planes           3
 MYID CHECK:passed myid=           3 true rank=           3 nprocs=          40
 =====> Finished Ops in planes          26
 MYID CHECK:passed myid=          26 true rank=          26 nprocs=          40
 =====> Finished Ops in planes          12
 MYID CHECK:passed myid=          12 true rank=          12 nprocs=          40
 =====> Finished Ops in planes          27
 MYID CHECK:passed myid=          27 true rank=          27 nprocs=          40
 =====> Finished Ops in planes          11
 MYID CHECK:passed myid=          11 true rank=          11 nprocs=          40
 =====> Finished Ops in planes          28
 MYID CHECK:passed myid=          28 true rank=          28 nprocs=          40
 =====> Finished Ops in planes          10
 MYID CHECK:passed myid=          10 true rank=          10 nprocs=          40
 =====> Finished Ops in planes           4
 MYID CHECK:passed myid=           4 true rank=           4 nprocs=          40
 =====> Finished Ops in planes          30
 MYID CHECK:passed myid=          30 true rank=          30 nprocs=          40
 =====> Finished Ops in planes          29
 MYID CHECK:passed myid=          29 true rank=          29 nprocs=          40
 =====> Finished Ops in planes          31
 MYID CHECK:passed myid=          31 true rank=          31 nprocs=          40
 =====> Finished Ops in planes           9
 MYID CHECK:passed myid=           9 true rank=           9 nprocs=          40
 =====> Finished Ops in planes           5
 MYID CHECK:passed myid=           5 true rank=           5 nprocs=          40
 =====> Finished Ops in planes           7
 MYID CHECK:passed myid=           7 true rank=           7 nprocs=          40
 =====> Finished Ops in planes           8
 MYID CHECK:passed myid=           8 true rank=           8 nprocs=          40
 =====> Planes to modes UVP
 =====> Planes to modes UVP
 =====> Planes to modes UVP
 =====> Planes to modes UVP
 =====> Planes to modes UVP
 =====> Planes to modes UVP
 =====> Finished Ops in planes           6
 MYID CHECK:passed myid=           6 true rank=           6 nprocs=          40
 =====> Planes to modes UVP
 =====> Planes to modes UVP
 =====> Planes to modes UVP
 =====> Planes to modes UVP
 =====> Planes to modes UVP
 =====> Planes to modes UVP
 =====> Planes to modes UVP
 =====> Planes to modes UVP
 =====> Planes to modes UVP
 =====> Planes to modes UVP
 =====> Planes to modes UVP
 =====> Planes to modes UVP
 =====> Planes to modes UVP
 =====> Planes to modes UVP
 =====> Planes to modes UVP
 =====> Planes to modes UVP
 =====> Planes to modes UVP
 =====> Planes to modes UVP
 =====> Planes to modes UVP
 =====> Planes to modes UVP
 =====> Planes to modes UVP
 =====> Planes to modes UVP
 =====> Planes to modes UVP
 =====> Planes to modes UVP
 =====> Planes to modes UVP
 =====> Planes to modes UVP
 =====> Planes to modes UVP
 =====> Planes to modes UVP
 =====> Planes to modes UVP
 =====> Planes to modes UVP
 =====> Planes to modes UVP
 =====> Planes to modes UVP
 =====> Planes to modes UVP
 =====> Planes to modes UVP
 =====> Planes to modes NUVP
 =====> Derivatives
 =====> CFL and Stats
 Finished Nonlinear =====> Solving
 solving u
 solving w
 solving v
 Finished Solving Velocities =====> Solving Pressure 
 finished RHS =====> Building Nonlinear
 =====> Interpolating
 =====> Modes to planes
 =====> Spectra
 =====> Record Out
 =====> Ops in Planes
 vv_cPL  1.124241503354664E-007  9.558346872501858E-015         150
  Finished 0th mode nonlin =====> Linear advection           2
 vv_cPL  9.328277960305351E-005  7.127680102147876E-013          10
 =====> nonlinear interaction into 0th mode - U           2
 =====> nonlinear interaction into 0th mode - V           0
 =====> Finished Ops in planes          39
 MYID CHECK:passed myid=          39 true rank=          39 nprocs=          40
 =====> Finished Nonlin Inter U           2
 =====> Finished Ops in planes          38
 MYID CHECK:passed myid=          38 true rank=          38 nprocs=          40
 =====> Finished Ops in planes           0
 MYID CHECK:passed myid=           0 true rank=           0 nprocs=          40
 =====> Finished Ops in planes          37
 MYID CHECK:passed myid=          37 true rank=          37 nprocs=          40
 =====> Finished Ops in planes           1
 MYID CHECK:passed myid=           1 true rank=           1 nprocs=          40
 =====> Finished Ops in planes          36
 MYID CHECK:passed myid=          36 true rank=          36 nprocs=          40
 =====> Finished Nonlin Inter v           2
 =====> Finished Derivatives           2
 =====> Finished Ops in planes          18
 MYID CHECK:passed myid=          18 true rank=          18 nprocs=          40
 =====> Finished Ops in planes          19
 MYID CHECK:passed myid=          19 true rank=          19 nprocs=          40
 =====> Finished Ops in planes          17
 MYID CHECK:passed myid=          17 true rank=          17 nprocs=          40
 =====> Finished Ops in planes          20
 MYID CHECK:passed myid=          20 true rank=          20 nprocs=          40
 =====> Finished Ops in planes          21
 MYID CHECK:passed myid=          21 true rank=          21 nprocs=          40
 =====> Finished Ops in planes          35
 MYID CHECK:passed myid=          35 true rank=          35 nprocs=          40
 =====> Finished Ops in planes           2
 MYID CHECK:passed myid=           2 true rank=           2 nprocs=          40
 =====> Finished Ops in planes          16
 MYID CHECK:passed myid=          16 true rank=          16 nprocs=          40
 =====> Finished Ops in planes          22
 MYID CHECK:passed myid=          22 true rank=          22 nprocs=          40
 =====> Finished Ops in planes          34
 MYID CHECK:passed myid=          34 true rank=          34 nprocs=          40
 =====> Finished Ops in planes          23
 MYID CHECK:passed myid=          23 true rank=          23 nprocs=          40
 =====> Finished Ops in planes          15
 MYID CHECK:passed myid=          15 true rank=          15 nprocs=          40
 =====> Finished Ops in planes          24
 MYID CHECK:passed myid=          24 true rank=          24 nprocs=          40
 =====> Finished Ops in planes          14
 MYID CHECK:passed myid=          14 true rank=          14 nprocs=          40
 =====> Finished Ops in planes          33
 MYID CHECK:passed myid=          33 true rank=          33 nprocs=          40
 =====> Finished Ops in planes          32
 MYID CHECK:passed myid=          32 true rank=          32 nprocs=          40
 =====> Finished Ops in planes          13
 MYID CHECK:passed myid=          13 true rank=          13 nprocs=          40
 =====> Finished Ops in planes          25
 MYID CHECK:passed myid=          25 true rank=          25 nprocs=          40
 =====> Finished Ops in planes           3
 MYID CHECK:passed myid=           3 true rank=           3 nprocs=          40
 =====> Finished Ops in planes          26
 MYID CHECK:passed myid=          26 true rank=          26 nprocs=          40
 =====> Finished Ops in planes          12
 MYID CHECK:passed myid=          12 true rank=          12 nprocs=          40
 =====> Finished Ops in planes          27
 MYID CHECK:passed myid=          27 true rank=          27 nprocs=          40
 =====> Finished Ops in planes          11
 MYID CHECK:passed myid=          11 true rank=          11 nprocs=          40
 =====> Finished Ops in planes          28
 MYID CHECK:passed myid=          28 true rank=          28 nprocs=          40
 =====> Finished Ops in planes          10
 MYID CHECK:passed myid=          10 true rank=          10 nprocs=          40
 =====> Finished Ops in planes           4
 MYID CHECK:passed myid=           4 true rank=           4 nprocs=          40
 =====> Finished Ops in planes          30
 MYID CHECK:passed myid=          30 true rank=          30 nprocs=          40
 =====> Finished Ops in planes          29
 MYID CHECK:passed myid=          29 true rank=          29 nprocs=          40
 =====> Finished Ops in planes          31
 MYID CHECK:passed myid=          31 true rank=          31 nprocs=          40
 =====> Finished Ops in planes           9
 MYID CHECK:passed myid=           9 true rank=           9 nprocs=          40
 =====> Finished Ops in planes           5
 MYID CHECK:passed myid=           5 true rank=           5 nprocs=          40
 =====> Finished Ops in planes           7
 MYID CHECK:passed myid=           7 true rank=           7 nprocs=          40
 =====> Finished Ops in planes           8
 MYID CHECK:passed myid=           8 true rank=           8 nprocs=          40
 =====> Finished Ops in planes           6
 =====> Planes to modes UVP
 =====> Planes to modes UVP
 =====> Planes to modes UVP
 =====> Planes to modes UVP
 =====> Planes to modes UVP
 =====> Planes to modes UVP
 MYID CHECK:passed myid=           6 true rank=           6 nprocs=          40
 =====> Planes to modes UVP
 =====> Planes to modes UVP
 =====> Planes to modes UVP
 =====> Planes to modes UVP
 =====> Planes to modes UVP
 =====> Planes to modes UVP
 =====> Planes to modes UVP
 =====> Planes to modes UVP
 =====> Planes to modes UVP
 =====> Planes to modes UVP
 =====> Planes to modes UVP
 =====> Planes to modes UVP
 =====> Planes to modes UVP
 =====> Planes to modes UVP
 =====> Planes to modes UVP
 =====> Planes to modes UVP
 =====> Planes to modes UVP
 =====> Planes to modes UVP
 =====> Planes to modes UVP
 =====> Planes to modes UVP
 =====> Planes to modes UVP
 =====> Planes to modes UVP
 =====> Planes to modes UVP
 =====> Planes to modes UVP
 =====> Planes to modes UVP
 =====> Planes to modes UVP
 =====> Planes to modes UVP
 =====> Planes to modes UVP
 =====> Planes to modes UVP
 =====> Planes to modes UVP
 =====> Planes to modes UVP
 =====> Planes to modes UVP
 =====> Planes to modes UVP
 =====> Planes to modes UVP
 =====> Planes to modes NUVP
 =====> Derivatives
 =====> CFL and Stats
 Finished Nonlinear =====> Solving
 solving u
 solving w
 solving v
 Finished Solving Velocities =====> Solving Pressure 
 finished RHS =====> Building Nonlinear
 =====> Interpolating
 =====> Modes to planes
 =====> Spectra
 =====> Record Out
 =====> Ops in Planes
 vv_cPL  1.123734776594230E-007  9.361979547870655E-015         150
  Finished 0th mode nonlin =====> Linear advection           2
 vv_cPL  9.328148183928823E-005  6.886194387488376E-013          10
 =====> nonlinear interaction into 0th mode - U           2
 =====> Finished Ops in planes          39
 MYID CHECK:passed myid=          39 true rank=          39 nprocs=          40
 =====> nonlinear interaction into 0th mode - V           0
 =====> Finished Nonlin Inter U           2
 =====> Finished Ops in planes          38
 MYID CHECK:passed myid=          38 true rank=          38 nprocs=          40
 =====> Finished Ops in planes           0
 MYID CHECK:passed myid=           0 true rank=           0 nprocs=          40
 =====> Finished Ops in planes          37
 MYID CHECK:passed myid=          37 true rank=          37 nprocs=          40
 =====> Finished Ops in planes           1
 MYID CHECK:passed myid=           1 true rank=           1 nprocs=          40
 =====> Finished Ops in planes          36
 MYID CHECK:passed myid=          36 true rank=          36 nprocs=          40
 =====> Finished Nonlin Inter v           2
 =====> Finished Derivatives           2
 =====> Finished Ops in planes          18
 MYID CHECK:passed myid=          18 true rank=          18 nprocs=          40
 =====> Finished Ops in planes          19
 MYID CHECK:passed myid=          19 true rank=          19 nprocs=          40
 =====> Finished Ops in planes          17
 MYID CHECK:passed myid=          17 true rank=          17 nprocs=          40
 =====> Finished Ops in planes          20
 MYID CHECK:passed myid=          20 true rank=          20 nprocs=          40
 =====> Finished Ops in planes          21
 MYID CHECK:passed myid=          21 true rank=          21 nprocs=          40
 =====> Finished Ops in planes          35
 MYID CHECK:passed myid=          35 true rank=          35 nprocs=          40
 =====> Finished Ops in planes           2
 MYID CHECK:passed myid=           2 true rank=           2 nprocs=          40
 =====> Finished Ops in planes          16
 MYID CHECK:passed myid=          16 true rank=          16 nprocs=          40
 =====> Finished Ops in planes          22
 MYID CHECK:passed myid=          22 true rank=          22 nprocs=          40
 =====> Finished Ops in planes          34
 MYID CHECK:passed myid=          34 true rank=          34 nprocs=          40
 =====> Finished Ops in planes          23
 MYID CHECK:passed myid=          23 true rank=          23 nprocs=          40
 =====> Finished Ops in planes          15
 MYID CHECK:passed myid=          15 true rank=          15 nprocs=          40
 =====> Finished Ops in planes          24
 MYID CHECK:passed myid=          24 true rank=          24 nprocs=          40
 =====> Finished Ops in planes          14
 MYID CHECK:passed myid=          14 true rank=          14 nprocs=          40
 =====> Finished Ops in planes          33
 MYID CHECK:passed myid=          33 true rank=          33 nprocs=          40
 =====> Finished Ops in planes          32
 MYID CHECK:passed myid=          32 true rank=          32 nprocs=          40
 =====> Finished Ops in planes          13
 MYID CHECK:passed myid=          13 true rank=          13 nprocs=          40
 =====> Finished Ops in planes          25
 MYID CHECK:passed myid=          25 true rank=          25 nprocs=          40
 =====> Finished Ops in planes           3
 MYID CHECK:passed myid=           3 true rank=           3 nprocs=          40
 =====> Finished Ops in planes          26
 MYID CHECK:passed myid=          26 true rank=          26 nprocs=          40
 =====> Finished Ops in planes          12
 MYID CHECK:passed myid=          12 true rank=          12 nprocs=          40
 =====> Finished Ops in planes          27
 MYID CHECK:passed myid=          27 true rank=          27 nprocs=          40
 =====> Finished Ops in planes          11
 MYID CHECK:passed myid=          11 true rank=          11 nprocs=          40
 =====> Finished Ops in planes          28
 MYID CHECK:passed myid=          28 true rank=          28 nprocs=          40
 =====> Finished Ops in planes          10
 MYID CHECK:passed myid=          10 true rank=          10 nprocs=          40
 =====> Finished Ops in planes           4
 MYID CHECK:passed myid=           4 true rank=           4 nprocs=          40
 =====> Finished Ops in planes          30
 MYID CHECK:passed myid=          30 true rank=          30 nprocs=          40
 =====> Finished Ops in planes          29
 MYID CHECK:passed myid=          29 true rank=          29 nprocs=          40
 =====> Finished Ops in planes           9
 MYID CHECK:passed myid=           9 true rank=           9 nprocs=          40
 =====> Finished Ops in planes          31
 MYID CHECK:passed myid=          31 true rank=          31 nprocs=          40
 =====> Finished Ops in planes           5
 MYID CHECK:passed myid=           5 true rank=           5 nprocs=          40
 =====> Finished Ops in planes           7
 MYID CHECK:passed myid=           7 true rank=           7 nprocs=          40
 =====> Finished Ops in planes           8
 MYID CHECK:passed myid=           8 true rank=           8 nprocs=          40
 =====> Planes to modes UVP
 =====> Planes to modes UVP
 =====> Planes to modes UVP
 =====> Planes to modes UVP
 =====> Planes to modes UVP
 =====> Planes to modes UVP
 =====> Finished Ops in planes           6
 MYID CHECK:passed myid=           6 true rank=           6 nprocs=          40
 =====> Planes to modes UVP
 =====> Planes to modes UVP
 =====> Planes to modes UVP
 =====> Planes to modes UVP
 =====> Planes to modes UVP
 =====> Planes to modes UVP
 =====> Planes to modes UVP
 =====> Planes to modes UVP
 =====> Planes to modes UVP
 =====> Planes to modes UVP
 =====> Planes to modes UVP
 =====> Planes to modes UVP
 =====> Planes to modes UVP
 =====> Planes to modes UVP
 =====> Planes to modes UVP
 =====> Planes to modes UVP
 =====> Planes to modes UVP
 =====> Planes to modes UVP
 =====> Planes to modes UVP
 =====> Planes to modes UVP
 =====> Planes to modes UVP
 =====> Planes to modes UVP
 =====> Planes to modes UVP
 =====> Planes to modes UVP
 =====> Planes to modes UVP
 =====> Planes to modes UVP
 =====> Planes to modes UVP
 =====> Planes to modes UVP
 =====> Planes to modes UVP
 =====> Planes to modes UVP
 =====> Planes to modes UVP
 =====> Planes to modes UVP
 =====> Planes to modes UVP
 =====> Planes to modes UVP
 =====> Planes to modes NUVP
 =====> Derivatives
 =====> CFL and Stats
 Finished Nonlinear =====> Solving
 solving u
 solving w
 solving v
 Finished Solving Velocities =====> Solving Pressure 
 finished RHS =====> Building Nonlinear
 =====> Interpolating
 =====> Modes to planes
 =====> Spectra
 =====> Record Out
 =====> Ops in Planes
 vv_cPL  1.123058115822834E-007  9.061056624315350E-015         150
  Finished 0th mode nonlin =====> Linear advection           2
 vv_cPL  9.328369966416373E-005  6.515699463736271E-013          10
 =====> nonlinear interaction into 0th mode - U           2
 =====> nonlinear interaction into 0th mode - V           0
 =====> Finished Nonlin Inter U           2
 =====> Finished Ops in planes          39
 MYID CHECK:passed myid=          39 true rank=          39 nprocs=          40
 =====> Finished Ops in planes          38
 MYID CHECK:passed myid=          38 true rank=          38 nprocs=          40
 =====> Finished Ops in planes           0
 MYID CHECK:passed myid=           0 true rank=           0 nprocs=          40
 =====> Finished Ops in planes          37
 MYID CHECK:passed myid=          37 true rank=          37 nprocs=          40
 =====> Finished Ops in planes           1
 MYID CHECK:passed myid=           1 true rank=           1 nprocs=          40
 =====> Finished Nonlin Inter v           2
 =====> Finished Derivatives           2
 =====> Finished Ops in planes          36
 MYID CHECK:passed myid=          36 true rank=          36 nprocs=          40
 =====> Finished Ops in planes          18
 MYID CHECK:passed myid=          18 true rank=          18 nprocs=          40
 =====> Finished Ops in planes          19
 MYID CHECK:passed myid=          19 true rank=          19 nprocs=          40
slurmstepd: error: *** JOB 20520169 ON cpu-r-107 CANCELLED AT 2026-01-13T15:00:04 DUE TO TIME LIMIT ***
slurmstepd: error: *** STEP 20520169.0 ON cpu-r-107 CANCELLED AT 2026-01-13T15:00:04 DUE TO TIME LIMIT ***
forrtl: error (78): process killed (SIGTERM)
Image              PC                Routine            Line        Source             
littleharsh        00000000006494FB  Unknown               Unknown  Unknown
libpthread-2.28.s  000014DC4CAE0990  Unknown               Unknown  Unknown
littleharsh        00000000004F5A60  fou3d_mod_mp_nonl        1553  FOU3D.f90
littleharsh        00000000004CC1B6  fou3d_mod_mp_ops_        1353  FOU3D.f90
littleharsh        000000000047D7CE  fou3d_mod_mp_nonl         236  FOU3D.f90
littleharsh        000000000063D7F2  MAIN__                    168  littleharsh.f90
littleharsh        0000000000403922  Unknown               Unknown  Unknown
libc-2.28.so       000014DC4C1AB7E5  __libc_start_main     Unknown  Unknown
littleharsh        000000000040382E  Unknown               Unknown  Unknown
forrtl: error (78): process killed (SIGTERM)
Image              PC                Routine            Line        Source             
littleharsh        00000000006494FB  Unknown               Unknown  Unknown
libpthread-2.28.s  000014CF26946990  Unknown               Unknown  Unknown
littleharsh        00000000004F5ABA  fou3d_mod_mp_nonl        1553  FOU3D.f90
littleharsh        00000000004CD6D0  fou3d_mod_mp_ops_        1354  FOU3D.f90
littleharsh        000000000047D7CE  fou3d_mod_mp_nonl         236  FOU3D.f90
littleharsh        000000000063D7F2  MAIN__                    168  littleharsh.f90
littleharsh        0000000000403922  Unknown               Unknown  Unknown
libc-2.28.so       000014CF260117E5  __libc_start_main     Unknown  Unknown
littleharsh        000000000040382E  Unknown               Unknown  Unknown
forrtl: error (78): process killed (SIGTERM)
Image              PC                Routine            Line        Source             
littleharsh        00000000006494FB  Unknown               Unknown  Unknown
libpthread-2.28.s  0000147AC1AAF990  Unknown               Unknown  Unknown
littleharsh        00000000004F5A2D  fou3d_mod_mp_nonl        1553  FOU3D.f90
littleharsh        00000000004EB909  fou3d_mod_mp_ops_        1471  FOU3D.f90
littleharsh        000000000047D7CE  fou3d_mod_mp_nonl         236  FOU3D.f90
littleharsh        000000000063D7F2  MAIN__                    168  littleharsh.f90
littleharsh        0000000000403922  Unknown               Unknown  Unknown
libc-2.28.so       0000147AC117A7E5  __libc_start_main     Unknown  Unknown
littleharsh        000000000040382E  Unknown               Unknown  Unknown
forrtl: error (78): process killed (SIGTERM)
Image              PC                Routine            Line        Source             
littleharsh        00000000006494FB  Unknown               Unknown  Unknown
libpthread-2.28.s  0000153840CBB990  Unknown               Unknown  Unknown
littleharsh        00000000004F1DBE  fou3d_mod_mp_nonl        1545  FOU3D.f90
littleharsh        00000000004CAC9C  fou3d_mod_mp_ops_        1352  FOU3D.f90
littleharsh        000000000047D7CE  fou3d_mod_mp_nonl         236  FOU3D.f90
littleharsh        000000000063D7F2  MAIN__                    168  littleharsh.f90
littleharsh        0000000000403922  Unknown               Unknown  Unknown
libc-2.28.so       00001538403867E5  __libc_start_main     Unknown  Unknown
littleharsh        000000000040382E  Unknown               Unknown  Unknown
forrtl: error (78): process killed (SIGTERM)
Image              PC                Routine            Line        Source             
littleharsh        00000000006494FB  Unknown               Unknown  Unknown
libpthread-2.28.s  000014AE6C825990  Unknown               Unknown  Unknown
littleharsh        00000000004F3797  fou3d_mod_mp_nonl        1547  FOU3D.f90
littleharsh        00000000004E901D  fou3d_mod_mp_ops_        1469  FOU3D.f90
littleharsh        000000000047D7CE  fou3d_mod_mp_nonl         236  FOU3D.f90
littleharsh        000000000063D7F2  MAIN__                    168  littleharsh.f90
littleharsh        0000000000403922  Unknown               Unknown  Unknown
libc-2.28.so       000014AE6BEF07E5  __libc_start_main     Unknown  Unknown
littleharsh        000000000040382E  Unknown               Unknown  Unknown
forrtl: error (78): process killed (SIGTERM)
Image              PC                Routine            Line        Source             
littleharsh        00000000006494FB  Unknown               Unknown  Unknown
libpthread-2.28.s  000014B016BFA990  Unknown               Unknown  Unknown
littleharsh        00000000004F493D  fou3d_mod_mp_nonl        1552  FOU3D.f90
littleharsh        00000000004CD6D0  fou3d_mod_mp_ops_        1354  FOU3D.f90
littleharsh        000000000047D7CE  fou3d_mod_mp_nonl         236  FOU3D.f90
littleharsh        000000000063D7F2  MAIN__                    168  littleharsh.f90
littleharsh        0000000000403922  Unknown               Unknown  Unknown
libc-2.28.so       000014B0162C57E5  __libc_start_main     Unknown  Unknown
littleharsh        000000000040382E  Unknown               Unknown  Unknown
forrtl: error (78): process killed (SIGTERM)
Image              PC                Routine            Line        Source             
littleharsh        00000000006494FB  Unknown               Unknown  Unknown
libpthread-2.28.s  000014DE2B0CF990  Unknown               Unknown  Unknown
littleharsh        00000000004F5AF4  fou3d_mod_mp_nonl        1553  FOU3D.f90
littleharsh        00000000004CC1B6  fou3d_mod_mp_ops_        1353  FOU3D.f90
littleharsh        000000000047D7CE  fou3d_mod_mp_nonl         236  FOU3D.f90
littleharsh        000000000063D7F2  MAIN__                    168  littleharsh.f90
littleharsh        0000000000403922  Unknown               Unknown  Unknown
libc-2.28.so       000014DE2A79A7E5  __libc_start_main     Unknown  Unknown
littleharsh        000000000040382E  Unknown               Unknown  Unknown
forrtl: error (78): process killed (SIGTERM)
Image              PC                Routine            Line        Source             
littleharsh        00000000006494FB  Unknown               Unknown  Unknown
libpthread-2.28.s  000014EBF597A990  Unknown               Unknown  Unknown
littleharsh        00000000004F5AB2  fou3d_mod_mp_nonl        1553  FOU3D.f90
littleharsh        00000000004C9782  fou3d_mod_mp_ops_        1351  FOU3D.f90
littleharsh        000000000047D7CE  fou3d_mod_mp_nonl         236  FOU3D.f90
littleharsh        000000000063D7F2  MAIN__                    168  littleharsh.f90
littleharsh        0000000000403922  Unknown               Unknown  Unknown
libc-2.28.so       000014EBF50457E5  __libc_start_main     Unknown  Unknown
littleharsh        000000000040382E  Unknown               Unknown  Unknown
forrtl: error (78): process killed (SIGTERM)
Image              PC                Routine            Line        Source             
littleharsh        00000000006494FB  Unknown               Unknown  Unknown
libpthread-2.28.s  0000147456092990  Unknown               Unknown  Unknown
littleharsh        00000000004F4963  fou3d_mod_mp_nonl        1552  FOU3D.f90
littleharsh        00000000004CAC9C  fou3d_mod_mp_ops_        1352  FOU3D.f90
littleharsh        000000000047D7CE  fou3d_mod_mp_nonl         236  FOU3D.f90
littleharsh        000000000063D7F2  MAIN__                    168  littleharsh.f90
littleharsh        0000000000403922  Unknown               Unknown  Unknown
libc-2.28.so       000014745575D7E5  __libc_start_main     Unknown  Unknown
littleharsh        000000000040382E  Unknown               Unknown  Unknown
forrtl: error (78): process killed (SIGTERM)
Image              PC                Routine            Line        Source             
littleharsh        00000000006494FB  Unknown               Unknown  Unknown
libpthread-2.28.s  0000151FA0759990  Unknown               Unknown  Unknown
littleharsh        00000000004F5AB2  fou3d_mod_mp_nonl        1553  FOU3D.f90
littleharsh        00000000004E7BA7  fou3d_mod_mp_ops_        1468  FOU3D.f90
littleharsh        000000000047D7CE  fou3d_mod_mp_nonl         236  FOU3D.f90
littleharsh        000000000063D7F2  MAIN__                    168  littleharsh.f90
littleharsh        0000000000403922  Unknown               Unknown  Unknown
libc-2.28.so       0000151F9FE247E5  __libc_start_main     Unknown  Unknown
littleharsh        000000000040382E  Unknown               Unknown  Unknown
forrtl: error (78): process killed (SIGTERM)
Image              PC                Routine            Line        Source             
littleharsh        00000000006494FB  Unknown               Unknown  Unknown
libpthread-2.28.s  000014A51233B990  Unknown               Unknown  Unknown
littleharsh        00000000004F4054  fou3d_mod_mp_nonl        1552  FOU3D.f90
littleharsh        00000000004C8268  fou3d_mod_mp_ops_        1350  FOU3D.f90
littleharsh        000000000047D7CE  fou3d_mod_mp_nonl         236  FOU3D.f90
littleharsh        000000000063D7F2  MAIN__                    168  littleharsh.f90
littleharsh        0000000000403922  Unknown               Unknown  Unknown
libc-2.28.so       000014A511A067E5  __libc_start_main     Unknown  Unknown
littleharsh        000000000040382E  Unknown               Unknown  Unknown
forrtl: error (78): process killed (SIGTERM)
Image              PC                Routine            Line        Source             
littleharsh        00000000006494FB  Unknown               Unknown  Unknown
libpthread-2.28.s  000014DC51A73990  Unknown               Unknown  Unknown
littleharsh        00000000004F2754  fou3d_mod_mp_nonl        1546  FOU3D.f90
littleharsh        00000000004E7BA7  fou3d_mod_mp_ops_        1468  FOU3D.f90
littleharsh        000000000047D7CE  fou3d_mod_mp_nonl         236  FOU3D.f90
littleharsh        000000000063D7F2  MAIN__                    168  littleharsh.f90
littleharsh        0000000000403922  Unknown               Unknown  Unknown
libc-2.28.so       000014DC5113E7E5  __libc_start_main     Unknown  Unknown
littleharsh        000000000040382E  Unknown               Unknown  Unknown
forrtl: error (78): process killed (SIGTERM)
Image              PC                Routine            Line        Source             
littleharsh        00000000006494FB  Unknown               Unknown  Unknown
libpthread-2.28.s  00001537F7A0E990  Unknown               Unknown  Unknown
littleharsh        00000000004F497D  fou3d_mod_mp_nonl        1552  FOU3D.f90
littleharsh        00000000004CD6D0  fou3d_mod_mp_ops_        1354  FOU3D.f90
littleharsh        000000000047D7CE  fou3d_mod_mp_nonl         236  FOU3D.f90
littleharsh        000000000063D7F2  MAIN__                    168  littleharsh.f90
littleharsh        0000000000403922  Unknown               Unknown  Unknown
libc-2.28.so       00001537F70D97E5  __libc_start_main     Unknown  Unknown
littleharsh        000000000040382E  Unknown               Unknown  Unknown
forrtl: error (78): process killed (SIGTERM)
Image              PC                Routine            Line        Source             
littleharsh        00000000006494FB  Unknown               Unknown  Unknown
libpthread-2.28.s  0000153E5702B990  Unknown               Unknown  Unknown
littleharsh        00000000004F3457  fou3d_mod_mp_nonl        1547  FOU3D.f90
littleharsh        00000000004E901D  fou3d_mod_mp_ops_        1469  FOU3D.f90
littleharsh        000000000047D7CE  fou3d_mod_mp_nonl         236  FOU3D.f90
littleharsh        000000000063D7F2  MAIN__                    168  littleharsh.f90
littleharsh        0000000000403922  Unknown               Unknown  Unknown
libc-2.28.so       0000153E566F67E5  __libc_start_main     Unknown  Unknown
littleharsh        000000000040382E  Unknown               Unknown  Unknown
forrtl: error (78): process killed (SIGTERM)
Image              PC                Routine            Line        Source             
littleharsh        00000000006494FB  Unknown               Unknown  Unknown
libpthread-2.28.s  000014A431846990  Unknown               Unknown  Unknown
littleharsh        00000000004F591A  fou3d_mod_mp_nonl        1553  FOU3D.f90
littleharsh        00000000004E7BA7  fou3d_mod_mp_ops_        1468  FOU3D.f90
littleharsh        000000000047D7CE  fou3d_mod_mp_nonl         236  FOU3D.f90
littleharsh        000000000063D7F2  MAIN__                    168  littleharsh.f90
littleharsh        0000000000403922  Unknown               Unknown  Unknown
libc-2.28.so       000014A430F117E5  __libc_start_main     Unknown  Unknown
littleharsh        000000000040382E  Unknown               Unknown  Unknown
forrtl: error (78): process killed (SIGTERM)
Image              PC                Routine            Line        Source             
littleharsh        00000000006494FB  Unknown               Unknown  Unknown
libpthread-2.28.s  000014A9C36CF990  Unknown               Unknown  Unknown
littleharsh        00000000004F25E6  fou3d_mod_mp_nonl        1546  FOU3D.f90
littleharsh        00000000004CC1B6  fou3d_mod_mp_ops_        1353  FOU3D.f90
littleharsh        000000000047D7CE  fou3d_mod_mp_nonl         236  FOU3D.f90
littleharsh        000000000063D7F2  MAIN__                    168  littleharsh.f90
littleharsh        0000000000403922  Unknown               Unknown  Unknown
libc-2.28.so       000014A9C2D9A7E5  __libc_start_main     Unknown  Unknown
littleharsh        000000000040382E  Unknown               Unknown  Unknown
forrtl: error (78): process killed (SIGTERM)
Image              PC                Routine            Line        Source             
littleharsh        00000000006494FB  Unknown               Unknown  Unknown
libpthread-2.28.s  000014ED33B78990  Unknown               Unknown  Unknown
littleharsh        00000000004F3797  fou3d_mod_mp_nonl        1547  FOU3D.f90
littleharsh        00000000004E901D  fou3d_mod_mp_ops_        1469  FOU3D.f90
littleharsh        000000000047D7CE  fou3d_mod_mp_nonl         236  FOU3D.f90
littleharsh        000000000063D7F2  MAIN__                    168  littleharsh.f90
littleharsh        0000000000403922  Unknown               Unknown  Unknown
libc-2.28.so       000014ED332437E5  __libc_start_main     Unknown  Unknown
littleharsh        000000000040382E  Unknown               Unknown  Unknown
forrtl: error (78): process killed (SIGTERM)
Image              PC                Routine            Line        Source             
littleharsh        00000000006494FB  Unknown               Unknown  Unknown
libpthread-2.28.s  000014EDF3BB4990  Unknown               Unknown  Unknown
littleharsh        00000000004F1979  fou3d_mod_mp_nonl        1545  FOU3D.f90
littleharsh        00000000004E901D  fou3d_mod_mp_ops_        1469  FOU3D.f90
littleharsh        000000000047D7CE  fou3d_mod_mp_nonl         236  FOU3D.f90
littleharsh        000000000063D7F2  MAIN__                    168  littleharsh.f90
littleharsh        0000000000403922  Unknown               Unknown  Unknown
libc-2.28.so       000014EDF327F7E5  __libc_start_main     Unknown  Unknown
littleharsh        000000000040382E  Unknown               Unknown  Unknown
forrtl: error (78): process killed (SIGTERM)
Image              PC                Routine            Line        Source             
littleharsh        00000000006494FB  Unknown               Unknown  Unknown
libpthread-2.28.s  0000150CEBBE8990  Unknown               Unknown  Unknown
littleharsh        00000000004F1FAA  fou3d_mod_mp_nonl        1545  FOU3D.f90
littleharsh        00000000004CAC9C  fou3d_mod_mp_ops_        1352  FOU3D.f90
littleharsh        000000000047D7CE  fou3d_mod_mp_nonl         236  FOU3D.f90
littleharsh        000000000063D7F2  MAIN__                    168  littleharsh.f90
littleharsh        0000000000403922  Unknown               Unknown  Unknown
libc-2.28.so       0000150CEB2B37E5  __libc_start_main     Unknown  Unknown
littleharsh        000000000040382E  Unknown               Unknown  Unknown
forrtl: error (78): process killed (SIGTERM)
Image              PC                Routine            Line        Source             
littleharsh        00000000006494FB  Unknown               Unknown  Unknown
libpthread-2.28.s  00001506649CB990  Unknown               Unknown  Unknown
littleharsh        00000000004F3782  fou3d_mod_mp_nonl        1547  FOU3D.f90
littleharsh        00000000004CD6D0  fou3d_mod_mp_ops_        1354  FOU3D.f90
littleharsh        000000000047D7CE  fou3d_mod_mp_nonl         236  FOU3D.f90
littleharsh        000000000063D7F2  MAIN__                    168  littleharsh.f90
littleharsh        0000000000403922  Unknown               Unknown  Unknown
libc-2.28.so       00001506640967E5  __libc_start_main     Unknown  Unknown
littleharsh        000000000040382E  Unknown               Unknown  Unknown
forrtl: error (78): process killed (SIGTERM)
Image              PC                Routine            Line        Source             
littleharsh        00000000006494FB  Unknown               Unknown  Unknown
libpthread-2.28.s  0000145B24040990  Unknown               Unknown  Unknown
littleharsh        00000000004F22E2  fou3d_mod_mp_nonl        1546  FOU3D.f90
littleharsh        00000000004CD6D0  fou3d_mod_mp_ops_        1354  FOU3D.f90
littleharsh        000000000047D7CE  fou3d_mod_mp_nonl         236  FOU3D.f90
littleharsh        000000000063D7F2  MAIN__                    168  littleharsh.f90
littleharsh        0000000000403922  Unknown               Unknown  Unknown
libc-2.28.so       0000145B2370B7E5  __libc_start_main     Unknown  Unknown
littleharsh        000000000040382E  Unknown               Unknown  Unknown
forrtl: error (78): process killed (SIGTERM)
Image              PC                Routine            Line        Source             
littleharsh        00000000006494FB  Unknown               Unknown  Unknown
libpthread-2.28.s  000015537AF31990  Unknown               Unknown  Unknown
littleharsh        00000000004E63AE  fou3d_mod_mp_ops_        1464  FOU3D.f90
littleharsh        000000000047D7CE  fou3d_mod_mp_nonl         236  FOU3D.f90
littleharsh        000000000063D7F2  MAIN__                    168  littleharsh.f90
littleharsh        0000000000403922  Unknown               Unknown  Unknown
libc-2.28.so       000015537A5FC7E5  __libc_start_main     Unknown  Unknown
littleharsh        000000000040382E  Unknown               Unknown  Unknown
forrtl: error (78): process killed (SIGTERM)
Image              PC                Routine            Line        Source             
littleharsh        00000000006494FB  Unknown               Unknown  Unknown
libpthread-2.28.s  0000148EB87F8990  Unknown               Unknown  Unknown
littleharsh        00000000004F291E  fou3d_mod_mp_nonl        1546  FOU3D.f90
littleharsh        00000000004EA493  fou3d_mod_mp_ops_        1470  FOU3D.f90
littleharsh        000000000047D7CE  fou3d_mod_mp_nonl         236  FOU3D.f90
littleharsh        000000000063D7F2  MAIN__                    168  littleharsh.f90
littleharsh        0000000000403922  Unknown               Unknown  Unknown
libc-2.28.so       0000148EB7EC37E5  __libc_start_main     Unknown  Unknown
littleharsh        000000000040382E  Unknown               Unknown  Unknown
forrtl: error (78): process killed (SIGTERM)
Image              PC                Routine            Line        Source             
littleharsh        00000000006494FB  Unknown               Unknown  Unknown
libpthread-2.28.s  0000147AEB6ED990  Unknown               Unknown  Unknown
littleharsh        00000000004F3262  fou3d_mod_mp_nonl        1547  FOU3D.f90
littleharsh        00000000004C8268  fou3d_mod_mp_ops_        1350  FOU3D.f90
littleharsh        000000000047D7CE  fou3d_mod_mp_nonl         236  FOU3D.f90
littleharsh        000000000063D7F2  MAIN__                    168  littleharsh.f90
littleharsh        0000000000403922  Unknown               Unknown  Unknown
libc-2.28.so       0000147AEADB87E5  __libc_start_main     Unknown  Unknown
littleharsh        000000000040382E  Unknown               Unknown  Unknown
forrtl: error (78): process killed (SIGTERM)
Image              PC                Routine            Line        Source             
littleharsh        00000000006494FB  Unknown               Unknown  Unknown
libpthread-2.28.s  000014EEC5D10990  Unknown               Unknown  Unknown
littleharsh        00000000004F4876  fou3d_mod_mp_nonl        1552  FOU3D.f90
littleharsh        00000000004EB909  fou3d_mod_mp_ops_        1471  FOU3D.f90
littleharsh        000000000047D7CE  fou3d_mod_mp_nonl         236  FOU3D.f90
littleharsh        000000000063D7F2  MAIN__                    168  littleharsh.f90
littleharsh        0000000000403922  Unknown               Unknown  Unknown
libc-2.28.so       000014EEC53DB7E5  __libc_start_main     Unknown  Unknown
littleharsh        000000000040382E  Unknown               Unknown  Unknown
forrtl: error (78): process killed (SIGTERM)
Image              PC                Routine            Line        Source             
littleharsh        00000000006494FB  Unknown               Unknown  Unknown
libpthread-2.28.s  000015092F65C990  Unknown               Unknown  Unknown
littleharsh        00000000004F21F7  fou3d_mod_mp_nonl        1545  FOU3D.f90
littleharsh        00000000004CAC9C  fou3d_mod_mp_ops_        1352  FOU3D.f90
littleharsh        000000000047D7CE  fou3d_mod_mp_nonl         236  FOU3D.f90
littleharsh        000000000063D7F2  MAIN__                    168  littleharsh.f90
littleharsh        0000000000403922  Unknown               Unknown  Unknown
libc-2.28.so       000015092ED277E5  __libc_start_main     Unknown  Unknown
littleharsh        000000000040382E  Unknown               Unknown  Unknown
forrtl: error (78): process killed (SIGTERM)
Image              PC                Routine            Line        Source             
littleharsh        00000000006494FB  Unknown               Unknown  Unknown
libpthread-2.28.s  0000153A5A40E990  Unknown               Unknown  Unknown
littleharsh        00000000004F486A  fou3d_mod_mp_nonl        1552  FOU3D.f90
littleharsh        00000000004E7BA7  fou3d_mod_mp_ops_        1468  FOU3D.f90
littleharsh        000000000047D7CE  fou3d_mod_mp_nonl         236  FOU3D.f90
littleharsh        000000000063D7F2  MAIN__                    168  littleharsh.f90
littleharsh        0000000000403922  Unknown               Unknown  Unknown
libc-2.28.so       0000153A59AD97E5  __libc_start_main     Unknown  Unknown
littleharsh        000000000040382E  Unknown               Unknown  Unknown
forrtl: error (78): process killed (SIGTERM)
Image              PC                Routine            Line        Source             
littleharsh        00000000006494FB  Unknown               Unknown  Unknown
libpthread-2.28.s  000014B6537E8990  Unknown               Unknown  Unknown
littleharsh        00000000004F0C2E  fou3d_mod_mp_nonl        1538  FOU3D.f90
littleharsh        00000000004C8268  fou3d_mod_mp_ops_        1350  FOU3D.f90
littleharsh        000000000047D7CE  fou3d_mod_mp_nonl         236  FOU3D.f90
littleharsh        000000000063D7F2  MAIN__                    168  littleharsh.f90
littleharsh        0000000000403922  Unknown               Unknown  Unknown
libc-2.28.so       000014B652EB37E5  __libc_start_main     Unknown  Unknown
littleharsh        000000000040382E  Unknown               Unknown  Unknown
forrtl: error (78): process killed (SIGTERM)
Image              PC                Routine            Line        Source             
littleharsh        00000000006494FB  Unknown               Unknown  Unknown
libpthread-2.28.s  000014C7392CF990  Unknown               Unknown  Unknown
littleharsh        00000000004F3722  fou3d_mod_mp_nonl        1547  FOU3D.f90
littleharsh        00000000004E901D  fou3d_mod_mp_ops_        1469  FOU3D.f90
littleharsh        000000000047D7CE  fou3d_mod_mp_nonl         236  FOU3D.f90
littleharsh        000000000063D7F2  MAIN__                    168  littleharsh.f90
littleharsh        0000000000403922  Unknown               Unknown  Unknown
libc-2.28.so       000014C73899A7E5  __libc_start_main     Unknown  Unknown
littleharsh        000000000040382E  Unknown               Unknown  Unknown
forrtl: error (78): process killed (SIGTERM)
Image              PC                Routine            Line        Source             
littleharsh        00000000006494FB  Unknown               Unknown  Unknown
libpthread-2.28.s  0000150190D5F990  Unknown               Unknown  Unknown
littleharsh        00000000004F3457  fou3d_mod_mp_nonl        1547  FOU3D.f90
littleharsh        00000000004EA493  fou3d_mod_mp_ops_        1470  FOU3D.f90
littleharsh        000000000047D7CE  fou3d_mod_mp_nonl         236  FOU3D.f90
littleharsh        000000000063D7F2  MAIN__                    168  littleharsh.f90
littleharsh        0000000000403922  Unknown               Unknown  Unknown
libc-2.28.so       000015019042A7E5  __libc_start_main     Unknown  Unknown
littleharsh        000000000040382E  Unknown               Unknown  Unknown
forrtl: error (78): process killed (SIGTERM)
Image              PC                Routine            Line        Source             
littleharsh        00000000006494FB  Unknown               Unknown  Unknown
libpthread-2.28.s  0000151756F00990  Unknown               Unknown  Unknown
littleharsh        00000000004F3212  fou3d_mod_mp_nonl        1547  FOU3D.f90
littleharsh        00000000004CC1B6  fou3d_mod_mp_ops_        1353  FOU3D.f90
littleharsh        000000000047D7CE  fou3d_mod_mp_nonl         236  FOU3D.f90
littleharsh        000000000063D7F2  MAIN__                    168  littleharsh.f90
littleharsh        0000000000403922  Unknown               Unknown  Unknown
libc-2.28.so       00001517565CB7E5  __libc_start_main     Unknown  Unknown
littleharsh        000000000040382E  Unknown               Unknown  Unknown
forrtl: error (78): process killed (SIGTERM)
Image              PC                Routine            Line        Source             
littleharsh        00000000006494FB  Unknown               Unknown  Unknown
libpthread-2.28.s  000014DAF38C2990  Unknown               Unknown  Unknown
littleharsh        00000000004F3434  fou3d_mod_mp_nonl        1547  FOU3D.f90
littleharsh        00000000004CAC9C  fou3d_mod_mp_ops_        1352  FOU3D.f90
littleharsh        000000000047D7CE  fou3d_mod_mp_nonl         236  FOU3D.f90
littleharsh        000000000063D7F2  MAIN__                    168  littleharsh.f90
littleharsh        0000000000403922  Unknown               Unknown  Unknown
libc-2.28.so       000014DAF2F8D7E5  __libc_start_main     Unknown  Unknown
littleharsh        000000000040382E  Unknown               Unknown  Unknown
forrtl: error (78): process killed (SIGTERM)
Image              PC                Routine            Line        Source             
littleharsh        00000000006494FB  Unknown               Unknown  Unknown
libpthread-2.28.s  00001492B1AC0990  Unknown               Unknown  Unknown
libmpi.so.12.0.0   00001492B212DE4D  Unknown               Unknown  Unknown
libmpi.so.12.0.0   00001492B2122BD4  Unknown               Unknown  Unknown
libmpi.so.12.0.0   00001492B2085984  Unknown               Unknown  Unknown
libmpi.so.12.0.0   00001492B205BBE9  Unknown               Unknown  Unknown
libmpi.so.12.0.0   00001492B203B780  Unknown               Unknown  Unknown
libmpi.so.12.0.0   00001492B213D495  Unknown               Unknown  Unknown
libmpi.so.12.0.0   00001492B201A444  MPI_Barrier           Unknown  Unknown
libmpifort.so.12.  00001492B37FC27C  PMPI_BARRIER          Unknown  Unknown
littleharsh        000000000047D7E7  fou3d_mod_mp_nonl         238  FOU3D.f90
littleharsh        000000000063D7F2  MAIN__                    168  littleharsh.f90
littleharsh        0000000000403922  Unknown               Unknown  Unknown
libc-2.28.so       00001492B118B7E5  __libc_start_main     Unknown  Unknown
littleharsh        000000000040382E  Unknown               Unknown  Unknown
forrtl: error (78): process killed (SIGTERM)
Image              PC                Routine            Line        Source             
littleharsh        00000000006494FB  Unknown               Unknown  Unknown
libpthread-2.28.s  00001458C838D990  Unknown               Unknown  Unknown
libmpi.so.12.0.0   00001458C89FBCBD  Unknown               Unknown  Unknown
libmpi.so.12.0.0   00001458C89EFB67  Unknown               Unknown  Unknown
libmpi.so.12.0.0   00001458C8952B23  Unknown               Unknown  Unknown
libmpi.so.12.0.0   00001458C8928BE9  Unknown               Unknown  Unknown
libmpi.so.12.0.0   00001458C8908780  Unknown               Unknown  Unknown
libmpi.so.12.0.0   00001458C8A0A495  Unknown               Unknown  Unknown
libmpi.so.12.0.0   00001458C88E7444  MPI_Barrier           Unknown  Unknown
libmpifort.so.12.  00001458CA0C927C  PMPI_BARRIER          Unknown  Unknown
littleharsh        000000000047D7E7  fou3d_mod_mp_nonl         238  FOU3D.f90
littleharsh        000000000063D7F2  MAIN__                    168  littleharsh.f90
littleharsh        0000000000403922  Unknown               Unknown  Unknown
libc-2.28.so       00001458C7A587E5  __libc_start_main     Unknown  Unknown
littleharsh        000000000040382E  Unknown               Unknown  Unknown
forrtl: error (78): process killed (SIGTERM)
Image              PC                Routine            Line        Source             
littleharsh        00000000006494FB  Unknown               Unknown  Unknown
libpthread-2.28.s  00001523192D1990  Unknown               Unknown  Unknown
libmpi.so.12.0.0   000015231993FC07  Unknown               Unknown  Unknown
libmpi.so.12.0.0   0000152319933B67  Unknown               Unknown  Unknown
libmpi.so.12.0.0   0000152319896B23  Unknown               Unknown  Unknown
libmpi.so.12.0.0   000015231986CBE9  Unknown               Unknown  Unknown
libmpi.so.12.0.0   000015231984C780  Unknown               Unknown  Unknown
libmpi.so.12.0.0   000015231994E495  Unknown               Unknown  Unknown
libmpi.so.12.0.0   000015231982B444  MPI_Barrier           Unknown  Unknown
libmpifort.so.12.  000015231B00D27C  PMPI_BARRIER          Unknown  Unknown
littleharsh        000000000047D7E7  fou3d_mod_mp_nonl         238  FOU3D.f90
littleharsh        000000000063D7F2  MAIN__                    168  littleharsh.f90
littleharsh        0000000000403922  Unknown               Unknown  Unknown
libc-2.28.so       000015231899C7E5  __libc_start_main     Unknown  Unknown
littleharsh        000000000040382E  Unknown               Unknown  Unknown
forrtl: error (78): process killed (SIGTERM)
Image              PC                Routine            Line        Source             
littleharsh        00000000006494FB  Unknown               Unknown  Unknown
libpthread-2.28.s  0000151F84755990  Unknown               Unknown  Unknown
libmpi.so.12.0.0   0000151F84DC3CBD  Unknown               Unknown  Unknown
libmpi.so.12.0.0   0000151F84DB7B67  Unknown               Unknown  Unknown
libmpi.so.12.0.0   0000151F84D1AB23  Unknown               Unknown  Unknown
libmpi.so.12.0.0   0000151F84CF0BE9  Unknown               Unknown  Unknown
libmpi.so.12.0.0   0000151F84CD0780  Unknown               Unknown  Unknown
libmpi.so.12.0.0   0000151F84DD2495  Unknown               Unknown  Unknown
libmpi.so.12.0.0   0000151F84CAF444  MPI_Barrier           Unknown  Unknown
libmpifort.so.12.  0000151F8649127C  PMPI_BARRIER          Unknown  Unknown
littleharsh        000000000047D7E7  fou3d_mod_mp_nonl         238  FOU3D.f90
littleharsh        000000000063D7F2  MAIN__                    168  littleharsh.f90
littleharsh        0000000000403922  Unknown               Unknown  Unknown
libc-2.28.so       0000151F83E207E5  __libc_start_main     Unknown  Unknown
littleharsh        000000000040382E  Unknown               Unknown  Unknown
forrtl: error (78): process killed (SIGTERM)
Image              PC                Routine            Line        Source             
littleharsh        00000000006494FB  Unknown               Unknown  Unknown
libpthread-2.28.s  00001491CACBD990  Unknown               Unknown  Unknown
libmpi.so.12.0.0   00001491CB32BCBD  Unknown               Unknown  Unknown
libmpi.so.12.0.0   00001491CB31FB67  Unknown               Unknown  Unknown
libmpi.so.12.0.0   00001491CB282B23  Unknown               Unknown  Unknown
libmpi.so.12.0.0   00001491CB258BE9  Unknown               Unknown  Unknown
libmpi.so.12.0.0   00001491CB238780  Unknown               Unknown  Unknown
libmpi.so.12.0.0   00001491CB33A495  Unknown               Unknown  Unknown
libmpi.so.12.0.0   00001491CB217444  MPI_Barrier           Unknown  Unknown
libmpifort.so.12.  00001491CC9F927C  PMPI_BARRIER          Unknown  Unknown
littleharsh        000000000047D7E7  fou3d_mod_mp_nonl         238  FOU3D.f90
littleharsh        000000000063D7F2  MAIN__                    168  littleharsh.f90
littleharsh        0000000000403922  Unknown               Unknown  Unknown
libc-2.28.so       00001491CA3887E5  __libc_start_main     Unknown  Unknown
littleharsh        000000000040382E  Unknown               Unknown  Unknown
forrtl: error (78): process killed (SIGTERM)
Image              PC                Routine            Line        Source             
littleharsh        00000000006494FB  Unknown               Unknown  Unknown
libpthread-2.28.s  000014A736B3D990  Unknown               Unknown  Unknown
libmpi.so.12.0.0   000014A7371ABCBD  Unknown               Unknown  Unknown
libmpi.so.12.0.0   000014A73719FB67  Unknown               Unknown  Unknown
libmpi.so.12.0.0   000014A737102B23  Unknown               Unknown  Unknown
libmpi.so.12.0.0   000014A7370D8BE9  Unknown               Unknown  Unknown
libmpi.so.12.0.0   000014A7370B8780  Unknown               Unknown  Unknown
libmpi.so.12.0.0   000014A7371BA495  Unknown               Unknown  Unknown
libmpi.so.12.0.0   000014A737097444  MPI_Barrier           Unknown  Unknown
libmpifort.so.12.  000014A73887927C  PMPI_BARRIER          Unknown  Unknown
littleharsh        000000000047D7E7  fou3d_mod_mp_nonl         238  FOU3D.f90
littleharsh        000000000063D7F2  MAIN__                    168  littleharsh.f90
littleharsh        0000000000403922  Unknown               Unknown  Unknown
libc-2.28.so       000014A7362087E5  __libc_start_main     Unknown  Unknown
littleharsh        000000000040382E  Unknown               Unknown  Unknown
forrtl: error (78): process killed (SIGTERM)
Image              PC                Routine            Line        Source             
littleharsh        00000000006494FB  Unknown               Unknown  Unknown
libpthread-2.28.s  000015307990B990  Unknown               Unknown  Unknown
libmpi.so.12.0.0   0000153079F79CBD  Unknown               Unknown  Unknown
libmpi.so.12.0.0   0000153079F6DB67  Unknown               Unknown  Unknown
libmpi.so.12.0.0   0000153079ED0B23  Unknown               Unknown  Unknown
libmpi.so.12.0.0   0000153079EA6BE9  Unknown               Unknown  Unknown
libmpi.so.12.0.0   0000153079E86780  Unknown               Unknown  Unknown
libmpi.so.12.0.0   0000153079F88495  Unknown               Unknown  Unknown
libmpi.so.12.0.0   0000153079E65444  MPI_Barrier           Unknown  Unknown
libmpifort.so.12.  000015307B64727C  PMPI_BARRIER          Unknown  Unknown
littleharsh        000000000047D7E7  fou3d_mod_mp_nonl         238  FOU3D.f90
littleharsh        000000000063D7F2  MAIN__                    168  littleharsh.f90
littleharsh        0000000000403922  Unknown               Unknown  Unknown
libc-2.28.so       0000153078FD67E5  __libc_start_main     Unknown  Unknown
littleharsh        000000000040382E  Unknown               Unknown  Unknown
forrtl: error (78): process killed (SIGTERM)
Image              PC                Routine            Line        Source             
littleharsh        00000000006494FB  Unknown               Unknown  Unknown
libpthread-2.28.s  000014B140423990  Unknown               Unknown  Unknown
libmpi.so.12.0.0   000014B140A91CBD  Unknown               Unknown  Unknown
libmpi.so.12.0.0   000014B140A85B67  Unknown               Unknown  Unknown
libmpi.so.12.0.0   000014B1409E8B23  Unknown               Unknown  Unknown
libmpi.so.12.0.0   000014B1409BEBE9  Unknown               Unknown  Unknown
libmpi.so.12.0.0   000014B14099E780  Unknown               Unknown  Unknown
libmpi.so.12.0.0   000014B140AA0495  Unknown               Unknown  Unknown
libmpi.so.12.0.0   000014B14097D444  MPI_Barrier           Unknown  Unknown
libmpifort.so.12.  000014B14215F27C  PMPI_BARRIER          Unknown  Unknown
littleharsh        000000000047D7E7  fou3d_mod_mp_nonl         238  FOU3D.f90
littleharsh        000000000063D7F2  MAIN__                    168  littleharsh.f90
littleharsh        0000000000403922  Unknown               Unknown  Unknown
libc-2.28.so       000014B13FAEE7E5  __libc_start_main     Unknown  Unknown
littleharsh        000000000040382E  Unknown               Unknown  Unknown
